{"/Users/runner/work/1/s/out/src/extension.js":{"path":"/Users/runner/work/1/s/out/src/extension.js","s":{"1":1,"2":1,"3":2,"4":0,"5":15,"6":1,"7":2,"8":2,"9":0,"10":1,"11":0,"12":0,"13":0,"14":1,"15":17,"16":15,"17":1,"18":1,"19":1,"20":1,"21":1,"22":1,"23":1,"24":1,"25":1,"26":1,"27":1,"28":1,"29":1,"30":1,"31":1,"32":1,"33":1,"34":1,"35":1,"36":1,"37":1,"38":1,"39":0,"40":1,"41":0,"42":1,"43":1,"44":0,"45":0,"46":0,"47":0,"48":0,"49":0,"50":0,"51":0,"52":0,"53":0,"54":0,"55":0,"56":0,"57":0,"58":0,"59":0,"60":0,"61":0,"62":0,"63":0,"64":0,"65":1,"66":1,"67":1,"68":1,"69":1,"70":1,"71":1,"72":1,"73":13,"74":13,"75":0,"76":0,"77":13,"78":1},"b":{"1":[1,1,1],"2":[2,0],"3":[15,15],"4":[15,2],"5":[15,15],"6":[0,1],"7":[0,0],"8":[0,0],"9":[0,0],"10":[1,0],"11":[0,13]},"f":{"1":15,"2":2,"3":0,"4":15,"5":2,"6":0,"7":17,"8":1,"9":1,"10":0,"11":0,"12":1,"13":1,"14":13,"15":13},"fnMap":{"1":{"name":"(anonymous_1)","line":6,"loc":{"start":{"line":6,"column":44},"end":{"line":6,"column":89}}},"2":{"name":"adopt","line":7,"loc":{"start":{"line":7,"column":4},"end":{"line":7,"column":26}}},"3":{"name":"(anonymous_3)","line":7,"loc":{"start":{"line":7,"column":70},"end":{"line":7,"column":89}}},"4":{"name":"(anonymous_4)","line":8,"loc":{"start":{"line":8,"column":36},"end":{"line":8,"column":63}}},"5":{"name":"fulfilled","line":9,"loc":{"start":{"line":9,"column":8},"end":{"line":9,"column":34}}},"6":{"name":"rejected","line":10,"loc":{"start":{"line":10,"column":8},"end":{"line":10,"column":33}}},"7":{"name":"step","line":11,"loc":{"start":{"line":11,"column":8},"end":{"line":11,"column":30}}},"8":{"name":"activate","line":29,"loc":{"start":{"line":29,"column":0},"end":{"line":29,"column":27}}},"9":{"name":"(anonymous_9)","line":30,"loc":{"start":{"line":30,"column":43},"end":{"line":30,"column":56}}},"10":{"name":"(anonymous_10)","line":48,"loc":{"start":{"line":48,"column":89},"end":{"line":48,"column":102}}},"11":{"name":"(anonymous_11)","line":88,"loc":{"start":{"line":88,"column":82},"end":{"line":88,"column":95}}},"12":{"name":"deactivate","line":96,"loc":{"start":{"line":96,"column":0},"end":{"line":96,"column":22}}},"13":{"name":"(anonymous_13)","line":97,"loc":{"start":{"line":97,"column":43},"end":{"line":97,"column":56}}},"14":{"name":"getController","line":108,"loc":{"start":{"line":108,"column":0},"end":{"line":108,"column":25}}},"15":{"name":"(anonymous_15)","line":109,"loc":{"start":{"line":109,"column":43},"end":{"line":109,"column":56}}}},"statementMap":{"1":{"start":{"line":6,"column":0},"end":{"line":14,"column":2}},"2":{"start":{"line":7,"column":4},"end":{"line":7,"column":112}},"3":{"start":{"line":7,"column":28},"end":{"line":7,"column":110}},"4":{"start":{"line":7,"column":91},"end":{"line":7,"column":106}},"5":{"start":{"line":8,"column":4},"end":{"line":13,"column":7}},"6":{"start":{"line":9,"column":8},"end":{"line":9,"column":99}},"7":{"start":{"line":9,"column":36},"end":{"line":9,"column":97}},"8":{"start":{"line":9,"column":42},"end":{"line":9,"column":70}},"9":{"start":{"line":9,"column":85},"end":{"line":9,"column":95}},"10":{"start":{"line":10,"column":8},"end":{"line":10,"column":102}},"11":{"start":{"line":10,"column":35},"end":{"line":10,"column":100}},"12":{"start":{"line":10,"column":41},"end":{"line":10,"column":73}},"13":{"start":{"line":10,"column":88},"end":{"line":10,"column":98}},"14":{"start":{"line":11,"column":8},"end":{"line":11,"column":118}},"15":{"start":{"line":11,"column":32},"end":{"line":11,"column":116}},"16":{"start":{"line":12,"column":8},"end":{"line":12,"column":78}},"17":{"start":{"line":15,"column":0},"end":{"line":15,"column":62}},"18":{"start":{"line":16,"column":0},"end":{"line":16,"column":71}},"19":{"start":{"line":17,"column":0},"end":{"line":17,"column":33}},"20":{"start":{"line":18,"column":0},"end":{"line":18,"column":51}},"21":{"start":{"line":19,"column":0},"end":{"line":19,"column":69}},"22":{"start":{"line":20,"column":0},"end":{"line":20,"column":65}},"23":{"start":{"line":21,"column":0},"end":{"line":21,"column":63}},"24":{"start":{"line":22,"column":0},"end":{"line":22,"column":41}},"25":{"start":{"line":23,"column":0},"end":{"line":23,"column":40}},"26":{"start":{"line":24,"column":0},"end":{"line":24,"column":78}},"27":{"start":{"line":25,"column":0},"end":{"line":25,"column":67}},"28":{"start":{"line":26,"column":0},"end":{"line":26,"column":66}},"29":{"start":{"line":27,"column":0},"end":{"line":27,"column":61}},"30":{"start":{"line":28,"column":0},"end":{"line":28,"column":27}},"31":{"start":{"line":29,"column":0},"end":{"line":93,"column":1}},"32":{"start":{"line":30,"column":4},"end":{"line":92,"column":7}},"33":{"start":{"line":31,"column":8},"end":{"line":31,"column":58}},"34":{"start":{"line":32,"column":8},"end":{"line":32,"column":85}},"35":{"start":{"line":33,"column":8},"end":{"line":33,"column":47}},"36":{"start":{"line":35,"column":8},"end":{"line":35,"column":90}},"37":{"start":{"line":36,"column":8},"end":{"line":36,"column":74}},"38":{"start":{"line":37,"column":8},"end":{"line":39,"column":9}},"39":{"start":{"line":38,"column":12},"end":{"line":38,"column":75}},"40":{"start":{"line":41,"column":8},"end":{"line":41,"column":89}},"41":{"start":{"line":41,"column":77},"end":{"line":41,"column":87}},"42":{"start":{"line":42,"column":8},"end":{"line":42,"column":36}},"43":{"start":{"line":43,"column":8},"end":{"line":91,"column":10}},"44":{"start":{"line":46,"column":16},"end":{"line":46,"column":101}},"45":{"start":{"line":48,"column":57},"end":{"line":67,"column":14}},"46":{"start":{"line":49,"column":16},"end":{"line":49,"column":64}},"47":{"start":{"line":50,"column":16},"end":{"line":50,"column":68}},"48":{"start":{"line":52,"column":16},"end":{"line":52,"column":122}},"49":{"start":{"line":53,"column":16},"end":{"line":60,"column":17}},"50":{"start":{"line":54,"column":20},"end":{"line":59,"column":21}},"51":{"start":{"line":55,"column":24},"end":{"line":55,"column":179}},"52":{"start":{"line":58,"column":24},"end":{"line":58,"column":107}},"53":{"start":{"line":62,"column":16},"end":{"line":62,"column":68}},"54":{"start":{"line":63,"column":16},"end":{"line":65,"column":17}},"55":{"start":{"line":64,"column":20},"end":{"line":64,"column":95}},"56":{"start":{"line":66,"column":16},"end":{"line":66,"column":27}},"57":{"start":{"line":69,"column":16},"end":{"line":69,"column":81}},"58":{"start":{"line":72,"column":16},"end":{"line":72,"column":87}},"59":{"start":{"line":77,"column":16},"end":{"line":77,"column":137}},"60":{"start":{"line":80,"column":16},"end":{"line":80,"column":100}},"61":{"start":{"line":81,"column":16},"end":{"line":81,"column":115}},"62":{"start":{"line":86,"column":16},"end":{"line":86,"column":92}},"63":{"start":{"line":88,"column":50},"end":{"line":90,"column":14}},"64":{"start":{"line":89,"column":16},"end":{"line":89,"column":91}},"65":{"start":{"line":94,"column":0},"end":{"line":94,"column":28}},"66":{"start":{"line":96,"column":0},"end":{"line":103,"column":1}},"67":{"start":{"line":97,"column":4},"end":{"line":102,"column":7}},"68":{"start":{"line":98,"column":8},"end":{"line":101,"column":9}},"69":{"start":{"line":99,"column":12},"end":{"line":99,"column":42}},"70":{"start":{"line":100,"column":12},"end":{"line":100,"column":33}},"71":{"start":{"line":104,"column":0},"end":{"line":104,"column":32}},"72":{"start":{"line":108,"column":0},"end":{"line":116,"column":1}},"73":{"start":{"line":109,"column":4},"end":{"line":115,"column":7}},"74":{"start":{"line":110,"column":8},"end":{"line":113,"column":9}},"75":{"start":{"line":111,"column":12},"end":{"line":111,"column":102}},"76":{"start":{"line":112,"column":12},"end":{"line":112,"column":35}},"77":{"start":{"line":114,"column":8},"end":{"line":114,"column":26}},"78":{"start":{"line":117,"column":0},"end":{"line":117,"column":38}}},"branchMap":{"1":{"line":6,"type":"binary-expr","locations":[{"start":{"line":6,"column":17},"end":{"line":6,"column":21}},{"start":{"line":6,"column":25},"end":{"line":6,"column":39}},{"start":{"line":6,"column":44},"end":{"line":14,"column":1}}]},"2":{"line":7,"type":"cond-expr","locations":[{"start":{"line":7,"column":56},"end":{"line":7,"column":61}},{"start":{"line":7,"column":64},"end":{"line":7,"column":109}}]},"3":{"line":8,"type":"binary-expr","locations":[{"start":{"line":8,"column":16},"end":{"line":8,"column":17}},{"start":{"line":8,"column":22},"end":{"line":8,"column":33}}]},"4":{"line":11,"type":"cond-expr","locations":[{"start":{"line":11,"column":46},"end":{"line":11,"column":67}},{"start":{"line":11,"column":70},"end":{"line":11,"column":115}}]},"5":{"line":12,"type":"binary-expr","locations":[{"start":{"line":12,"column":51},"end":{"line":12,"column":61}},{"start":{"line":12,"column":65},"end":{"line":12,"column":67}}]},"6":{"line":37,"type":"if","locations":[{"start":{"line":37,"column":8},"end":{"line":37,"column":8}},{"start":{"line":37,"column":8},"end":{"line":37,"column":8}}]},"7":{"line":53,"type":"if","locations":[{"start":{"line":53,"column":16},"end":{"line":53,"column":16}},{"start":{"line":53,"column":16},"end":{"line":53,"column":16}}]},"8":{"line":54,"type":"if","locations":[{"start":{"line":54,"column":20},"end":{"line":54,"column":20}},{"start":{"line":54,"column":20},"end":{"line":54,"column":20}}]},"9":{"line":63,"type":"if","locations":[{"start":{"line":63,"column":16},"end":{"line":63,"column":16}},{"start":{"line":63,"column":16},"end":{"line":63,"column":16}}]},"10":{"line":98,"type":"if","locations":[{"start":{"line":98,"column":8},"end":{"line":98,"column":8}},{"start":{"line":98,"column":8},"end":{"line":98,"column":8}}]},"11":{"line":110,"type":"if","locations":[{"start":{"line":110,"column":8},"end":{"line":110,"column":8}},{"start":{"line":110,"column":8},"end":{"line":110,"column":8}}]}}},"/Users/runner/work/1/s/out/src/constants/constants.js":{"path":"/Users/runner/work/1/s/out/src/constants/constants.js","s":{"1":1,"2":1,"3":1,"4":1,"5":1,"6":1,"7":1,"8":1,"9":1,"10":1,"11":1,"12":1,"13":1,"14":1,"15":1,"16":1,"17":1,"18":1,"19":1,"20":1,"21":1,"22":1,"23":1,"24":1,"25":1,"26":1,"27":1,"28":1,"29":1,"30":1,"31":1,"32":1,"33":1,"34":1,"35":1,"36":1,"37":1,"38":1,"39":1,"40":1,"41":1,"42":1,"43":1,"44":1,"45":1,"46":1,"47":1,"48":1,"49":1,"50":1,"51":1,"52":1,"53":1,"54":1,"55":1,"56":1,"57":1,"58":1,"59":1,"60":1,"61":1,"62":1,"63":1,"64":1,"65":1,"66":1,"67":1,"68":1,"69":1,"70":1,"71":1,"72":1,"73":1,"74":1,"75":1,"76":1,"77":1,"78":1,"79":1,"80":1,"81":1,"82":1,"83":1,"84":1,"85":1,"86":1,"87":1,"88":1,"89":1,"90":1,"91":1,"92":1,"93":1,"94":1,"95":1,"96":1,"97":1,"98":1,"99":1,"100":1,"101":1,"102":1,"103":1,"104":1,"105":1,"106":1,"107":1,"108":1,"109":1,"110":1,"111":1,"112":1,"113":1,"114":1,"115":1,"116":1,"117":1,"118":1,"119":1,"120":1,"121":1,"122":1,"123":1,"124":1,"125":1,"126":1,"127":1,"128":1,"129":1,"130":1,"131":1,"132":1,"133":1,"134":1,"135":1,"136":1,"137":1,"138":1,"139":1,"140":1,"141":1,"142":1,"143":1,"144":1,"145":1},"b":{},"f":{},"fnMap":{},"statementMap":{"1":{"start":{"line":6,"column":0},"end":{"line":6,"column":62}},"2":{"start":{"line":7,"column":0},"end":{"line":7,"column":4644}},"3":{"start":{"line":9,"column":0},"end":{"line":9,"column":27}},"4":{"start":{"line":10,"column":0},"end":{"line":10,"column":32}},"5":{"start":{"line":11,"column":0},"end":{"line":11,"column":45}},"6":{"start":{"line":12,"column":0},"end":{"line":12,"column":36}},"7":{"start":{"line":13,"column":0},"end":{"line":13,"column":34}},"8":{"start":{"line":14,"column":0},"end":{"line":14,"column":44}},"9":{"start":{"line":15,"column":0},"end":{"line":15,"column":38}},"10":{"start":{"line":16,"column":0},"end":{"line":16,"column":51}},"11":{"start":{"line":17,"column":0},"end":{"line":17,"column":36}},"12":{"start":{"line":18,"column":0},"end":{"line":18,"column":51}},"13":{"start":{"line":19,"column":0},"end":{"line":19,"column":45}},"14":{"start":{"line":20,"column":0},"end":{"line":20,"column":55}},"15":{"start":{"line":21,"column":0},"end":{"line":21,"column":31}},"16":{"start":{"line":22,"column":0},"end":{"line":22,"column":31}},"17":{"start":{"line":23,"column":0},"end":{"line":23,"column":39}},"18":{"start":{"line":24,"column":0},"end":{"line":24,"column":61}},"19":{"start":{"line":25,"column":0},"end":{"line":25,"column":45}},"20":{"start":{"line":26,"column":0},"end":{"line":26,"column":37}},"21":{"start":{"line":27,"column":0},"end":{"line":27,"column":43}},"22":{"start":{"line":28,"column":0},"end":{"line":28,"column":51}},"23":{"start":{"line":29,"column":0},"end":{"line":29,"column":63}},"24":{"start":{"line":30,"column":0},"end":{"line":30,"column":55}},"25":{"start":{"line":31,"column":0},"end":{"line":31,"column":59}},"26":{"start":{"line":32,"column":0},"end":{"line":32,"column":61}},"27":{"start":{"line":33,"column":0},"end":{"line":33,"column":63}},"28":{"start":{"line":34,"column":0},"end":{"line":34,"column":59}},"29":{"start":{"line":35,"column":0},"end":{"line":35,"column":55}},"30":{"start":{"line":36,"column":0},"end":{"line":36,"column":53}},"31":{"start":{"line":37,"column":0},"end":{"line":37,"column":64}},"32":{"start":{"line":38,"column":0},"end":{"line":38,"column":64}},"33":{"start":{"line":39,"column":0},"end":{"line":39,"column":75}},"34":{"start":{"line":40,"column":0},"end":{"line":40,"column":39}},"35":{"start":{"line":41,"column":0},"end":{"line":41,"column":61}},"36":{"start":{"line":42,"column":0},"end":{"line":42,"column":71}},"37":{"start":{"line":43,"column":0},"end":{"line":43,"column":57}},"38":{"start":{"line":44,"column":0},"end":{"line":44,"column":67}},"39":{"start":{"line":45,"column":0},"end":{"line":45,"column":71}},"40":{"start":{"line":46,"column":0},"end":{"line":46,"column":73}},"41":{"start":{"line":47,"column":0},"end":{"line":47,"column":79}},"42":{"start":{"line":48,"column":0},"end":{"line":48,"column":71}},"43":{"start":{"line":49,"column":0},"end":{"line":49,"column":73}},"44":{"start":{"line":50,"column":0},"end":{"line":50,"column":81}},"45":{"start":{"line":51,"column":0},"end":{"line":51,"column":47}},"46":{"start":{"line":52,"column":0},"end":{"line":52,"column":47}},"47":{"start":{"line":53,"column":0},"end":{"line":53,"column":47}},"48":{"start":{"line":54,"column":0},"end":{"line":54,"column":49}},"49":{"start":{"line":55,"column":0},"end":{"line":55,"column":45}},"50":{"start":{"line":56,"column":0},"end":{"line":56,"column":47}},"51":{"start":{"line":57,"column":0},"end":{"line":57,"column":51}},"52":{"start":{"line":58,"column":0},"end":{"line":58,"column":44}},"53":{"start":{"line":59,"column":0},"end":{"line":59,"column":69}},"54":{"start":{"line":60,"column":0},"end":{"line":60,"column":47}},"55":{"start":{"line":61,"column":0},"end":{"line":61,"column":75}},"56":{"start":{"line":62,"column":0},"end":{"line":62,"column":61}},"57":{"start":{"line":63,"column":0},"end":{"line":63,"column":55}},"58":{"start":{"line":64,"column":0},"end":{"line":64,"column":46}},"59":{"start":{"line":65,"column":0},"end":{"line":65,"column":38}},"60":{"start":{"line":66,"column":0},"end":{"line":66,"column":41}},"61":{"start":{"line":67,"column":0},"end":{"line":67,"column":32}},"62":{"start":{"line":68,"column":0},"end":{"line":68,"column":30}},"63":{"start":{"line":69,"column":0},"end":{"line":69,"column":33}},"64":{"start":{"line":70,"column":0},"end":{"line":70,"column":39}},"65":{"start":{"line":71,"column":0},"end":{"line":71,"column":35}},"66":{"start":{"line":72,"column":0},"end":{"line":72,"column":37}},"67":{"start":{"line":73,"column":0},"end":{"line":73,"column":40}},"68":{"start":{"line":74,"column":0},"end":{"line":74,"column":33}},"69":{"start":{"line":75,"column":0},"end":{"line":75,"column":34}},"70":{"start":{"line":76,"column":0},"end":{"line":76,"column":42}},"71":{"start":{"line":77,"column":0},"end":{"line":77,"column":39}},"72":{"start":{"line":78,"column":0},"end":{"line":78,"column":47}},"73":{"start":{"line":79,"column":0},"end":{"line":79,"column":58}},"74":{"start":{"line":80,"column":0},"end":{"line":80,"column":45}},"75":{"start":{"line":81,"column":0},"end":{"line":81,"column":39}},"76":{"start":{"line":82,"column":0},"end":{"line":82,"column":43}},"77":{"start":{"line":83,"column":0},"end":{"line":83,"column":53}},"78":{"start":{"line":84,"column":0},"end":{"line":84,"column":47}},"79":{"start":{"line":85,"column":0},"end":{"line":85,"column":46}},"80":{"start":{"line":86,"column":0},"end":{"line":86,"column":64}},"81":{"start":{"line":87,"column":0},"end":{"line":87,"column":49}},"82":{"start":{"line":88,"column":0},"end":{"line":88,"column":53}},"83":{"start":{"line":89,"column":0},"end":{"line":89,"column":53}},"84":{"start":{"line":90,"column":0},"end":{"line":90,"column":68}},"85":{"start":{"line":91,"column":0},"end":{"line":91,"column":54}},"86":{"start":{"line":92,"column":0},"end":{"line":92,"column":43}},"87":{"start":{"line":93,"column":0},"end":{"line":93,"column":41}},"88":{"start":{"line":94,"column":0},"end":{"line":94,"column":40}},"89":{"start":{"line":95,"column":0},"end":{"line":95,"column":50}},"90":{"start":{"line":96,"column":0},"end":{"line":96,"column":100}},"91":{"start":{"line":97,"column":0},"end":{"line":97,"column":73}},"92":{"start":{"line":98,"column":0},"end":{"line":98,"column":62}},"93":{"start":{"line":99,"column":0},"end":{"line":99,"column":78}},"94":{"start":{"line":100,"column":0},"end":{"line":100,"column":113}},"95":{"start":{"line":101,"column":0},"end":{"line":101,"column":60}},"96":{"start":{"line":102,"column":0},"end":{"line":102,"column":36}},"97":{"start":{"line":103,"column":0},"end":{"line":103,"column":42}},"98":{"start":{"line":104,"column":0},"end":{"line":104,"column":121}},"99":{"start":{"line":105,"column":0},"end":{"line":105,"column":44}},"100":{"start":{"line":107,"column":0},"end":{"line":107,"column":50}},"101":{"start":{"line":108,"column":0},"end":{"line":108,"column":44}},"102":{"start":{"line":109,"column":0},"end":{"line":109,"column":44}},"103":{"start":{"line":110,"column":0},"end":{"line":110,"column":38}},"104":{"start":{"line":111,"column":0},"end":{"line":111,"column":40}},"105":{"start":{"line":112,"column":0},"end":{"line":112,"column":42}},"106":{"start":{"line":113,"column":0},"end":{"line":113,"column":54}},"107":{"start":{"line":114,"column":0},"end":{"line":114,"column":60}},"108":{"start":{"line":115,"column":0},"end":{"line":115,"column":54}},"109":{"start":{"line":116,"column":0},"end":{"line":116,"column":56}},"110":{"start":{"line":117,"column":0},"end":{"line":117,"column":46}},"111":{"start":{"line":118,"column":0},"end":{"line":118,"column":86}},"112":{"start":{"line":119,"column":0},"end":{"line":119,"column":58}},"113":{"start":{"line":120,"column":0},"end":{"line":120,"column":68}},"114":{"start":{"line":121,"column":0},"end":{"line":121,"column":52}},"115":{"start":{"line":122,"column":0},"end":{"line":122,"column":60}},"116":{"start":{"line":123,"column":0},"end":{"line":123,"column":56}},"117":{"start":{"line":124,"column":0},"end":{"line":124,"column":54}},"118":{"start":{"line":125,"column":0},"end":{"line":125,"column":64}},"119":{"start":{"line":126,"column":0},"end":{"line":126,"column":54}},"120":{"start":{"line":127,"column":0},"end":{"line":127,"column":70}},"121":{"start":{"line":128,"column":0},"end":{"line":128,"column":70}},"122":{"start":{"line":130,"column":0},"end":{"line":130,"column":64}},"123":{"start":{"line":131,"column":0},"end":{"line":131,"column":41}},"124":{"start":{"line":132,"column":0},"end":{"line":132,"column":43}},"125":{"start":{"line":133,"column":0},"end":{"line":133,"column":57}},"126":{"start":{"line":134,"column":0},"end":{"line":134,"column":74}},"127":{"start":{"line":135,"column":0},"end":{"line":135,"column":85}},"128":{"start":{"line":136,"column":0},"end":{"line":136,"column":57}},"129":{"start":{"line":137,"column":0},"end":{"line":137,"column":80}},"130":{"start":{"line":138,"column":0},"end":{"line":138,"column":88}},"131":{"start":{"line":139,"column":0},"end":{"line":139,"column":127}},"132":{"start":{"line":140,"column":0},"end":{"line":140,"column":74}},"133":{"start":{"line":141,"column":0},"end":{"line":141,"column":66}},"134":{"start":{"line":142,"column":0},"end":{"line":142,"column":75}},"135":{"start":{"line":143,"column":0},"end":{"line":143,"column":48}},"136":{"start":{"line":144,"column":0},"end":{"line":144,"column":54}},"137":{"start":{"line":145,"column":0},"end":{"line":145,"column":48}},"138":{"start":{"line":146,"column":0},"end":{"line":146,"column":86}},"139":{"start":{"line":147,"column":0},"end":{"line":147,"column":45}},"140":{"start":{"line":148,"column":0},"end":{"line":148,"column":49}},"141":{"start":{"line":149,"column":0},"end":{"line":149,"column":55}},"142":{"start":{"line":150,"column":0},"end":{"line":150,"column":40}},"143":{"start":{"line":151,"column":0},"end":{"line":151,"column":206}},"144":{"start":{"line":152,"column":0},"end":{"line":152,"column":74}},"145":{"start":{"line":153,"column":0},"end":{"line":153,"column":67}}},"branchMap":{}},"/Users/runner/work/1/s/out/src/constants/localizedConstants.js":{"path":"/Users/runner/work/1/s/out/src/constants/localizedConstants.js","s":{"1":1,"2":1,"3":1,"4":1,"5":1,"6":1,"7":1,"8":1,"9":1,"10":1,"11":1,"12":1,"13":1,"14":1,"15":1,"16":1,"17":1,"18":1,"19":1,"20":1,"21":1,"22":1,"23":1,"24":1,"25":1,"26":1,"27":1,"28":1,"29":1,"30":1,"31":1,"32":1,"33":1,"34":1,"35":1,"36":1,"37":1,"38":1,"39":1,"40":1,"41":1,"42":1,"43":1,"44":1,"45":1,"46":1,"47":1,"48":1,"49":1,"50":1,"51":1,"52":1,"53":1,"54":1,"55":1,"56":1,"57":1,"58":1,"59":1,"60":1,"61":1,"62":1,"63":1,"64":1,"65":1,"66":1,"67":1,"68":1,"69":1,"70":1,"71":1,"72":1,"73":1,"74":1,"75":1,"76":1,"77":1,"78":1,"79":1,"80":1,"81":1,"82":1,"83":1,"84":1,"85":1,"86":1,"87":1,"88":1,"89":1,"90":1,"91":1,"92":1,"93":1,"94":1,"95":1,"96":1,"97":1,"98":1,"99":1,"100":1,"101":1,"102":1,"103":1,"104":1,"105":1,"106":1,"107":1,"108":1,"109":1,"110":1,"111":1,"112":1,"113":1,"114":1,"115":1,"116":1,"117":1,"118":1,"119":1,"120":1,"121":1,"122":1,"123":1,"124":1,"125":1,"126":1,"127":1,"128":1,"129":1,"130":1,"131":1,"132":1,"133":1,"134":1,"135":1,"136":1,"137":1,"138":1,"139":1,"140":1,"141":1,"142":1,"143":1,"144":1,"145":1,"146":1,"147":1,"148":1,"149":1,"150":1,"151":1,"152":1,"153":1,"154":1,"155":1,"156":1,"157":1,"158":1,"159":1,"160":1,"161":1,"162":1,"163":1,"164":1,"165":1,"166":1,"167":1,"168":1,"169":1,"170":1,"171":1,"172":1,"173":1,"174":1,"175":1,"176":1,"177":1,"178":1,"179":1,"180":3,"181":3,"182":3,"183":3,"184":3,"185":3,"186":3,"187":3,"188":3,"189":3,"190":3,"191":3,"192":3,"193":3,"194":3,"195":3,"196":3,"197":3,"198":3,"199":3,"200":3,"201":3,"202":3,"203":3,"204":3,"205":3,"206":3,"207":3,"208":3,"209":3,"210":3,"211":3,"212":3,"213":3,"214":3,"215":3,"216":3,"217":3,"218":3,"219":3,"220":3,"221":3,"222":3,"223":3,"224":3,"225":3,"226":3,"227":3,"228":3,"229":3,"230":3,"231":3,"232":3,"233":3,"234":3,"235":3,"236":3,"237":3,"238":3,"239":3,"240":3,"241":3,"242":3,"243":3,"244":3,"245":3,"246":3,"247":3,"248":3,"249":3,"250":3,"251":3,"252":3,"253":3,"254":3,"255":3,"256":3,"257":3,"258":3,"259":3,"260":3,"261":3,"262":3,"263":3,"264":3,"265":3,"266":3,"267":3,"268":3,"269":3,"270":3,"271":3,"272":3,"273":3,"274":3,"275":3,"276":3,"277":3,"278":3,"279":3,"280":3,"281":3,"282":3,"283":3,"284":3,"285":3,"286":3,"287":3,"288":3,"289":3,"290":3,"291":3,"292":3,"293":3,"294":3,"295":3,"296":3,"297":3,"298":3,"299":3,"300":3,"301":3,"302":3,"303":3,"304":3,"305":3,"306":3,"307":3,"308":3,"309":3,"310":3,"311":3,"312":3,"313":3,"314":3,"315":3,"316":3,"317":3,"318":3,"319":3,"320":3,"321":3,"322":3,"323":3,"324":3,"325":3,"326":3,"327":3,"328":3,"329":3,"330":3,"331":3,"332":3,"333":3,"334":3,"335":3,"336":3,"337":3,"338":3,"339":3,"340":3,"341":3,"342":3,"343":3,"344":3,"345":3,"346":3,"347":3,"348":3,"349":3,"350":3,"351":3,"352":3,"353":3,"354":3,"355":3},"b":{},"f":{},"fnMap":{},"statementMap":{"1":{"start":{"line":2,"column":0},"end":{"line":2,"column":62}},"2":{"start":{"line":3,"column":0},"end":{"line":3,"column":5438}},"3":{"start":{"line":7,"column":0},"end":{"line":7,"column":34}},"4":{"start":{"line":8,"column":0},"end":{"line":8,"column":73}},"5":{"start":{"line":9,"column":0},"end":{"line":9,"column":75}},"6":{"start":{"line":10,"column":0},"end":{"line":10,"column":139}},"7":{"start":{"line":11,"column":0},"end":{"line":11,"column":66}},"8":{"start":{"line":12,"column":0},"end":{"line":12,"column":44}},"9":{"start":{"line":13,"column":0},"end":{"line":13,"column":65}},"10":{"start":{"line":14,"column":0},"end":{"line":14,"column":81}},"11":{"start":{"line":15,"column":0},"end":{"line":15,"column":101}},"12":{"start":{"line":16,"column":0},"end":{"line":16,"column":79}},"13":{"start":{"line":17,"column":0},"end":{"line":17,"column":46}},"14":{"start":{"line":18,"column":0},"end":{"line":18,"column":55}},"15":{"start":{"line":19,"column":0},"end":{"line":19,"column":137}},"16":{"start":{"line":20,"column":0},"end":{"line":20,"column":57}},"17":{"start":{"line":21,"column":0},"end":{"line":21,"column":89}},"18":{"start":{"line":22,"column":0},"end":{"line":22,"column":85}},"19":{"start":{"line":23,"column":0},"end":{"line":23,"column":151}},"20":{"start":{"line":24,"column":0},"end":{"line":24,"column":89}},"21":{"start":{"line":25,"column":0},"end":{"line":25,"column":76}},"22":{"start":{"line":26,"column":0},"end":{"line":26,"column":38}},"23":{"start":{"line":27,"column":0},"end":{"line":27,"column":65}},"24":{"start":{"line":28,"column":0},"end":{"line":28,"column":35}},"25":{"start":{"line":29,"column":0},"end":{"line":29,"column":38}},"26":{"start":{"line":30,"column":0},"end":{"line":30,"column":60}},"27":{"start":{"line":31,"column":0},"end":{"line":31,"column":54}},"28":{"start":{"line":32,"column":0},"end":{"line":32,"column":66}},"29":{"start":{"line":33,"column":0},"end":{"line":33,"column":111}},"30":{"start":{"line":34,"column":0},"end":{"line":34,"column":41}},"31":{"start":{"line":35,"column":0},"end":{"line":35,"column":42}},"32":{"start":{"line":36,"column":0},"end":{"line":36,"column":38}},"33":{"start":{"line":37,"column":0},"end":{"line":37,"column":110}},"34":{"start":{"line":38,"column":0},"end":{"line":38,"column":47}},"35":{"start":{"line":39,"column":0},"end":{"line":39,"column":44}},"36":{"start":{"line":40,"column":0},"end":{"line":40,"column":42}},"37":{"start":{"line":41,"column":0},"end":{"line":41,"column":34}},"38":{"start":{"line":42,"column":0},"end":{"line":42,"column":91}},"39":{"start":{"line":43,"column":0},"end":{"line":43,"column":52}},"40":{"start":{"line":44,"column":0},"end":{"line":44,"column":54}},"41":{"start":{"line":45,"column":0},"end":{"line":45,"column":61}},"42":{"start":{"line":46,"column":0},"end":{"line":46,"column":72}},"43":{"start":{"line":47,"column":0},"end":{"line":47,"column":46}},"44":{"start":{"line":48,"column":0},"end":{"line":48,"column":102}},"45":{"start":{"line":49,"column":0},"end":{"line":49,"column":20}},"46":{"start":{"line":50,"column":0},"end":{"line":50,"column":53}},"47":{"start":{"line":51,"column":0},"end":{"line":51,"column":26}},"48":{"start":{"line":52,"column":0},"end":{"line":52,"column":37}},"49":{"start":{"line":53,"column":0},"end":{"line":53,"column":54}},"50":{"start":{"line":54,"column":0},"end":{"line":54,"column":36}},"51":{"start":{"line":55,"column":0},"end":{"line":55,"column":53}},"52":{"start":{"line":56,"column":0},"end":{"line":56,"column":102}},"53":{"start":{"line":57,"column":0},"end":{"line":57,"column":43}},"54":{"start":{"line":58,"column":0},"end":{"line":58,"column":95}},"55":{"start":{"line":59,"column":0},"end":{"line":59,"column":75}},"56":{"start":{"line":60,"column":0},"end":{"line":60,"column":54}},"57":{"start":{"line":61,"column":0},"end":{"line":61,"column":51}},"58":{"start":{"line":62,"column":0},"end":{"line":62,"column":60}},"59":{"start":{"line":63,"column":0},"end":{"line":63,"column":62}},"60":{"start":{"line":64,"column":0},"end":{"line":64,"column":71}},"61":{"start":{"line":65,"column":0},"end":{"line":65,"column":64}},"62":{"start":{"line":66,"column":0},"end":{"line":66,"column":59}},"63":{"start":{"line":67,"column":0},"end":{"line":67,"column":59}},"64":{"start":{"line":68,"column":0},"end":{"line":68,"column":72}},"65":{"start":{"line":69,"column":0},"end":{"line":69,"column":72}},"66":{"start":{"line":70,"column":0},"end":{"line":70,"column":40}},"67":{"start":{"line":71,"column":0},"end":{"line":71,"column":29}},"68":{"start":{"line":72,"column":0},"end":{"line":72,"column":23}},"69":{"start":{"line":73,"column":0},"end":{"line":73,"column":21}},"70":{"start":{"line":74,"column":0},"end":{"line":74,"column":43}},"71":{"start":{"line":75,"column":0},"end":{"line":75,"column":43}},"72":{"start":{"line":76,"column":0},"end":{"line":76,"column":63}},"73":{"start":{"line":77,"column":0},"end":{"line":77,"column":39}},"74":{"start":{"line":78,"column":0},"end":{"line":78,"column":46}},"75":{"start":{"line":79,"column":0},"end":{"line":79,"column":47}},"76":{"start":{"line":80,"column":0},"end":{"line":80,"column":54}},"77":{"start":{"line":81,"column":0},"end":{"line":81,"column":42}},"78":{"start":{"line":82,"column":0},"end":{"line":82,"column":48}},"79":{"start":{"line":83,"column":0},"end":{"line":83,"column":49}},"80":{"start":{"line":84,"column":0},"end":{"line":84,"column":63}},"81":{"start":{"line":85,"column":0},"end":{"line":85,"column":132}},"82":{"start":{"line":86,"column":0},"end":{"line":86,"column":36}},"83":{"start":{"line":87,"column":0},"end":{"line":87,"column":124}},"84":{"start":{"line":88,"column":0},"end":{"line":88,"column":91}},"85":{"start":{"line":89,"column":0},"end":{"line":89,"column":132}},"86":{"start":{"line":90,"column":0},"end":{"line":90,"column":50}},"87":{"start":{"line":91,"column":0},"end":{"line":91,"column":57}},"88":{"start":{"line":92,"column":0},"end":{"line":92,"column":113}},"89":{"start":{"line":93,"column":0},"end":{"line":93,"column":179}},"90":{"start":{"line":94,"column":0},"end":{"line":94,"column":93}},"91":{"start":{"line":95,"column":0},"end":{"line":95,"column":103}},"92":{"start":{"line":96,"column":0},"end":{"line":96,"column":113}},"93":{"start":{"line":97,"column":0},"end":{"line":97,"column":88}},"94":{"start":{"line":98,"column":0},"end":{"line":98,"column":77}},"95":{"start":{"line":99,"column":0},"end":{"line":99,"column":49}},"96":{"start":{"line":100,"column":0},"end":{"line":100,"column":55}},"97":{"start":{"line":101,"column":0},"end":{"line":101,"column":57}},"98":{"start":{"line":102,"column":0},"end":{"line":102,"column":51}},"99":{"start":{"line":103,"column":0},"end":{"line":103,"column":49}},"100":{"start":{"line":104,"column":0},"end":{"line":104,"column":52}},"101":{"start":{"line":105,"column":0},"end":{"line":105,"column":55}},"102":{"start":{"line":106,"column":0},"end":{"line":106,"column":29}},"103":{"start":{"line":107,"column":0},"end":{"line":107,"column":57}},"104":{"start":{"line":108,"column":0},"end":{"line":108,"column":72}},"105":{"start":{"line":109,"column":0},"end":{"line":109,"column":70}},"106":{"start":{"line":110,"column":0},"end":{"line":110,"column":91}},"107":{"start":{"line":111,"column":0},"end":{"line":111,"column":93}},"108":{"start":{"line":112,"column":0},"end":{"line":112,"column":96}},"109":{"start":{"line":113,"column":0},"end":{"line":113,"column":157}},"110":{"start":{"line":114,"column":0},"end":{"line":114,"column":86}},"111":{"start":{"line":115,"column":0},"end":{"line":115,"column":61}},"112":{"start":{"line":116,"column":0},"end":{"line":116,"column":108}},"113":{"start":{"line":117,"column":0},"end":{"line":117,"column":101}},"114":{"start":{"line":118,"column":0},"end":{"line":118,"column":109}},"115":{"start":{"line":119,"column":0},"end":{"line":119,"column":104}},"116":{"start":{"line":120,"column":0},"end":{"line":120,"column":79}},"117":{"start":{"line":121,"column":0},"end":{"line":121,"column":102}},"118":{"start":{"line":122,"column":0},"end":{"line":122,"column":100}},"119":{"start":{"line":123,"column":0},"end":{"line":123,"column":59}},"120":{"start":{"line":124,"column":0},"end":{"line":124,"column":83}},"121":{"start":{"line":125,"column":0},"end":{"line":125,"column":38}},"122":{"start":{"line":126,"column":0},"end":{"line":126,"column":97}},"123":{"start":{"line":127,"column":0},"end":{"line":127,"column":60}},"124":{"start":{"line":128,"column":0},"end":{"line":128,"column":58}},"125":{"start":{"line":129,"column":0},"end":{"line":129,"column":72}},"126":{"start":{"line":130,"column":0},"end":{"line":130,"column":60}},"127":{"start":{"line":131,"column":0},"end":{"line":131,"column":58}},"128":{"start":{"line":132,"column":0},"end":{"line":132,"column":42}},"129":{"start":{"line":133,"column":0},"end":{"line":133,"column":45}},"130":{"start":{"line":134,"column":0},"end":{"line":134,"column":69}},"131":{"start":{"line":135,"column":0},"end":{"line":135,"column":75}},"132":{"start":{"line":136,"column":0},"end":{"line":136,"column":55}},"133":{"start":{"line":137,"column":0},"end":{"line":137,"column":89}},"134":{"start":{"line":138,"column":0},"end":{"line":138,"column":35}},"135":{"start":{"line":139,"column":0},"end":{"line":139,"column":33}},"136":{"start":{"line":140,"column":0},"end":{"line":140,"column":37}},"137":{"start":{"line":141,"column":0},"end":{"line":141,"column":39}},"138":{"start":{"line":142,"column":0},"end":{"line":142,"column":41}},"139":{"start":{"line":143,"column":0},"end":{"line":143,"column":33}},"140":{"start":{"line":144,"column":0},"end":{"line":144,"column":35}},"141":{"start":{"line":145,"column":0},"end":{"line":145,"column":37}},"142":{"start":{"line":146,"column":0},"end":{"line":146,"column":36}},"143":{"start":{"line":147,"column":0},"end":{"line":147,"column":33}},"144":{"start":{"line":148,"column":0},"end":{"line":148,"column":27}},"145":{"start":{"line":149,"column":0},"end":{"line":149,"column":51}},"146":{"start":{"line":150,"column":0},"end":{"line":150,"column":49}},"147":{"start":{"line":151,"column":0},"end":{"line":151,"column":38}},"148":{"start":{"line":152,"column":0},"end":{"line":152,"column":43}},"149":{"start":{"line":153,"column":0},"end":{"line":153,"column":55}},"150":{"start":{"line":154,"column":0},"end":{"line":154,"column":106}},"151":{"start":{"line":155,"column":0},"end":{"line":155,"column":36}},"152":{"start":{"line":156,"column":0},"end":{"line":156,"column":34}},"153":{"start":{"line":157,"column":0},"end":{"line":157,"column":53}},"154":{"start":{"line":158,"column":0},"end":{"line":158,"column":104}},"155":{"start":{"line":159,"column":0},"end":{"line":159,"column":101}},"156":{"start":{"line":160,"column":0},"end":{"line":160,"column":44}},"157":{"start":{"line":161,"column":0},"end":{"line":161,"column":31}},"158":{"start":{"line":162,"column":0},"end":{"line":162,"column":39}},"159":{"start":{"line":163,"column":0},"end":{"line":163,"column":70}},"160":{"start":{"line":164,"column":0},"end":{"line":164,"column":70}},"161":{"start":{"line":165,"column":0},"end":{"line":165,"column":163}},"162":{"start":{"line":166,"column":0},"end":{"line":166,"column":66}},"163":{"start":{"line":167,"column":0},"end":{"line":167,"column":114}},"164":{"start":{"line":168,"column":0},"end":{"line":168,"column":40}},"165":{"start":{"line":169,"column":0},"end":{"line":169,"column":43}},"166":{"start":{"line":170,"column":0},"end":{"line":170,"column":55}},"167":{"start":{"line":171,"column":0},"end":{"line":171,"column":26}},"168":{"start":{"line":172,"column":0},"end":{"line":172,"column":32}},"169":{"start":{"line":173,"column":0},"end":{"line":173,"column":56}},"170":{"start":{"line":174,"column":0},"end":{"line":174,"column":30}},"171":{"start":{"line":175,"column":0},"end":{"line":175,"column":35}},"172":{"start":{"line":176,"column":0},"end":{"line":176,"column":32}},"173":{"start":{"line":177,"column":0},"end":{"line":177,"column":35}},"174":{"start":{"line":178,"column":0},"end":{"line":178,"column":63}},"175":{"start":{"line":179,"column":0},"end":{"line":179,"column":80}},"176":{"start":{"line":180,"column":0},"end":{"line":180,"column":206}},"177":{"start":{"line":181,"column":0},"end":{"line":181,"column":73}},"178":{"start":{"line":182,"column":0},"end":{"line":182,"column":127}},"179":{"start":{"line":183,"column":0},"end":{"line":360,"column":2}},"180":{"start":{"line":184,"column":4},"end":{"line":184,"column":62}},"181":{"start":{"line":185,"column":4},"end":{"line":185,"column":50}},"182":{"start":{"line":186,"column":4},"end":{"line":186,"column":51}},"183":{"start":{"line":187,"column":4},"end":{"line":187,"column":54}},"184":{"start":{"line":188,"column":4},"end":{"line":188,"column":58}},"185":{"start":{"line":189,"column":4},"end":{"line":189,"column":55}},"186":{"start":{"line":190,"column":4},"end":{"line":190,"column":53}},"187":{"start":{"line":191,"column":4},"end":{"line":191,"column":57}},"188":{"start":{"line":192,"column":4},"end":{"line":192,"column":62}},"189":{"start":{"line":193,"column":4},"end":{"line":193,"column":61}},"190":{"start":{"line":194,"column":4},"end":{"line":194,"column":51}},"191":{"start":{"line":195,"column":4},"end":{"line":195,"column":53}},"192":{"start":{"line":196,"column":4},"end":{"line":196,"column":67}},"193":{"start":{"line":197,"column":4},"end":{"line":197,"column":60}},"194":{"start":{"line":198,"column":4},"end":{"line":198,"column":56}},"195":{"start":{"line":199,"column":4},"end":{"line":199,"column":65}},"196":{"start":{"line":200,"column":4},"end":{"line":200,"column":48}},"197":{"start":{"line":201,"column":4},"end":{"line":201,"column":62}},"198":{"start":{"line":202,"column":4},"end":{"line":202,"column":71}},"199":{"start":{"line":203,"column":4},"end":{"line":203,"column":52}},"200":{"start":{"line":204,"column":4},"end":{"line":204,"column":56}},"201":{"start":{"line":205,"column":4},"end":{"line":205,"column":51}},"202":{"start":{"line":206,"column":4},"end":{"line":206,"column":52}},"203":{"start":{"line":207,"column":4},"end":{"line":207,"column":54}},"204":{"start":{"line":208,"column":4},"end":{"line":208,"column":50}},"205":{"start":{"line":209,"column":4},"end":{"line":209,"column":46}},"206":{"start":{"line":210,"column":4},"end":{"line":210,"column":51}},"207":{"start":{"line":211,"column":4},"end":{"line":211,"column":48}},"208":{"start":{"line":212,"column":4},"end":{"line":212,"column":54}},"209":{"start":{"line":213,"column":4},"end":{"line":213,"column":52}},"210":{"start":{"line":214,"column":4},"end":{"line":214,"column":53}},"211":{"start":{"line":215,"column":4},"end":{"line":215,"column":48}},"212":{"start":{"line":216,"column":4},"end":{"line":216,"column":46}},"213":{"start":{"line":217,"column":4},"end":{"line":217,"column":52}},"214":{"start":{"line":218,"column":4},"end":{"line":218,"column":45}},"215":{"start":{"line":219,"column":4},"end":{"line":219,"column":62}},"216":{"start":{"line":220,"column":4},"end":{"line":220,"column":56}},"217":{"start":{"line":221,"column":4},"end":{"line":221,"column":57}},"218":{"start":{"line":222,"column":4},"end":{"line":222,"column":55}},"219":{"start":{"line":223,"column":4},"end":{"line":223,"column":52}},"220":{"start":{"line":224,"column":4},"end":{"line":224,"column":49}},"221":{"start":{"line":225,"column":4},"end":{"line":225,"column":47}},"222":{"start":{"line":226,"column":4},"end":{"line":226,"column":37}},"223":{"start":{"line":227,"column":4},"end":{"line":227,"column":51}},"224":{"start":{"line":228,"column":4},"end":{"line":228,"column":40}},"225":{"start":{"line":229,"column":4},"end":{"line":229,"column":48}},"226":{"start":{"line":230,"column":4},"end":{"line":230,"column":53}},"227":{"start":{"line":231,"column":4},"end":{"line":231,"column":48}},"228":{"start":{"line":232,"column":4},"end":{"line":232,"column":53}},"229":{"start":{"line":233,"column":4},"end":{"line":233,"column":49}},"230":{"start":{"line":234,"column":4},"end":{"line":234,"column":51}},"231":{"start":{"line":235,"column":4},"end":{"line":235,"column":56}},"232":{"start":{"line":236,"column":4},"end":{"line":236,"column":54}},"233":{"start":{"line":237,"column":4},"end":{"line":237,"column":48}},"234":{"start":{"line":238,"column":4},"end":{"line":238,"column":47}},"235":{"start":{"line":239,"column":4},"end":{"line":239,"column":50}},"236":{"start":{"line":240,"column":4},"end":{"line":240,"column":58}},"237":{"start":{"line":241,"column":4},"end":{"line":241,"column":60}},"238":{"start":{"line":242,"column":4},"end":{"line":242,"column":52}},"239":{"start":{"line":243,"column":4},"end":{"line":243,"column":51}},"240":{"start":{"line":244,"column":4},"end":{"line":244,"column":51}},"241":{"start":{"line":245,"column":4},"end":{"line":245,"column":63}},"242":{"start":{"line":246,"column":4},"end":{"line":246,"column":61}},"243":{"start":{"line":247,"column":4},"end":{"line":247,"column":47}},"244":{"start":{"line":248,"column":4},"end":{"line":248,"column":42}},"245":{"start":{"line":249,"column":4},"end":{"line":249,"column":40}},"246":{"start":{"line":250,"column":4},"end":{"line":250,"column":39}},"247":{"start":{"line":251,"column":4},"end":{"line":251,"column":54}},"248":{"start":{"line":252,"column":4},"end":{"line":252,"column":51}},"249":{"start":{"line":253,"column":4},"end":{"line":253,"column":53}},"250":{"start":{"line":254,"column":4},"end":{"line":254,"column":49}},"251":{"start":{"line":255,"column":4},"end":{"line":255,"column":51}},"252":{"start":{"line":256,"column":4},"end":{"line":256,"column":51}},"253":{"start":{"line":257,"column":4},"end":{"line":257,"column":53}},"254":{"start":{"line":258,"column":4},"end":{"line":258,"column":50}},"255":{"start":{"line":259,"column":4},"end":{"line":259,"column":53}},"256":{"start":{"line":260,"column":4},"end":{"line":260,"column":53}},"257":{"start":{"line":261,"column":4},"end":{"line":261,"column":59}},"258":{"start":{"line":262,"column":4},"end":{"line":262,"column":62}},"259":{"start":{"line":263,"column":4},"end":{"line":263,"column":48}},"260":{"start":{"line":264,"column":4},"end":{"line":264,"column":55}},"261":{"start":{"line":265,"column":4},"end":{"line":265,"column":59}},"262":{"start":{"line":266,"column":4},"end":{"line":266,"column":61}},"263":{"start":{"line":267,"column":4},"end":{"line":267,"column":51}},"264":{"start":{"line":268,"column":4},"end":{"line":268,"column":49}},"265":{"start":{"line":269,"column":4},"end":{"line":269,"column":78}},"266":{"start":{"line":270,"column":4},"end":{"line":270,"column":71}},"267":{"start":{"line":271,"column":4},"end":{"line":271,"column":68}},"268":{"start":{"line":272,"column":4},"end":{"line":272,"column":65}},"269":{"start":{"line":273,"column":4},"end":{"line":273,"column":57}},"270":{"start":{"line":274,"column":4},"end":{"line":274,"column":51}},"271":{"start":{"line":275,"column":4},"end":{"line":275,"column":62}},"272":{"start":{"line":276,"column":4},"end":{"line":276,"column":52}},"273":{"start":{"line":277,"column":4},"end":{"line":277,"column":55}},"274":{"start":{"line":278,"column":4},"end":{"line":278,"column":61}},"275":{"start":{"line":279,"column":4},"end":{"line":279,"column":53}},"276":{"start":{"line":280,"column":4},"end":{"line":280,"column":52}},"277":{"start":{"line":281,"column":4},"end":{"line":281,"column":53}},"278":{"start":{"line":282,"column":4},"end":{"line":282,"column":55}},"279":{"start":{"line":283,"column":4},"end":{"line":283,"column":44}},"280":{"start":{"line":284,"column":4},"end":{"line":284,"column":57}},"281":{"start":{"line":285,"column":4},"end":{"line":285,"column":48}},"282":{"start":{"line":286,"column":4},"end":{"line":286,"column":56}},"283":{"start":{"line":287,"column":4},"end":{"line":287,"column":59}},"284":{"start":{"line":288,"column":4},"end":{"line":288,"column":61}},"285":{"start":{"line":289,"column":4},"end":{"line":289,"column":65}},"286":{"start":{"line":290,"column":4},"end":{"line":290,"column":64}},"287":{"start":{"line":291,"column":4},"end":{"line":291,"column":55}},"288":{"start":{"line":292,"column":4},"end":{"line":292,"column":55}},"289":{"start":{"line":293,"column":4},"end":{"line":293,"column":55}},"290":{"start":{"line":294,"column":4},"end":{"line":294,"column":57}},"291":{"start":{"line":295,"column":4},"end":{"line":295,"column":59}},"292":{"start":{"line":296,"column":4},"end":{"line":296,"column":57}},"293":{"start":{"line":297,"column":4},"end":{"line":297,"column":54}},"294":{"start":{"line":298,"column":4},"end":{"line":298,"column":54}},"295":{"start":{"line":299,"column":4},"end":{"line":299,"column":53}},"296":{"start":{"line":300,"column":4},"end":{"line":300,"column":50}},"297":{"start":{"line":301,"column":4},"end":{"line":301,"column":57}},"298":{"start":{"line":302,"column":4},"end":{"line":302,"column":55}},"299":{"start":{"line":303,"column":4},"end":{"line":303,"column":64}},"300":{"start":{"line":304,"column":4},"end":{"line":304,"column":59}},"301":{"start":{"line":305,"column":4},"end":{"line":305,"column":60}},"302":{"start":{"line":306,"column":4},"end":{"line":306,"column":67}},"303":{"start":{"line":307,"column":4},"end":{"line":307,"column":61}},"304":{"start":{"line":308,"column":4},"end":{"line":308,"column":60}},"305":{"start":{"line":309,"column":4},"end":{"line":309,"column":59}},"306":{"start":{"line":310,"column":4},"end":{"line":310,"column":56}},"307":{"start":{"line":311,"column":4},"end":{"line":311,"column":62}},"308":{"start":{"line":312,"column":4},"end":{"line":312,"column":60}},"309":{"start":{"line":313,"column":4},"end":{"line":313,"column":51}},"310":{"start":{"line":314,"column":4},"end":{"line":314,"column":52}},"311":{"start":{"line":315,"column":4},"end":{"line":315,"column":48}},"312":{"start":{"line":316,"column":4},"end":{"line":316,"column":47}},"313":{"start":{"line":317,"column":4},"end":{"line":317,"column":47}},"314":{"start":{"line":318,"column":4},"end":{"line":318,"column":48}},"315":{"start":{"line":319,"column":4},"end":{"line":319,"column":49}},"316":{"start":{"line":320,"column":4},"end":{"line":320,"column":51}},"317":{"start":{"line":321,"column":4},"end":{"line":321,"column":52}},"318":{"start":{"line":322,"column":4},"end":{"line":322,"column":53}},"319":{"start":{"line":323,"column":4},"end":{"line":323,"column":50}},"320":{"start":{"line":324,"column":4},"end":{"line":324,"column":44}},"321":{"start":{"line":325,"column":4},"end":{"line":325,"column":44}},"322":{"start":{"line":326,"column":4},"end":{"line":326,"column":55}},"323":{"start":{"line":327,"column":4},"end":{"line":327,"column":52}},"324":{"start":{"line":328,"column":4},"end":{"line":328,"column":51}},"325":{"start":{"line":329,"column":4},"end":{"line":329,"column":56}},"326":{"start":{"line":330,"column":4},"end":{"line":330,"column":51}},"327":{"start":{"line":331,"column":4},"end":{"line":331,"column":66}},"328":{"start":{"line":332,"column":4},"end":{"line":332,"column":52}},"329":{"start":{"line":333,"column":4},"end":{"line":333,"column":51}},"330":{"start":{"line":334,"column":4},"end":{"line":334,"column":55}},"331":{"start":{"line":335,"column":4},"end":{"line":335,"column":57}},"332":{"start":{"line":336,"column":4},"end":{"line":336,"column":56}},"333":{"start":{"line":337,"column":4},"end":{"line":337,"column":51}},"334":{"start":{"line":338,"column":4},"end":{"line":338,"column":45}},"335":{"start":{"line":339,"column":4},"end":{"line":339,"column":46}},"336":{"start":{"line":340,"column":4},"end":{"line":340,"column":57}},"337":{"start":{"line":341,"column":4},"end":{"line":341,"column":60}},"338":{"start":{"line":342,"column":4},"end":{"line":342,"column":71}},"339":{"start":{"line":343,"column":4},"end":{"line":343,"column":58}},"340":{"start":{"line":344,"column":4},"end":{"line":344,"column":69}},"341":{"start":{"line":345,"column":4},"end":{"line":345,"column":53}},"342":{"start":{"line":346,"column":4},"end":{"line":346,"column":56}},"343":{"start":{"line":347,"column":4},"end":{"line":347,"column":63}},"344":{"start":{"line":348,"column":4},"end":{"line":348,"column":41}},"345":{"start":{"line":349,"column":4},"end":{"line":349,"column":44}},"346":{"start":{"line":350,"column":4},"end":{"line":350,"column":55}},"347":{"start":{"line":351,"column":4},"end":{"line":351,"column":43}},"348":{"start":{"line":352,"column":4},"end":{"line":352,"column":45}},"349":{"start":{"line":353,"column":4},"end":{"line":353,"column":44}},"350":{"start":{"line":354,"column":4},"end":{"line":354,"column":45}},"351":{"start":{"line":355,"column":4},"end":{"line":355,"column":51}},"352":{"start":{"line":356,"column":4},"end":{"line":356,"column":56}},"353":{"start":{"line":357,"column":4},"end":{"line":357,"column":72}},"354":{"start":{"line":358,"column":4},"end":{"line":358,"column":65}},"355":{"start":{"line":359,"column":4},"end":{"line":359,"column":71}}},"branchMap":{}},"/Users/runner/work/1/s/out/src/controllers/mainController.js":{"path":"/Users/runner/work/1/s/out/src/controllers/mainController.js","s":{"1":1,"2":1,"3":21,"4":6,"5":25,"6":1,"7":20,"8":20,"9":4,"10":1,"11":1,"12":1,"13":1,"14":1,"15":41,"16":25,"17":1,"18":1,"19":1,"20":1,"21":1,"22":1,"23":1,"24":1,"25":1,"26":1,"27":1,"28":1,"29":1,"30":1,"31":1,"32":1,"33":1,"34":1,"35":1,"36":1,"37":1,"38":1,"39":1,"40":1,"41":1,"42":1,"43":1,"44":1,"45":6,"46":6,"47":6,"48":6,"49":6,"50":2,"51":6,"52":6,"53":14,"54":14,"55":1,"56":1,"57":1,"58":0,"59":2,"60":3,"61":3,"62":3,"63":3,"64":1,"65":1,"66":1,"67":1,"68":1,"69":1,"70":1,"71":1,"72":0,"73":1,"74":1,"75":0,"76":1,"77":1,"78":0,"79":1,"80":1,"81":0,"82":0,"83":1,"84":1,"85":0,"86":1,"87":1,"88":0,"89":1,"90":1,"91":0,"92":1,"93":1,"94":0,"95":0,"96":1,"97":1,"98":0,"99":1,"100":1,"101":0,"102":1,"103":1,"104":0,"105":1,"106":1,"107":0,"108":0,"109":1,"110":1,"111":0,"112":1,"113":1,"114":1,"115":1,"116":1,"117":1,"118":1,"119":1,"120":1,"121":0,"122":0,"123":1,"124":0,"125":1,"126":0,"127":1,"128":0,"129":1,"130":0,"131":0,"132":0,"133":0,"134":0,"135":0,"136":0,"137":0,"138":0,"139":0,"140":0,"141":0,"142":0,"143":0,"144":0,"145":0,"146":0,"147":0,"148":0,"149":0,"150":0,"151":0,"152":0,"153":0,"154":0,"155":0,"156":1,"157":1,"158":1,"159":1,"160":1,"161":1,"162":1,"163":1,"164":1,"165":0,"166":1,"167":1,"168":1,"169":1,"170":1,"171":1,"172":3,"173":3,"174":3,"175":0,"176":0,"177":0,"178":0,"179":0,"180":0,"181":0,"182":3,"183":0,"184":1,"185":1,"186":1,"187":1,"188":1,"189":1,"190":1,"191":3,"192":0,"193":0,"194":0,"195":0,"196":0,"197":0,"198":0,"199":1,"200":1,"201":1,"202":1,"203":1,"204":0,"205":0,"206":0,"207":1,"208":1,"209":0,"210":0,"211":0,"212":0,"213":1,"214":0,"215":0,"216":0,"217":0,"218":0,"219":0,"220":0,"221":0,"222":0,"223":1,"224":0,"225":0,"226":0,"227":0,"228":0,"229":1,"230":0,"231":0,"232":1,"233":0,"234":0,"235":0,"236":0,"237":0,"238":0,"239":0,"240":0,"241":1,"242":0,"243":0,"244":1,"245":0,"246":0,"247":0,"248":1,"249":1,"250":0,"251":0,"252":1,"253":0,"254":0,"255":1,"256":0,"257":0,"258":1,"259":0,"260":0,"261":1,"262":0,"263":0,"264":1,"265":0,"266":0,"267":0,"268":0,"269":0,"270":0,"271":0,"272":0,"273":0,"274":0,"275":0,"276":0,"277":0,"278":0,"279":0,"280":1,"281":1,"282":1,"283":1,"284":1,"285":1,"286":0,"287":0,"288":0,"289":0,"290":0,"291":0,"292":1,"293":0,"294":1,"295":0,"296":1,"297":0,"298":0,"299":1,"300":0,"301":0,"302":1,"303":0,"304":0,"305":1,"306":0,"307":0,"308":1,"309":0,"310":0,"311":1,"312":0,"313":0,"314":0,"315":0,"316":0,"317":0,"318":0,"319":0,"320":0,"321":0,"322":0,"323":0,"324":0,"325":0,"326":0,"327":0,"328":0,"329":0,"330":0,"331":0,"332":0,"333":0,"334":0,"335":0,"336":0,"337":0,"338":0,"339":0,"340":0,"341":0,"342":0,"343":3,"344":3,"345":0,"346":0,"347":0,"348":0,"349":0,"350":0,"351":3,"352":1,"353":1,"354":1,"355":1,"356":2,"357":2,"358":1,"359":1,"360":0,"361":0,"362":2,"363":0,"364":0,"365":0,"366":0,"367":0,"368":0,"369":0,"370":0,"371":0,"372":0,"373":0,"374":0,"375":0,"376":0,"377":0,"378":0,"379":0,"380":0,"381":0,"382":0,"383":0,"384":0,"385":0,"386":0,"387":0,"388":0,"389":0,"390":0,"391":0,"392":0,"393":0,"394":0,"395":0,"396":0,"397":0,"398":1,"399":1,"400":1,"401":1,"402":1,"403":0,"404":1,"405":0,"406":1,"407":1,"408":1,"409":0,"410":0,"411":0,"412":0,"413":0,"414":0,"415":0,"416":0,"417":0,"418":0,"419":0,"420":0,"421":0,"422":0,"423":1,"424":1,"425":1,"426":1,"427":1,"428":1,"429":0,"430":1,"431":1,"432":1,"433":0,"434":0,"435":1,"436":0,"437":1,"438":1,"439":0,"440":0,"441":3,"442":12,"443":12,"444":9,"445":0,"446":0,"447":9,"448":8,"449":5,"450":5,"451":3,"452":0,"453":0,"454":1,"455":1,"456":1,"457":1,"458":1,"459":0,"460":0,"461":0,"462":0,"463":0,"464":0,"465":2,"466":2,"467":2,"468":2,"469":1,"470":0,"471":0,"472":0,"473":0,"474":0,"475":0,"476":0,"477":0,"478":0,"479":0,"480":0,"481":0,"482":1,"483":1,"484":0,"485":1,"486":1,"487":0,"488":1,"489":1,"490":1,"491":0,"492":1,"493":1,"494":1,"495":1,"496":5,"497":5,"498":1,"499":4,"500":4,"501":4,"502":2,"503":4,"504":2,"505":4,"506":1,"507":3,"508":1,"509":2,"510":2,"511":4,"512":4,"513":4,"514":4,"515":4,"516":4,"517":0,"518":4,"519":1,"520":3,"521":3,"522":3,"523":3,"524":3,"525":3,"526":3,"527":4,"528":1,"529":3,"530":3,"531":3,"532":3,"533":0,"534":0,"535":0,"536":0,"537":0,"538":0,"539":0,"540":0,"541":0,"542":0,"543":0,"544":0,"545":0,"546":0,"547":0,"548":0,"549":0,"550":0,"551":0,"552":0,"553":0,"554":0,"555":0,"556":0,"557":0,"558":0,"559":0,"560":0,"561":0,"562":0,"563":0,"564":0,"565":0,"566":0,"567":0,"568":1},"b":{"1":[1,1,1],"2":[15,6],"3":[25,25],"4":[20,21],"5":[25,25],"6":[2,4],"7":[6,0],"8":[1,0],"9":[0,0],"10":[0,0],"11":[0,0],"12":[0,0],"13":[0,1],"14":[1,0],"15":[0,0],"16":[0,0,0],"17":[0,0],"18":[0,3],"19":[1,1],"20":[1,1],"21":[1,1],"22":[0,0],"23":[0,0],"24":[0,0],"25":[0,0],"26":[0,0],"27":[0,0],"28":[0,0],"29":[0,0],"30":[0,0],"31":[0,0],"32":[0,0],"33":[0,0],"34":[0,0],"35":[0,0],"36":[1,0],"37":[1,1],"38":[0,0],"39":[0,0],"40":[0,0],"41":[0,0],"42":[0,0],"43":[0,0],"44":[0,0],"45":[0,0],"46":[0,0],"47":[0,0],"48":[0,0],"49":[0,3],"50":[3,3],"51":[0,0],"52":[0,0],"53":[1,0],"54":[1,1],"55":[2,2],"56":[0,1],"57":[0,0],"58":[0,0,0],"59":[0,0],"60":[0,0],"61":[0,0],"62":[0,0],"63":[0,0],"64":[0,0],"65":[0,0],"66":[0,0],"67":[0,0],"68":[0,0],"69":[0,0],"70":[0,0],"71":[0,1],"72":[0,1],"73":[1,1],"74":[0,1],"75":[0,0],"76":[0,0],"77":[1,0],"78":[0,0],"79":[0,0],"80":[0,0],"81":[0,0],"82":[0,1],"83":[1,0],"84":[0,1],"85":[0,9],"86":[5,3],"87":[1,0],"88":[0,0],"89":[2,0],"90":[0,1],"91":[0,0],"92":[0,0],"93":[0,0],"94":[0,1],"95":[1,4],"96":[2,2],"97":[2,2],"98":[1,3],"99":[4,2,1],"100":[1,2],"101":[3,2],"102":[0,1],"103":[1,3],"104":[3,0],"105":[3,3],"106":[3,0],"107":[3,3],"108":[1,3],"109":[0,0],"110":[0,0],"111":[0,0],"112":[0,0],"113":[0,0],"114":[0,0],"115":[0,0],"116":[0,0]},"f":{"1":25,"2":21,"3":6,"4":25,"5":20,"6":1,"7":41,"8":6,"9":14,"10":1,"11":2,"12":3,"13":3,"14":1,"15":1,"16":0,"17":0,"18":0,"19":0,"20":0,"21":0,"22":0,"23":1,"24":1,"25":1,"26":1,"27":3,"28":0,"29":0,"30":1,"31":0,"32":0,"33":0,"34":0,"35":0,"36":0,"37":0,"38":0,"39":0,"40":0,"41":0,"42":0,"43":0,"44":1,"45":0,"46":0,"47":0,"48":0,"49":0,"50":0,"51":0,"52":0,"53":0,"54":0,"55":0,"56":0,"57":3,"58":3,"59":1,"60":1,"61":2,"62":2,"63":0,"64":0,"65":0,"66":0,"67":0,"68":0,"69":1,"70":1,"71":1,"72":1,"73":1,"74":3,"75":12,"76":12,"77":9,"78":8,"79":0,"80":1,"81":1,"82":0,"83":0,"84":0,"85":0,"86":2,"87":2,"88":1,"89":5,"90":5,"91":4,"92":4,"93":0,"94":0,"95":0,"96":0},"fnMap":{"1":{"name":"(anonymous_1)","line":6,"loc":{"start":{"line":6,"column":44},"end":{"line":6,"column":89}}},"2":{"name":"adopt","line":7,"loc":{"start":{"line":7,"column":4},"end":{"line":7,"column":26}}},"3":{"name":"(anonymous_3)","line":7,"loc":{"start":{"line":7,"column":70},"end":{"line":7,"column":89}}},"4":{"name":"(anonymous_4)","line":8,"loc":{"start":{"line":8,"column":36},"end":{"line":8,"column":63}}},"5":{"name":"fulfilled","line":9,"loc":{"start":{"line":9,"column":8},"end":{"line":9,"column":34}}},"6":{"name":"rejected","line":10,"loc":{"start":{"line":10,"column":8},"end":{"line":10,"column":33}}},"7":{"name":"step","line":11,"loc":{"start":{"line":11,"column":8},"end":{"line":11,"column":30}}},"8":{"name":"(anonymous_8)","line":51,"loc":{"start":{"line":51,"column":15},"end":{"line":51,"column":59}}},"9":{"name":"(anonymous_9)","line":65,"loc":{"start":{"line":65,"column":19},"end":{"line":65,"column":29}}},"10":{"name":"(anonymous_10)","line":72,"loc":{"start":{"line":72,"column":27},"end":{"line":72,"column":37}}},"11":{"name":"(anonymous_11)","line":81,"loc":{"start":{"line":81,"column":11},"end":{"line":81,"column":14}}},"12":{"name":"(anonymous_12)","line":87,"loc":{"start":{"line":87,"column":14},"end":{"line":87,"column":17}}},"13":{"name":"(anonymous_13)","line":88,"loc":{"start":{"line":88,"column":47},"end":{"line":88,"column":60}}},"14":{"name":"(anonymous_14)","line":97,"loc":{"start":{"line":97,"column":12},"end":{"line":97,"column":15}}},"15":{"name":"(anonymous_15)","line":98,"loc":{"start":{"line":98,"column":47},"end":{"line":98,"column":60}}},"16":{"name":"(anonymous_16)","line":112,"loc":{"start":{"line":112,"column":108},"end":{"line":112,"column":121}}},"17":{"name":"(anonymous_17)","line":120,"loc":{"start":{"line":120,"column":102},"end":{"line":120,"column":115}}},"18":{"name":"(anonymous_18)","line":128,"loc":{"start":{"line":128,"column":96},"end":{"line":128,"column":109}}},"19":{"name":"(anonymous_19)","line":140,"loc":{"start":{"line":140,"column":103},"end":{"line":140,"column":116}}},"20":{"name":"(anonymous_20)","line":151,"loc":{"start":{"line":151,"column":14},"end":{"line":151,"column":55}}},"21":{"name":"(anonymous_21)","line":152,"loc":{"start":{"line":152,"column":47},"end":{"line":152,"column":60}}},"22":{"name":"(anonymous_22)","line":188,"loc":{"start":{"line":188,"column":17},"end":{"line":188,"column":20}}},"23":{"name":"(anonymous_23)","line":194,"loc":{"start":{"line":194,"column":14},"end":{"line":194,"column":17}}},"24":{"name":"(anonymous_24)","line":195,"loc":{"start":{"line":195,"column":47},"end":{"line":195,"column":60}}},"25":{"name":"(anonymous_25)","line":221,"loc":{"start":{"line":221,"column":30},"end":{"line":221,"column":33}}},"26":{"name":"(anonymous_26)","line":222,"loc":{"start":{"line":222,"column":47},"end":{"line":222,"column":60}}},"27":{"name":"(anonymous_27)","line":223,"loc":{"start":{"line":223,"column":93},"end":{"line":223,"column":106}}},"28":{"name":"(anonymous_28)","line":258,"loc":{"start":{"line":258,"column":31},"end":{"line":258,"column":55}}},"29":{"name":"(anonymous_29)","line":259,"loc":{"start":{"line":259,"column":47},"end":{"line":259,"column":60}}},"30":{"name":"(anonymous_30)","line":273,"loc":{"start":{"line":273,"column":28},"end":{"line":273,"column":31}}},"31":{"name":"(anonymous_31)","line":291,"loc":{"start":{"line":291,"column":93},"end":{"line":291,"column":106}}},"32":{"name":"(anonymous_32)","line":298,"loc":{"start":{"line":298,"column":160},"end":{"line":298,"column":173}}},"33":{"name":"(anonymous_33)","line":312,"loc":{"start":{"line":312,"column":162},"end":{"line":312,"column":175}}},"34":{"name":"(anonymous_34)","line":319,"loc":{"start":{"line":319,"column":163},"end":{"line":319,"column":176}}},"35":{"name":"(anonymous_35)","line":323,"loc":{"start":{"line":323,"column":154},"end":{"line":323,"column":167}}},"36":{"name":"(anonymous_36)","line":334,"loc":{"start":{"line":334,"column":155},"end":{"line":334,"column":168}}},"37":{"name":"(anonymous_37)","line":338,"loc":{"start":{"line":338,"column":158},"end":{"line":338,"column":171}}},"38":{"name":"(anonymous_38)","line":345,"loc":{"start":{"line":345,"column":142},"end":{"line":345,"column":155}}},"39":{"name":"(anonymous_39)","line":349,"loc":{"start":{"line":349,"column":142},"end":{"line":349,"column":155}}},"40":{"name":"(anonymous_40)","line":351,"loc":{"start":{"line":351,"column":142},"end":{"line":351,"column":155}}},"41":{"name":"(anonymous_41)","line":353,"loc":{"start":{"line":353,"column":143},"end":{"line":353,"column":156}}},"42":{"name":"(anonymous_42)","line":355,"loc":{"start":{"line":355,"column":141},"end":{"line":355,"column":154}}},"43":{"name":"(anonymous_43)","line":357,"loc":{"start":{"line":357,"column":140},"end":{"line":357,"column":153}}},"44":{"name":"(anonymous_44)","line":386,"loc":{"start":{"line":386,"column":26},"end":{"line":386,"column":29}}},"45":{"name":"(anonymous_45)","line":413,"loc":{"start":{"line":413,"column":150},"end":{"line":413,"column":163}}},"46":{"name":"(anonymous_46)","line":417,"loc":{"start":{"line":417,"column":149},"end":{"line":417,"column":162}}},"47":{"name":"(anonymous_47)","line":421,"loc":{"start":{"line":421,"column":151},"end":{"line":421,"column":164}}},"48":{"name":"(anonymous_48)","line":425,"loc":{"start":{"line":425,"column":151},"end":{"line":425,"column":164}}},"49":{"name":"(anonymous_49)","line":429,"loc":{"start":{"line":429,"column":156},"end":{"line":429,"column":169}}},"50":{"name":"(anonymous_50)","line":438,"loc":{"start":{"line":438,"column":18},"end":{"line":438,"column":21}}},"51":{"name":"(anonymous_51)","line":439,"loc":{"start":{"line":439,"column":47},"end":{"line":439,"column":60}}},"52":{"name":"(anonymous_52)","line":462,"loc":{"start":{"line":462,"column":17},"end":{"line":462,"column":20}}},"53":{"name":"(anonymous_53)","line":477,"loc":{"start":{"line":477,"column":20},"end":{"line":477,"column":23}}},"54":{"name":"(anonymous_54)","line":478,"loc":{"start":{"line":478,"column":47},"end":{"line":478,"column":60}}},"55":{"name":"(anonymous_55)","line":490,"loc":{"start":{"line":490,"column":26},"end":{"line":490,"column":29}}},"56":{"name":"(anonymous_56)","line":491,"loc":{"start":{"line":491,"column":47},"end":{"line":491,"column":60}}},"57":{"name":"(anonymous_57)","line":507,"loc":{"start":{"line":507,"column":16},"end":{"line":507,"column":19}}},"58":{"name":"(anonymous_58)","line":508,"loc":{"start":{"line":508,"column":47},"end":{"line":508,"column":60}}},"59":{"name":"(anonymous_59)","line":525,"loc":{"start":{"line":525,"column":20},"end":{"line":525,"column":23}}},"60":{"name":"(anonymous_60)","line":526,"loc":{"start":{"line":526,"column":47},"end":{"line":526,"column":60}}},"61":{"name":"(anonymous_61)","line":536,"loc":{"start":{"line":536,"column":19},"end":{"line":536,"column":22}}},"62":{"name":"(anonymous_62)","line":537,"loc":{"start":{"line":537,"column":47},"end":{"line":537,"column":60}}},"63":{"name":"(anonymous_63)","line":558,"loc":{"start":{"line":558,"column":11},"end":{"line":558,"column":68}}},"64":{"name":"(anonymous_64)","line":559,"loc":{"start":{"line":559,"column":47},"end":{"line":559,"column":60}}},"65":{"name":"(anonymous_65)","line":575,"loc":{"start":{"line":575,"column":25},"end":{"line":575,"column":28}}},"66":{"name":"(anonymous_66)","line":592,"loc":{"start":{"line":592,"column":29},"end":{"line":592,"column":38}}},"67":{"name":"(anonymous_67)","line":598,"loc":{"start":{"line":598,"column":25},"end":{"line":598,"column":40}}},"68":{"name":"(anonymous_68)","line":599,"loc":{"start":{"line":599,"column":47},"end":{"line":599,"column":60}}},"69":{"name":"(anonymous_69)","line":642,"loc":{"start":{"line":642,"column":14},"end":{"line":642,"column":29}}},"70":{"name":"(anonymous_70)","line":644,"loc":{"start":{"line":644,"column":47},"end":{"line":644,"column":60}}},"71":{"name":"(anonymous_71)","line":698,"loc":{"start":{"line":698,"column":30},"end":{"line":698,"column":44}}},"72":{"name":"(anonymous_72)","line":699,"loc":{"start":{"line":699,"column":47},"end":{"line":699,"column":60}}},"73":{"name":"(anonymous_73)","line":727,"loc":{"start":{"line":727,"column":19},"end":{"line":727,"column":29}}},"74":{"name":"(anonymous_74)","line":737,"loc":{"start":{"line":737,"column":25},"end":{"line":737,"column":28}}},"75":{"name":"(anonymous_75)","line":740,"loc":{"start":{"line":740,"column":25},"end":{"line":740,"column":45}}},"76":{"name":"(anonymous_76)","line":743,"loc":{"start":{"line":743,"column":34},"end":{"line":743,"column":63}}},"77":{"name":"(anonymous_77)","line":749,"loc":{"start":{"line":749,"column":17},"end":{"line":749,"column":20}}},"78":{"name":"(anonymous_78)","line":759,"loc":{"start":{"line":759,"column":32},"end":{"line":759,"column":35}}},"79":{"name":"(anonymous_79)","line":769,"loc":{"start":{"line":769,"column":19},"end":{"line":769,"column":22}}},"80":{"name":"(anonymous_80)","line":776,"loc":{"start":{"line":776,"column":26},"end":{"line":776,"column":29}}},"81":{"name":"(anonymous_81)","line":777,"loc":{"start":{"line":777,"column":47},"end":{"line":777,"column":60}}},"82":{"name":"(anonymous_82)","line":792,"loc":{"start":{"line":792,"column":26},"end":{"line":792,"column":29}}},"83":{"name":"(anonymous_83)","line":793,"loc":{"start":{"line":793,"column":47},"end":{"line":793,"column":60}}},"84":{"name":"(anonymous_84)","line":800,"loc":{"start":{"line":800,"column":28},"end":{"line":800,"column":31}}},"85":{"name":"(anonymous_85)","line":801,"loc":{"start":{"line":801,"column":47},"end":{"line":801,"column":60}}},"86":{"name":"(anonymous_86)","line":808,"loc":{"start":{"line":808,"column":14},"end":{"line":808,"column":30}}},"87":{"name":"(anonymous_87)","line":809,"loc":{"start":{"line":809,"column":47},"end":{"line":809,"column":60}}},"88":{"name":"(anonymous_88)","line":854,"loc":{"start":{"line":854,"column":34},"end":{"line":854,"column":37}}},"89":{"name":"(anonymous_89)","line":882,"loc":{"start":{"line":882,"column":26},"end":{"line":882,"column":32}}},"90":{"name":"(anonymous_90)","line":883,"loc":{"start":{"line":883,"column":47},"end":{"line":883,"column":60}}},"91":{"name":"(anonymous_91)","line":933,"loc":{"start":{"line":933,"column":25},"end":{"line":933,"column":31}}},"92":{"name":"(anonymous_92)","line":955,"loc":{"start":{"line":955,"column":25},"end":{"line":955,"column":31}}},"93":{"name":"(anonymous_93)","line":967,"loc":{"start":{"line":967,"column":30},"end":{"line":967,"column":33}}},"94":{"name":"(anonymous_94)","line":978,"loc":{"start":{"line":978,"column":28},"end":{"line":978,"column":32}}},"95":{"name":"(anonymous_95)","line":979,"loc":{"start":{"line":979,"column":47},"end":{"line":979,"column":60}}},"96":{"name":"(anonymous_96)","line":1034,"loc":{"start":{"line":1034,"column":20},"end":{"line":1034,"column":31}}}},"statementMap":{"1":{"start":{"line":6,"column":0},"end":{"line":14,"column":2}},"2":{"start":{"line":7,"column":4},"end":{"line":7,"column":112}},"3":{"start":{"line":7,"column":28},"end":{"line":7,"column":110}},"4":{"start":{"line":7,"column":91},"end":{"line":7,"column":106}},"5":{"start":{"line":8,"column":4},"end":{"line":13,"column":7}},"6":{"start":{"line":9,"column":8},"end":{"line":9,"column":99}},"7":{"start":{"line":9,"column":36},"end":{"line":9,"column":97}},"8":{"start":{"line":9,"column":42},"end":{"line":9,"column":70}},"9":{"start":{"line":9,"column":85},"end":{"line":9,"column":95}},"10":{"start":{"line":10,"column":8},"end":{"line":10,"column":102}},"11":{"start":{"line":10,"column":35},"end":{"line":10,"column":100}},"12":{"start":{"line":10,"column":41},"end":{"line":10,"column":73}},"13":{"start":{"line":10,"column":88},"end":{"line":10,"column":98}},"14":{"start":{"line":11,"column":8},"end":{"line":11,"column":118}},"15":{"start":{"line":11,"column":32},"end":{"line":11,"column":116}},"16":{"start":{"line":12,"column":8},"end":{"line":12,"column":78}},"17":{"start":{"line":15,"column":0},"end":{"line":15,"column":62}},"18":{"start":{"line":16,"column":0},"end":{"line":16,"column":33}},"19":{"start":{"line":17,"column":0},"end":{"line":17,"column":33}},"20":{"start":{"line":18,"column":0},"end":{"line":18,"column":52}},"21":{"start":{"line":19,"column":0},"end":{"line":19,"column":70}},"22":{"start":{"line":20,"column":0},"end":{"line":20,"column":41}},"23":{"start":{"line":21,"column":0},"end":{"line":21,"column":81}},"24":{"start":{"line":22,"column":0},"end":{"line":22,"column":73}},"25":{"start":{"line":23,"column":0},"end":{"line":23,"column":52}},"26":{"start":{"line":24,"column":0},"end":{"line":24,"column":59}},"27":{"start":{"line":25,"column":0},"end":{"line":25,"column":68}},"28":{"start":{"line":26,"column":0},"end":{"line":26,"column":48}},"29":{"start":{"line":27,"column":0},"end":{"line":27,"column":51}},"30":{"start":{"line":28,"column":0},"end":{"line":28,"column":77}},"31":{"start":{"line":29,"column":0},"end":{"line":29,"column":29}},"32":{"start":{"line":30,"column":0},"end":{"line":30,"column":25}},"33":{"start":{"line":31,"column":0},"end":{"line":31,"column":85}},"34":{"start":{"line":32,"column":0},"end":{"line":32,"column":68}},"35":{"start":{"line":33,"column":0},"end":{"line":33,"column":42}},"36":{"start":{"line":34,"column":0},"end":{"line":34,"column":79}},"37":{"start":{"line":35,"column":0},"end":{"line":35,"column":85}},"38":{"start":{"line":36,"column":0},"end":{"line":36,"column":79}},"39":{"start":{"line":37,"column":0},"end":{"line":37,"column":59}},"40":{"start":{"line":38,"column":0},"end":{"line":38,"column":75}},"41":{"start":{"line":39,"column":0},"end":{"line":39,"column":65}},"42":{"start":{"line":40,"column":0},"end":{"line":40,"column":73}},"43":{"start":{"line":41,"column":0},"end":{"line":41,"column":75}},"44":{"start":{"line":42,"column":0},"end":{"line":42,"column":78}},"45":{"start":{"line":52,"column":8},"end":{"line":52,"column":48}},"46":{"start":{"line":53,"column":8},"end":{"line":53,"column":34}},"47":{"start":{"line":54,"column":8},"end":{"line":54,"column":45}},"48":{"start":{"line":55,"column":8},"end":{"line":55,"column":32}},"49":{"start":{"line":56,"column":8},"end":{"line":58,"column":9}},"50":{"start":{"line":57,"column":12},"end":{"line":57,"column":52}},"51":{"start":{"line":59,"column":8},"end":{"line":59,"column":77}},"52":{"start":{"line":60,"column":8},"end":{"line":60,"column":105}},"53":{"start":{"line":66,"column":8},"end":{"line":66,"column":26}},"54":{"start":{"line":67,"column":8},"end":{"line":67,"column":116}},"55":{"start":{"line":67,"column":88},"end":{"line":67,"column":113}},"56":{"start":{"line":73,"column":8},"end":{"line":73,"column":26}},"57":{"start":{"line":74,"column":8},"end":{"line":76,"column":12}},"58":{"start":{"line":75,"column":12},"end":{"line":75,"column":44}},"59":{"start":{"line":82,"column":8},"end":{"line":82,"column":26}},"60":{"start":{"line":88,"column":8},"end":{"line":92,"column":11}},"61":{"start":{"line":89,"column":12},"end":{"line":89,"column":44}},"62":{"start":{"line":90,"column":12},"end":{"line":90,"column":38}},"63":{"start":{"line":91,"column":12},"end":{"line":91,"column":39}},"64":{"start":{"line":98,"column":8},"end":{"line":146,"column":11}},"65":{"start":{"line":100,"column":12},"end":{"line":100,"column":58}},"66":{"start":{"line":101,"column":12},"end":{"line":145,"column":13}},"67":{"start":{"line":103,"column":16},"end":{"line":103,"column":59}},"68":{"start":{"line":104,"column":16},"end":{"line":104,"column":110}},"69":{"start":{"line":104,"column":61},"end":{"line":104,"column":106}},"70":{"start":{"line":105,"column":16},"end":{"line":105,"column":62}},"71":{"start":{"line":106,"column":16},"end":{"line":106,"column":110}},"72":{"start":{"line":106,"column":64},"end":{"line":106,"column":106}},"73":{"start":{"line":107,"column":16},"end":{"line":107,"column":60}},"74":{"start":{"line":108,"column":16},"end":{"line":108,"column":84}},"75":{"start":{"line":108,"column":62},"end":{"line":108,"column":80}},"76":{"start":{"line":109,"column":16},"end":{"line":109,"column":76}},"77":{"start":{"line":110,"column":16},"end":{"line":110,"column":106}},"78":{"start":{"line":110,"column":73},"end":{"line":110,"column":102}},"79":{"start":{"line":111,"column":16},"end":{"line":111,"column":71}},"80":{"start":{"line":112,"column":16},"end":{"line":112,"column":158}},"81":{"start":{"line":112,"column":76},"end":{"line":112,"column":156}},"82":{"start":{"line":112,"column":123},"end":{"line":112,"column":153}},"83":{"start":{"line":113,"column":16},"end":{"line":113,"column":66}},"84":{"start":{"line":114,"column":16},"end":{"line":114,"column":118}},"85":{"start":{"line":114,"column":68},"end":{"line":114,"column":114}},"86":{"start":{"line":115,"column":16},"end":{"line":115,"column":72}},"87":{"start":{"line":116,"column":16},"end":{"line":116,"column":130}},"88":{"start":{"line":116,"column":74},"end":{"line":116,"column":126}},"89":{"start":{"line":117,"column":16},"end":{"line":117,"column":63}},"90":{"start":{"line":118,"column":16},"end":{"line":118,"column":90}},"91":{"start":{"line":118,"column":65},"end":{"line":118,"column":86}},"92":{"start":{"line":119,"column":16},"end":{"line":119,"column":70}},"93":{"start":{"line":120,"column":16},"end":{"line":120,"column":160}},"94":{"start":{"line":120,"column":70},"end":{"line":120,"column":158}},"95":{"start":{"line":120,"column":117},"end":{"line":120,"column":155}},"96":{"start":{"line":121,"column":16},"end":{"line":121,"column":60}},"97":{"start":{"line":122,"column":16},"end":{"line":122,"column":101}},"98":{"start":{"line":122,"column":60},"end":{"line":122,"column":99}},"99":{"start":{"line":123,"column":16},"end":{"line":123,"column":76}},"100":{"start":{"line":124,"column":16},"end":{"line":124,"column":111}},"101":{"start":{"line":124,"column":78},"end":{"line":124,"column":107}},"102":{"start":{"line":125,"column":16},"end":{"line":125,"column":83}},"103":{"start":{"line":126,"column":16},"end":{"line":126,"column":126}},"104":{"start":{"line":126,"column":83},"end":{"line":126,"column":122}},"105":{"start":{"line":127,"column":16},"end":{"line":127,"column":64}},"106":{"start":{"line":128,"column":16},"end":{"line":128,"column":144}},"107":{"start":{"line":128,"column":64},"end":{"line":128,"column":142}},"108":{"start":{"line":128,"column":111},"end":{"line":128,"column":139}},"109":{"start":{"line":129,"column":16},"end":{"line":129,"column":68}},"110":{"start":{"line":130,"column":16},"end":{"line":130,"column":107}},"111":{"start":{"line":130,"column":68},"end":{"line":130,"column":105}},"112":{"start":{"line":131,"column":16},"end":{"line":131,"column":48}},"113":{"start":{"line":132,"column":16},"end":{"line":132,"column":46}},"114":{"start":{"line":133,"column":16},"end":{"line":133,"column":145}},"115":{"start":{"line":134,"column":16},"end":{"line":134,"column":102}},"116":{"start":{"line":135,"column":16},"end":{"line":135,"column":126}},"117":{"start":{"line":136,"column":16},"end":{"line":136,"column":104}},"118":{"start":{"line":137,"column":16},"end":{"line":137,"column":163}},"119":{"start":{"line":138,"column":16},"end":{"line":138,"column":191}},"120":{"start":{"line":140,"column":16},"end":{"line":140,"column":172}},"121":{"start":{"line":140,"column":71},"end":{"line":140,"column":170}},"122":{"start":{"line":140,"column":118},"end":{"line":140,"column":167}},"123":{"start":{"line":141,"column":16},"end":{"line":141,"column":104}},"124":{"start":{"line":141,"column":68},"end":{"line":141,"column":102}},"125":{"start":{"line":142,"column":16},"end":{"line":142,"column":104}},"126":{"start":{"line":142,"column":68},"end":{"line":142,"column":102}},"127":{"start":{"line":143,"column":16},"end":{"line":143,"column":110}},"128":{"start":{"line":143,"column":71},"end":{"line":143,"column":108}},"129":{"start":{"line":144,"column":16},"end":{"line":144,"column":28}},"130":{"start":{"line":152,"column":8},"end":{"line":183,"column":11}},"131":{"start":{"line":153,"column":12},"end":{"line":153,"column":87}},"132":{"start":{"line":154,"column":12},"end":{"line":154,"column":73}},"133":{"start":{"line":155,"column":12},"end":{"line":155,"column":97}},"134":{"start":{"line":157,"column":12},"end":{"line":166,"column":13}},"135":{"start":{"line":160,"column":16},"end":{"line":160,"column":56}},"136":{"start":{"line":161,"column":16},"end":{"line":165,"column":17}},"137":{"start":{"line":162,"column":20},"end":{"line":162,"column":62}},"138":{"start":{"line":163,"column":20},"end":{"line":163,"column":92}},"139":{"start":{"line":164,"column":20},"end":{"line":164,"column":34}},"140":{"start":{"line":167,"column":12},"end":{"line":167,"column":98}},"141":{"start":{"line":168,"column":12},"end":{"line":168,"column":92}},"142":{"start":{"line":169,"column":12},"end":{"line":169,"column":57}},"143":{"start":{"line":170,"column":12},"end":{"line":170,"column":81}},"144":{"start":{"line":171,"column":12},"end":{"line":171,"column":76}},"145":{"start":{"line":172,"column":12},"end":{"line":172,"column":62}},"146":{"start":{"line":173,"column":12},"end":{"line":173,"column":88}},"147":{"start":{"line":174,"column":12},"end":{"line":174,"column":34}},"148":{"start":{"line":175,"column":12},"end":{"line":175,"column":85}},"149":{"start":{"line":176,"column":12},"end":{"line":176,"column":59}},"150":{"start":{"line":177,"column":12},"end":{"line":182,"column":13}},"151":{"start":{"line":178,"column":16},"end":{"line":178,"column":63}},"152":{"start":{"line":179,"column":16},"end":{"line":179,"column":114}},"153":{"start":{"line":180,"column":16},"end":{"line":180,"column":35}},"154":{"start":{"line":181,"column":16},"end":{"line":181,"column":97}},"155":{"start":{"line":189,"column":8},"end":{"line":189,"column":33}},"156":{"start":{"line":195,"column":8},"end":{"line":216,"column":11}},"157":{"start":{"line":197,"column":12},"end":{"line":197,"column":77}},"158":{"start":{"line":199,"column":12},"end":{"line":199,"column":77}},"159":{"start":{"line":201,"column":12},"end":{"line":201,"column":72}},"160":{"start":{"line":203,"column":12},"end":{"line":203,"column":152}},"161":{"start":{"line":205,"column":12},"end":{"line":205,"column":115}},"162":{"start":{"line":206,"column":12},"end":{"line":206,"column":42}},"163":{"start":{"line":208,"column":12},"end":{"line":208,"column":74}},"164":{"start":{"line":209,"column":12},"end":{"line":211,"column":13}},"165":{"start":{"line":210,"column":16},"end":{"line":210,"column":70}},"166":{"start":{"line":212,"column":12},"end":{"line":212,"column":52}},"167":{"start":{"line":213,"column":12},"end":{"line":213,"column":41}},"168":{"start":{"line":214,"column":12},"end":{"line":214,"column":37}},"169":{"start":{"line":215,"column":12},"end":{"line":215,"column":24}},"170":{"start":{"line":222,"column":8},"end":{"line":253,"column":11}},"171":{"start":{"line":223,"column":12},"end":{"line":242,"column":15}},"172":{"start":{"line":223,"column":61},"end":{"line":242,"column":14}},"173":{"start":{"line":224,"column":16},"end":{"line":224,"column":43}},"174":{"start":{"line":225,"column":16},"end":{"line":238,"column":17}},"175":{"start":{"line":227,"column":20},"end":{"line":230,"column":21}},"176":{"start":{"line":228,"column":24},"end":{"line":228,"column":59}},"177":{"start":{"line":229,"column":24},"end":{"line":229,"column":46}},"178":{"start":{"line":232,"column":20},"end":{"line":237,"column":21}},"179":{"start":{"line":234,"column":24},"end":{"line":234,"column":103}},"180":{"start":{"line":235,"column":24},"end":{"line":235,"column":43}},"181":{"start":{"line":236,"column":24},"end":{"line":236,"column":46}},"182":{"start":{"line":239,"column":16},"end":{"line":241,"column":17}},"183":{"start":{"line":240,"column":20},"end":{"line":240,"column":148}},"184":{"start":{"line":243,"column":12},"end":{"line":243,"column":45}},"185":{"start":{"line":244,"column":12},"end":{"line":244,"column":137}},"186":{"start":{"line":245,"column":12},"end":{"line":245,"column":86}},"187":{"start":{"line":246,"column":12},"end":{"line":246,"column":97}},"188":{"start":{"line":247,"column":12},"end":{"line":247,"column":103}},"189":{"start":{"line":248,"column":12},"end":{"line":248,"column":115}},"190":{"start":{"line":249,"column":12},"end":{"line":252,"column":13}},"191":{"start":{"line":251,"column":16},"end":{"line":251,"column":67}},"192":{"start":{"line":259,"column":8},"end":{"line":268,"column":11}},"193":{"start":{"line":260,"co
[...]
,"end":{"line":32,"column":77}},"26":{"start":{"line":33,"column":12},"end":{"line":40,"column":13}},"27":{"start":{"line":34,"column":16},"end":{"line":34,"column":120}},"28":{"start":{"line":35,"column":16},"end":{"line":35,"column":88}},"29":{"start":{"line":35,"column":85},"end":{"line":35,"column":86}},"30":{"start":{"line":36,"column":16},"end":{"line":36,"column":92}},"31":{"start":{"line":36,"column":48},"end":{"line":36,"column":90}},"32":{"start":{"line":39,"column":16},"end":{"line":39,"column":51}},"33":{"start":{"line":52,"column":8},"end":{"line":61,"column":11}},"34":{"start":{"line":53,"column":12},"end":{"line":59,"column":13}},"35":{"start":{"line":54,"column":16},"end":{"line":54,"column":90}},"36":{"start":{"line":55,"column":16},"end":{"line":58,"column":17}},"37":{"start":{"line":56,"column":20},"end":{"line":56,"column":129}},"38":{"start":{"line":57,"column":20},"end":{"line":57,"column":59}},"39":{"start":{"line":60,"column":12},"end":{"line":60,"column":29}},"40":{"start":{"line":69,"column":8},"end":{"line":69,"column":15}},"41":{"start":{"line":70,"column":8},"end":{"line":80,"column":11}},"42":{"start":{"line":71,"column":12},"end":{"line":79,"column":13}},"43":{"start":{"line":72,"column":16},"end":{"line":72,"column":134}},"44":{"start":{"line":73,"column":16},"end":{"line":73,"column":87}},"45":{"start":{"line":74,"column":16},"end":{"line":74,"column":85}},"46":{"start":{"line":74,"column":82},"end":{"line":74,"column":83}},"47":{"start":{"line":75,"column":16},"end":{"line":75,"column":89}},"48":{"start":{"line":75,"column":45},"end":{"line":75,"column":87}},"49":{"start":{"line":78,"column":16},"end":{"line":78,"column":51}},"50":{"start":{"line":83,"column":0},"end":{"line":83,"column":58}}},"branchMap":{"1":{"line":6,"type":"binary-expr","locations":[{"start":{"line":6,"column":17},"end":{"line":6,"column":21}},{"start":{"line":6,"column":25},"end":{"line":6,"column":39}},{"start":{"line":6,"column":44},"end":{"line":14,"column":1}}]},"2":{"line":7,"type":"cond-expr","locations":[{"start":{"line":7,"column":56},"end":{"line":7,"column":61}},{"start":{"line":7,"column":64},"end":{"line":7,"column":109}}]},"3":{"line":8,"type":"binary-expr","locations":[{"start":{"line":8,"column":16},"end":{"line":8,"column":17}},{"start":{"line":8,"column":22},"end":{"line":8,"column":33}}]},"4":{"line":11,"type":"cond-expr","locations":[{"start":{"line":11,"column":46},"end":{"line":11,"column":67}},{"start":{"line":11,"column":70},"end":{"line":11,"column":115}}]},"5":{"line":12,"type":"binary-expr","locations":[{"start":{"line":12,"column":51},"end":{"line":12,"column":61}},{"start":{"line":12,"column":65},"end":{"line":12,"column":67}}]},"6":{"line":33,"type":"if","locations":[{"start":{"line":33,"column":12},"end":{"line":33,"column":12}},{"start":{"line":33,"column":12},"end":{"line":33,"column":12}}]},"7":{"line":33,"type":"cond-expr","locations":[{"start":{"line":33,"column":72},"end":{"line":33,"column":78}},{"start":{"line":33,"column":81},"end":{"line":33,"column":98}}]},"8":{"line":33,"type":"binary-expr","locations":[{"start":{"line":33,"column":16},"end":{"line":33,"column":52}},{"start":{"line":33,"column":56},"end":{"line":33,"column":69}}]},"9":{"line":36,"type":"binary-expr","locations":[{"start":{"line":36,"column":49},"end":{"line":36,"column":55}},{"start":{"line":36,"column":59},"end":{"line":36,"column":61}}]},"10":{"line":36,"type":"binary-expr","locations":[{"start":{"line":36,"column":77},"end":{"line":36,"column":83}},{"start":{"line":36,"column":87},"end":{"line":36,"column":89}}]},"11":{"line":53,"type":"if","locations":[{"start":{"line":53,"column":12},"end":{"line":53,"column":12}},{"start":{"line":53,"column":12},"end":{"line":53,"column":12}}]},"12":{"line":53,"type":"binary-expr","locations":[{"start":{"line":53,"column":16},"end":{"line":53,"column":30}},{"start":{"line":53,"column":34},"end":{"line":53,"column":51}}]},"13":{"line":55,"type":"if","locations":[{"start":{"line":55,"column":16},"end":{"line":55,"column":16}},{"start":{"line":55,"column":16},"end":{"line":55,"column":16}}]},"14":{"line":71,"type":"if","locations":[{"start":{"line":71,"column":12},"end":{"line":71,"column":12}},{"start":{"line":71,"column":12},"end":{"line":71,"column":12}}]},"15":{"line":71,"type":"cond-expr","locations":[{"start":{"line":71,"column":72},"end":{"line":71,"column":78}},{"start":{"line":71,"column":81},"end":{"line":71,"column":98}}]},"16":{"line":71,"type":"binary-expr","locations":[{"start":{"line":71,"column":16},"end":{"line":71,"column":52}},{"start":{"line":71,"column":56},"end":{"line":71,"column":69}}]},"17":{"line":75,"type":"binary-expr","locations":[{"start":{"line":75,"column":46},"end":{"line":75,"column":52}},{"start":{"line":75,"column":56},"end":{"line":75,"column":58}}]},"18":{"line":75,"type":"binary-expr","locations":[{"start":{"line":75,"column":74},"end":{"line":75,"column":80}},{"start":{"line":75,"column":84},"end":{"line":75,"column":86}}]}}},"/Users/runner/work/1/s/out/src/metadata/metadataService.js":{"path":"/Users/runner/work/1/s/out/src/metadata/metadataService.js","s":{"1":1,"2":1,"3":1,"4":0,"5":1,"6":1,"7":1,"8":1,"9":0,"10":1,"11":0,"12":0,"13":0,"14":1,"15":2,"16":1,"17":1,"18":1,"19":1,"20":1,"21":1,"22":1,"23":1,"24":1,"25":1,"26":1},"b":{"1":[1,1,1],"2":[1,0],"3":[1,1],"4":[1,1],"5":[1,1]},"f":{"1":1,"2":1,"3":0,"4":1,"5":1,"6":0,"7":2,"8":1,"9":1,"10":1},"fnMap":{"1":{"name":"(anonymous_1)","line":6,"loc":{"start":{"line":6,"column":44},"end":{"line":6,"column":89}}},"2":{"name":"adopt","line":7,"loc":{"start":{"line":7,"column":4},"end":{"line":7,"column":26}}},"3":{"name":"(anonymous_3)","line":7,"loc":{"start":{"line":7,"column":70},"end":{"line":7,"column":89}}},"4":{"name":"(anonymous_4)","line":8,"loc":{"start":{"line":8,"column":36},"end":{"line":8,"column":63}}},"5":{"name":"fulfilled","line":9,"loc":{"start":{"line":9,"column":8},"end":{"line":9,"column":34}}},"6":{"name":"rejected","line":10,"loc":{"start":{"line":10,"column":8},"end":{"line":10,"column":33}}},"7":{"name":"step","line":11,"loc":{"start":{"line":11,"column":8},"end":{"line":11,"column":30}}},"8":{"name":"(anonymous_8)","line":19,"loc":{"start":{"line":19,"column":15},"end":{"line":19,"column":36}}},"9":{"name":"(anonymous_9)","line":23,"loc":{"start":{"line":23,"column":15},"end":{"line":23,"column":21}}},"10":{"name":"(anonymous_10)","line":24,"loc":{"start":{"line":24,"column":47},"end":{"line":24,"column":60}}}},"statementMap":{"1":{"start":{"line":6,"column":0},"end":{"line":14,"column":2}},"2":{"start":{"line":7,"column":4},"end":{"line":7,"column":112}},"3":{"start":{"line":7,"column":28},"end":{"line":7,"column":110}},"4":{"start":{"line":7,"column":91},"end":{"line":7,"column":106}},"5":{"start":{"line":8,"column":4},"end":{"line":13,"column":7}},"6":{"start":{"line":9,"column":8},"end":{"line":9,"column":99}},"7":{"start":{"line":9,"column":36},"end":{"line":9,"column":97}},"8":{"start":{"line":9,"column":42},"end":{"line":9,"column":70}},"9":{"start":{"line":9,"column":85},"end":{"line":9,"column":95}},"10":{"start":{"line":10,"column":8},"end":{"line":10,"column":102}},"11":{"start":{"line":10,"column":35},"end":{"line":10,"column":100}},"12":{"start":{"line":10,"column":41},"end":{"line":10,"column":73}},"13":{"start":{"line":10,"column":88},"end":{"line":10,"column":98}},"14":{"start":{"line":11,"column":8},"end":{"line":11,"column":118}},"15":{"start":{"line":11,"column":32},"end":{"line":11,"column":116}},"16":{"start":{"line":12,"column":8},"end":{"line":12,"column":78}},"17":{"start":{"line":15,"column":0},"end":{"line":15,"column":62}},"18":{"start":{"line":16,"column":0},"end":{"line":16,"column":33}},"19":{"start":{"line":17,"column":0},"end":{"line":17,"column":82}},"20":{"start":{"line":20,"column":8},"end":{"line":20,"column":53}},"21":{"start":{"line":21,"column":8},"end":{"line":21,"column":54}},"22":{"start":{"line":24,"column":8},"end":{"line":30,"column":11}},"23":{"start":{"line":25,"column":12},"end":{"line":27,"column":14}},"24":{"start":{"line":28,"column":12},"end":{"line":28,"column":117}},"25":{"start":{"line":29,"column":12},"end":{"line":29,"column":35}},"26":{"start":{"line":33,"column":0},"end":{"line":33,"column":42}}},"branchMap":{"1":{"line":6,"type":"binary-expr","locations":[{"start":{"line":6,"column":17},"end":{"line":6,"column":21}},{"start":{"line":6,"column":25},"end":{"line":6,"column":39}},{"start":{"line":6,"column":44},"end":{"line":14,"column":1}}]},"2":{"line":7,"type":"cond-expr","locations":[{"start":{"line":7,"column":56},"end":{"line":7,"column":61}},{"start":{"line":7,"column":64},"end":{"line":7,"column":109}}]},"3":{"line":8,"type":"binary-expr","locations":[{"start":{"line":8,"column":16},"end":{"line":8,"column":17}},{"start":{"line":8,"column":22},"end":{"line":8,"column":33}}]},"4":{"line":11,"type":"cond-expr","locations":[{"start":{"line":11,"column":46},"end":{"line":11,"column":67}},{"start":{"line":11,"column":70},"end":{"line":11,"column":115}}]},"5":{"line":12,"type":"binary-expr","locations":[{"start":{"line":12,"column":51},"end":{"line":12,"column":61}},{"start":{"line":12,"column":65},"end":{"line":12,"column":67}}]}}},"/Users/runner/work/1/s/out/src/models/contracts/metadata/metadataRequest.js":{"path":"/Users/runner/work/1/s/out/src/models/contracts/metadata/metadataRequest.js","s":{"1":1,"2":1,"3":1,"4":1,"5":1,"6":1,"7":1,"8":1},"b":{"1":[1,1]},"f":{"1":1},"fnMap":{"1":{"name":"(anonymous_1)","line":17,"loc":{"start":{"line":17,"column":1},"end":{"line":17,"column":33}}}},"statementMap":{"1":{"start":{"line":6,"column":0},"end":{"line":6,"column":62}},"2":{"start":{"line":7,"column":0},"end":{"line":7,"column":98}},"3":{"start":{"line":8,"column":0},"end":{"line":8,"column":65}},"4":{"start":{"line":11,"column":0},"end":{"line":11,"column":50}},"5":{"start":{"line":14,"column":0},"end":{"line":14,"column":50}},"6":{"start":{"line":16,"column":0},"end":{"line":16,"column":25}},"7":{"start":{"line":17,"column":0},"end":{"line":19,"column":95}},"8":{"start":{"line":18,"column":4},"end":{"line":18,"column":89}}},"branchMap":{"1":{"line":19,"type":"binary-expr","locations":[{"start":{"line":19,"column":26},"end":{"line":19,"column":54}},{"start":{"line":19,"column":59},"end":{"line":19,"column":92}}]}}},"/Users/runner/work/1/s/out/src/languageservice/serviceInstallerUtil.js":{"path":"/Users/runner/work/1/s/out/src/languageservice/serviceInstallerUtil.js","s":{"1":1,"2":1,"3":1,"4":1,"5":1,"6":1,"7":1,"8":1,"9":2,"10":1,"11":1,"12":1,"13":1,"14":1,"15":1,"16":6,"17":1,"18":1,"19":1,"20":1,"21":1,"22":1,"23":1,"24":1,"25":1,"26":1,"27":1,"28":1,"29":1,"30":1,"31":1,"32":1,"33":0,"34":0,"35":1,"36":1,"37":0,"38":0,"39":0,"40":0,"41":0,"42":0,"43":0,"44":0,"45":1,"46":1,"47":1,"48":1,"49":1,"50":1,"51":1},"b":{"1":[1,0],"2":[1,0],"3":[1,0],"4":[0,0],"5":[0,0]},"f":{"1":2,"2":1,"3":1,"4":1,"5":1,"6":6,"7":1,"8":1,"9":1,"10":1,"11":1,"12":1,"13":0,"14":1},"fnMap":{"1":{"name":"(anonymous_1)","line":15,"loc":{"start":{"line":15,"column":15},"end":{"line":15,"column":22}}},"2":{"name":"(anonymous_2)","line":18,"loc":{"start":{"line":18,"column":21},"end":{"line":18,"column":24}}},"3":{"name":"(anonymous_3)","line":21,"loc":{"start":{"line":21,"column":20},"end":{"line":21,"column":23}}},"4":{"name":"(anonymous_4)","line":24,"loc":{"start":{"line":24,"column":29},"end":{"line":24,"column":32}}},"5":{"name":"(anonymous_5)","line":27,"loc":{"start":{"line":27,"column":36},"end":{"line":27,"column":57}}},"6":{"name":"(anonymous_6)","line":35,"loc":{"start":{"line":35,"column":15},"end":{"line":35,"column":22}}},"7":{"name":"(anonymous_7)","line":38,"loc":{"start":{"line":38,"column":12},"end":{"line":38,"column":22}}},"8":{"name":"(anonymous_8)","line":41,"loc":{"start":{"line":41,"column":18},"end":{"line":41,"column":21}}},"9":{"name":"(anonymous_9)","line":44,"loc":{"start":{"line":44,"column":18},"end":{"line":44,"column":21}}},"10":{"name":"(anonymous_10)","line":47,"loc":{"start":{"line":47,"column":10},"end":{"line":47,"column":20}}},"11":{"name":"(anonymous_11)","line":50,"loc":{"start":{"line":50,"column":14},"end":{"line":50,"column":24}}},"12":{"name":"installService","line":65,"loc":{"start":{"line":65,"column":0},"end":{"line":65,"column":33}}},"13":{"name":"getServiceInstallDirectory","line":84,"loc":{"start":{"line":84,"column":0},"end":{"line":84,"column":45}}},"14":{"name":"getServiceInstallDirectoryRoot","line":107,"loc":{"start":{"line":107,"column":0},"end":{"line":107,"column":42}}}},"statementMap":{"1":{"start":{"line":6,"column":0},"end":{"line":6,"column":62}},"2":{"start":{"line":7,"column":0},"end":{"line":7,"column":156}},"3":{"start":{"line":8,"column":0},"end":{"line":8,"column":49}},"4":{"start":{"line":9,"column":0},"end":{"line":9,"column":53}},"5":{"start":{"line":10,"column":0},"end":{"line":10,"column":71}},"6":{"start":{"line":11,"column":0},"end":{"line":11,"column":61}},"7":{"start":{"line":12,"column":0},"end":{"line":12,"column":45}},"8":{"start":{"line":13,"column":0},"end":{"line":13,"column":37}},"9":{"start":{"line":16,"column":8},"end":{"line":16,"column":25}},"10":{"start":{"line":19,"column":8},"end":{"line":19,"column":25}},"11":{"start":{"line":22,"column":8},"end":{"line":22,"column":39}},"12":{"start":{"line":25,"column":8},"end":{"line":25,"column":49}},"13":{"start":{"line":28,"column":8},"end":{"line":30,"column":9}},"14":{"start":{"line":29,"column":12},"end":{"line":29,"column":30}},"15":{"start":{"line":33,"column":0},"end":{"line":33,"column":40}},"16":{"start":{"line":36,"column":8},"end":{"line":36,"column":25}},"17":{"start":{"line":39,"column":8},"end":{"line":39,"column":27}},"18":{"start":{"line":48,"column":8},"end":{"line":48,"column":27}},"19":{"start":{"line":51,"column":8},"end":{"line":51,"column":27}},"20":{"start":{"line":54,"column":0},"end":{"line":54,"column":32}},"21":{"start":{"line":55,"column":0},"end":{"line":55,"column":38}},"22":{"start":{"line":56,"column":0},"end":{"line":56,"column":43}},"23":{"start":{"line":57,"column":0},"end":{"line":57,"column":51}},"24":{"start":{"line":58,"column":0},"end":{"line":58,"column":46}},"25":{"start":{"line":59,"column":0},"end":{"line":59,"column":62}},"26":{"start":{"line":60,"column":0},"end":{"line":60,"column":121}},"27":{"start":{"line":61,"column":0},"end":{"line":61,"column":80}},"28":{"start":{"line":65,"column":0},"end":{"line":79,"column":1}},"29":{"start":{"line":66,"column":4},"end":{"line":78,"column":5}},"30":{"start":{"line":67,"column":8},"end":{"line":74,"column":11}},"31":{"start":{"line":68,"column":12},"end":{"line":73,"column":13}},"32":{"start":{"line":69,"column":16},"end":{"line":69,"column":82}},"33":{"start":{"line":72,"column":16},"end":{"line":72,"column":55}},"34":{"start":{"line":77,"column":8},"end":{"line":77,"column":59}},"35":{"start":{"line":80,"column":0},"end":{"line":80,"column":40}},"36":{"start":{"line":84,"column":0},"end":{"line":102,"column":1}},"37":{"start":{"line":85,"column":4},"end":{"line":101,"column":7}},"38":{"start":{"line":86,"column":8},"end":{"line":100,"column":9}},"39":{"start":{"line":87,"column":12},"end":{"line":96,"column":15}},"40":{"start":{"line":88,"column":16},"end":{"line":93,"column":17}},"41":{"start":{"line":89,"column":20},"end":{"line":89,"column":96}},"42":{"start":{"line":92,"column":20},"end":{"line":92,"column":50}},"43":{"start":{"line":95,"column":16},"end":{"line":95,"column":30}},"44":{"start":{"line":99,"column":12},"end":{"line":99,"column":73}},"45":{"start":{"line":103,"column":0},"end":{"line":103,"column":64}},"46":{"start":{"line":107,"column":0},"end":{"line":112,"column":1}},"47":{"start":{"line":108,"column":4},"end":{"line":108,"column":67}},"48":{"start":{"line":109,"column":4},"end":{"line":109,"column":77}},"49":{"start":{"line":110,"column":4},"end":{"line":110,"column":75}},"50":{"start":{"line":111,"column":4},"end":{"line":111,"column":25}},"51":{"start":{"line":113,"column":0},"end":{"line":113,"column":72}}},"branchMap":{"1":{"line":28,"type":"if","locations":[{"start":{"line":28,"column":8},"end":{"line":28,"column":8}},{"start":{"line":28,"column":8},"end":{"line":28,"column":8}}]},"2":{"line":66,"type":"if","locations":[{"start":{"line":66,"column":4},"end":{"line":66,"column":4}},{"start":{"line":66,"column":4},"end":{"line":66,"column":4}}]},"3":{"line":68,"type":"if","locations":[{"start":{"line":68,"column":12},"end":{"line":68,"column":12}},{"start":{"line":68,"column":12},"end":{"line":68,"column":12}}]},"4":{"line":86,"type":"if","locations":[{"start":{"line":86,"column":8},"end":{"line":86,"column":8}},{"start":{"line":86,"column":8},"end":{"line":86,"column":8}}]},"5":{"line":88,"type":"if","locations":[{"start":{"line":88,"column":16},"end":{"line":88,"column":16}},{"start":{"line":88,"column":16},"end":{"line":88,"column":16}}]}}},"/Users/runner/work/1/s/out/src/connectionconfig/iconnectionconfig.js":{"path":"/Users/runner/work/1/s/out/src/connectionconfig/iconnectionconfig.js","s":{"1":0},"b":{},"f":{},"fnMap":{},"statementMap":{"1":{"start":{"line":6,"column":0},"end":{"line":6,"column":62}}},"branchMap":{}},"/Users/runner/work/1/s/out/src/credentialstore/icredentialstore.js":{"path":"/Users/runner/work/1/s/out/src/credentialstore/icredentialstore.js","s":{"1":0},"b":{},"f":{},"fnMap":{},"statementMap":{"1":{"start":{"line":6,"column":0},"end":{"line":6,"column":62}}},"branchMap":{}},"/Users/runner/work/1/s/out/src/models/contracts/objectExplorer/nodeInfo.js":{"path":"/Users/runner/work/1/s/out/src/models/contracts/objectExplorer/nodeInfo.js","s":{"1":0,"2":0,"3":0},"b":{},"f":{},"fnMap":{},"statementMap":{"1":{"start":{"line":6,"column":0},"end":{"line":6,"column":62}},"2":{"start":{"line":7,"column":0},"end":{"line":7,"column":26}},"3":{"start":{"line":16,"column":0},"end":{"line":16,"column":28}}},"branchMap":{}},"/Users/runner/work/1/s/out/src/models/propertyUpdater.js":{"path":"/Users/runner/work/1/s/out/src/models/propertyUpdater.js","s":{"1":0,"2":0,"3":0,"4":0,"5":0,"6":0,"7":0,"8":0,"9":0,"10":0,"11":0,"12":0,"13":0,"14":0},"b":{"1":[0,0]},"f":{"1":0,"2":0,"3":0,"4":0,"5":0,"6":0},"fnMap":{"1":{"name":"(anonymous_1)","line":12,"loc":{"start":{"line":12,"column":15},"end":{"line":12,"column":84}}},"2":{"name":"(anonymous_2)","line":18,"loc":{"start":{"line":18,"column":33},"end":{"line":18,"column":85}}},"3":{"name":"(anonymous_3)","line":21,"loc":{"start":{"line":21,"column":32},"end":{"line":21,"column":83}}},"4":{"name":"(anonymous_4)","line":24,"loc":{"start":{"line":24,"column":22},"end":{"line":24,"column":25}}},"5":{"name":"(anonymous_5)","line":30,"loc":{"start":{"line":30,"column":20},"end":{"line":30,"column":35}}},"6":{"name":"(anonymous_6)","line":33,"loc":{"start":{"line":33,"column":17},"end":{"line":33,"column":47}}}},"statementMap":{"1":{"start":{"line":6,"column":0},"end":{"line":6,"column":62}},"2":{"start":{"line":7,"column":0},"end":{"line":7,"column":33}},"3":{"start":{"line":13,"column":8},"end":{"line":13,"column":47}},"4":{"start":{"line":14,"column":8},"end":{"line":14,"column":49}},"5":{"start":{"line":15,"column":8},"end":{"line":15,"column":47}},"6":{"start":{"line":16,"column":8},"end":{"line":16,"column":45}},"7":{"start":{"line":19,"column":8},"end":{"line":19,"column":97}},"8":{"start":{"line":22,"column":8},"end":{"line":22,"column":96}},"9":{"start":{"line":25,"column":8},"end":{"line":27,"column":9}},"10":{"start":{"line":26,"column":12},"end":{"line":26,"column":24}},"11":{"start":{"line":28,"column":8},"end":{"line":28,"column":21}},"12":{"start":{"line":31,"column":8},"end":{"line":31,"column":50}},"13":{"start":{"line":34,"column":8},"end":{"line":34,"column":57}},"14":{"start":{"line":37,"column":0},"end":{"line":37,"column":42}}},"branchMap":{"1":{"line":25,"type":"if","locations":[{"start":{"line":25,"column":8},"end":{"line":25,"column":8}},{"start":{"line":25,"column":8},"end":{"line":25,"column":8}}]}}}}