TN:
SF:/Users/runner/work/1/s/out/src/extension.js
FN:6,(anonymous_1)
FN:7,adopt
FN:7,(anonymous_3)
FN:8,(anonymous_4)
FN:9,fulfilled
FN:10,rejected
FN:11,step
FN:29,activate
FN:30,(anonymous_9)
FN:48,(anonymous_10)
FN:88,(anonymous_11)
FN:96,deactivate
FN:97,(anonymous_13)
FN:108,getController
FN:109,(anonymous_15)
FNF:15
FNH:11
FNDA:15,(anonymous_1)
FNDA:2,adopt
FNDA:0,(anonymous_3)
FNDA:15,(anonymous_4)
FNDA:2,fulfilled
FNDA:0,rejected
FNDA:17,step
FNDA:1,activate
FNDA:1,(anonymous_9)
FNDA:0,(anonymous_10)
FNDA:0,(anonymous_11)
FNDA:1,deactivate
FNDA:1,(anonymous_13)
FNDA:13,getController
FNDA:13,(anonymous_15)
DA:6,1
DA:7,2
DA:8,15
DA:9,2
DA:10,1
DA:11,17
DA:12,15
DA:15,1
DA:16,1
DA:17,1
DA:18,1
DA:19,1
DA:20,1
DA:21,1
DA:22,1
DA:23,1
DA:24,1
DA:25,1
DA:26,1
DA:27,1
DA:28,1
DA:29,1
DA:30,1
DA:31,1
DA:32,1
DA:33,1
DA:35,1
DA:36,1
DA:37,1
DA:38,0
DA:41,1
DA:42,1
DA:43,1
DA:46,0
DA:48,0
DA:49,0
DA:50,0
DA:52,0
DA:53,0
DA:54,0
DA:55,0
DA:58,0
DA:62,0
DA:63,0
DA:64,0
DA:66,0
DA:69,0
DA:72,0
DA:77,0
DA:80,0
DA:81,0
DA:86,0
DA:88,0
DA:89,0
DA:94,1
DA:96,1
DA:97,1
DA:98,1
DA:99,1
DA:100,1
DA:104,1
DA:108,1
DA:109,13
DA:110,13
DA:111,0
DA:112,0
DA:114,13
DA:117,1
LF:68
LH:44
BRDA:6,1,0,1
BRDA:6,1,1,1
BRDA:6,1,2,1
BRDA:7,2,0,2
BRDA:7,2,1,0
BRDA:8,3,0,15
BRDA:8,3,1,15
BRDA:11,4,0,15
BRDA:11,4,1,2
BRDA:12,5,0,15
BRDA:12,5,1,15
BRDA:37,6,0,0
BRDA:37,6,1,1
BRDA:53,7,0,0
BRDA:53,7,1,0
BRDA:54,8,0,0
BRDA:54,8,1,0
BRDA:63,9,0,0
BRDA:63,9,1,0
BRDA:98,10,0,1
BRDA:98,10,1,0
BRDA:110,11,0,0
BRDA:110,11,1,13
BRF:23
BRH:13
end_of_record
TN:
SF:/Users/runner/work/1/s/out/src/constants/constants.js
FNF:0
FNH:0
DA:6,1
DA:7,1
DA:9,1
DA:10,1
DA:11,1
DA:12,1
DA:13,1
DA:14,1
DA:15,1
DA:16,1
DA:17,1
DA:18,1
DA:19,1
DA:20,1
DA:21,1
DA:22,1
DA:23,1
DA:24,1
DA:25,1
DA:26,1
DA:27,1
DA:28,1
DA:29,1
DA:30,1
DA:31,1
DA:32,1
DA:33,1
DA:34,1
DA:35,1
DA:36,1
DA:37,1
DA:38,1
DA:39,1
DA:40,1
DA:41,1
DA:42,1
DA:43,1
DA:44,1
DA:45,1
DA:46,1
DA:47,1
DA:48,1
DA:49,1
DA:50,1
DA:51,1
DA:52,1
DA:53,1
DA:54,1
DA:55,1
DA:56,1
DA:57,1
DA:58,1
DA:59,1
DA:60,1
DA:61,1
DA:62,1
DA:63,1
DA:64,1
DA:65,1
DA:66,1
DA:67,1
DA:68,1
DA:69,1
DA:70,1
DA:71,1
DA:72,1
DA:73,1
DA:74,1
DA:75,1
DA:76,1
DA:77,1
DA:78,1
DA:79,1
DA:80,1
DA:81,1
DA:82,1
DA:83,1
DA:84,1
DA:85,1
DA:86,1
DA:87,1
DA:88,1
DA:89,1
DA:90,1
DA:91,1
DA:92,1
DA:93,1
DA:94,1
DA:95,1
DA:96,1
DA:97,1
DA:98,1
DA:99,1
DA:100,1
DA:101,1
DA:102,1
DA:103,1
DA:104,1
DA:105,1
DA:107,1
DA:108,1
DA:109,1
DA:110,1
DA:111,1
DA:112,1
DA:113,1
DA:114,1
DA:115,1
DA:116,1
DA:117,1
DA:118,1
DA:119,1
DA:120,1
DA:121,1
DA:122,1
DA:123,1
DA:124,1
DA:125,1
DA:126,1
DA:127,1
DA:128,1
DA:130,1
DA:131,1
DA:132,1
DA:133,1
DA:134,1
DA:135,1
DA:136,1
DA:137,1
DA:138,1
DA:139,1
DA:140,1
DA:141,1
DA:142,1
DA:143,1
DA:144,1
DA:145,1
DA:146,1
DA:147,1
DA:148,1
DA:149,1
DA:150,1
DA:151,1
DA:152,1
DA:153,1
LF:145
LH:145
BRF:0
BRH:0
end_of_record
TN:
SF:/Users/runner/work/1/s/out/src/constants/localizedConstants.js
FNF:0
FNH:0
DA:2,1
DA:3,1
DA:7,1
DA:8,1
DA:9,1
DA:10,1
DA:11,1
DA:12,1
DA:13,1
DA:14,1
DA:15,1
DA:16,1
DA:17,1
DA:18,1
DA:19,1
DA:20,1
DA:21,1
DA:22,1
DA:23,1
DA:24,1
DA:25,1
DA:26,1
DA:27,1
DA:28,1
DA:29,1
DA:30,1
DA:31,1
DA:32,1
DA:33,1
DA:34,1
DA:35,1
DA:36,1
DA:37,1
DA:38,1
DA:39,1
DA:40,1
DA:41,1
DA:42,1
DA:43,1
DA:44,1
DA:45,1
DA:46,1
DA:47,1
DA:48,1
DA:49,1
DA:50,1
DA:51,1
DA:52,1
DA:53,1
DA:54,1
DA:55,1
DA:56,1
DA:57,1
DA:58,1
DA:59,1
DA:60,1
DA:61,1
DA:62,1
DA:63,1
DA:64,1
DA:65,1
DA:66,1
DA:67,1
DA:68,1
DA:69,1
DA:70,1
DA:71,1
DA:72,1
DA:73,1
DA:74,1
DA:75,1
DA:76,1
DA:77,1
DA:78,1
DA:79,1
DA:80,1
DA:81,1
DA:82,1
DA:83,1
DA:84,1
DA:85,1
DA:86,1
DA:87,1
DA:88,1
DA:89,1
DA:90,1
DA:91,1
DA:92,1
DA:93,1
DA:94,1
DA:95,1
DA:96,1
DA:97,1
DA:98,1
DA:99,1
DA:100,1
DA:101,1
DA:102,1
DA:103,1
DA:104,1
DA:105,1
DA:106,1
DA:107,1
DA:108,1
DA:109,1
DA:110,1
DA:111,1
DA:112,1
DA:113,1
DA:114,1
DA:115,1
DA:116,1
DA:117,1
DA:118,1
DA:119,1
DA:120,1
DA:121,1
DA:122,1
DA:123,1
DA:124,1
DA:125,1
DA:126,1
DA:127,1
DA:128,1
DA:129,1
DA:130,1
DA:131,1
DA:132,1
DA:133,1
DA:134,1
DA:135,1
DA:136,1
DA:137,1
DA:138,1
DA:139,1
DA:140,1
DA:141,1
DA:142,1
DA:143,1
DA:144,1
DA:145,1
DA:146,1
DA:147,1
DA:148,1
DA:149,1
DA:150,1
DA:151,1
DA:152,1
DA:153,1
DA:154,1
DA:155,1
DA:156,1
DA:157,1
DA:158,1
DA:159,1
DA:160,1
DA:161,1
DA:162,1
DA:163,1
DA:164,1
DA:165,1
DA:166,1
DA:167,1
DA:168,1
DA:169,1
DA:170,1
DA:171,1
DA:172,1
DA:173,1
DA:174,1
DA:175,1
DA:176,1
DA:177,1
DA:178,1
DA:179,1
DA:180,1
DA:181,1
DA:182,1
DA:183,1
DA:184,3
DA:185,3
DA:186,3
DA:187,3
DA:188,3
DA:189,3
DA:190,3
DA:191,3
DA:192,3
DA:193,3
DA:194,3
DA:195,3
DA:196,3
DA:197,3
DA:198,3
DA:199,3
DA:200,3
DA:201,3
DA:202,3
DA:203,3
DA:204,3
DA:205,3
DA:206,3
DA:207,3
DA:208,3
DA:209,3
DA:210,3
DA:211,3
DA:212,3
DA:213,3
DA:214,3
DA:215,3
DA:216,3
DA:217,3
DA:218,3
DA:219,3
DA:220,3
DA:221,3
DA:222,3
DA:223,3
DA:224,3
DA:225,3
DA:226,3
DA:227,3
DA:228,3
DA:229,3
DA:230,3
DA:231,3
DA:232,3
DA:233,3
DA:234,3
DA:235,3
DA:236,3
DA:237,3
DA:238,3
DA:239,3
DA:240,3
DA:241,3
DA:242,3
DA:243,3
DA:244,3
DA:245,3
DA:246,3
DA:247,3
DA:248,3
DA:249,3
DA:250,3
DA:251,3
DA:252,3
DA:253,3
DA:254,3
DA:255,3
DA:256,3
DA:257,3
DA:258,3
DA:259,3
DA:260,3
DA:261,3
DA:262,3
DA:263,3
DA:264,3
DA:265,3
DA:266,3
DA:267,3
DA:268,3
DA:269,3
DA:270,3
DA:271,3
DA:272,3
DA:273,3
DA:274,3
DA:275,3
DA:276,3
DA:277,3
DA:278,3
DA:279,3
DA:280,3
DA:281,3
DA:282,3
DA:283,3
DA:284,3
DA:285,3
DA:286,3
DA:287,3
DA:288,3
DA:289,3
DA:290,3
DA:291,3
DA:292,3
DA:293,3
DA:294,3
DA:295,3
DA:296,3
DA:297,3
DA:298,3
DA:299,3
DA:300,3
DA:301,3
DA:302,3
DA:303,3
DA:304,3
DA:305,3
DA:306,3
DA:307,3
DA:308,3
DA:309,3
DA:310,3
DA:311,3
DA:312,3
DA:313,3
DA:314,3
DA:315,3
DA:316,3
DA:317,3
DA:318,3
DA:319,3
DA:320,3
DA:321,3
DA:322,3
DA:323,3
DA:324,3
DA:325,3
DA:326,3
DA:327,3
DA:328,3
DA:329,3
DA:330,3
DA:331,3
DA:332,3
DA:333,3
DA:334,3
DA:335,3
DA:336,3
DA:337,3
DA:338,3
DA:339,3
DA:340,3
DA:341,3
DA:342,3
DA:343,3
DA:344,3
DA:345,3
DA:346,3
DA:347,3
DA:348,3
DA:349,3
DA:350,3
DA:351,3
DA:352,3
DA:353,3
DA:354,3
DA:355,3
DA:356,3
DA:357,3
DA:358,3
DA:359,3
LF:355
LH:355
BRF:0
BRH:0
end_of_record
TN:
SF:/Users/runner/work/1/s/out/src/controllers/mainController.js
FN:6,(anonymous_1)
FN:7,adopt
FN:7,(anonymous_3)
FN:8,(anonymous_4)
FN:9,fulfilled
FN:10,rejected
FN:11,step
FN:51,(anonymous_8)
FN:65,(anonymous_9)
FN:72,(anonymous_10)
FN:81,(anonymous_11)
FN:87,(anonymous_12)
FN:88,(anonymous_13)
FN:97,(anonymous_14)
FN:98,(anonymous_15)
FN:112,(anonymous_16)
FN:120,(anonymous_17)
FN:128,(anonymous_18)
FN:140,(anonymous_19)
FN:151,(anonymous_20)
FN:152,(anonymous_21)
FN:188,(anonymous_22)
FN:194,(anonymous_23)
FN:195,(anonymous_24)
FN:221,(anonymous_25)
FN:222,(anonymous_26)
FN:223,(anonymous_27)
FN:258,(anonymous_28)
FN:259,(anonymous_29)
FN:273,(anonymous_30)
FN:291,(anonymous_31)
FN:298,(anonymous_32)
FN:312,(anonymous_33)
FN:319,(anonymous_34)
FN:323,(anonymous_35)
FN:334,(anonymous_36)
FN:338,(anonymous_37)
FN:345,(anonymous_38)
FN:349,(anonymous_39)
FN:351,(anonymous_40)
FN:353,(anonymous_41)
FN:355,(anonymous_42)
FN:357,(anonymous_43)
FN:386,(anonymous_44)
FN:413,(anonymous_45)
FN:417,(anonymous_46)
FN:421,(anonymous_47)
FN:425,(anonymous_48)
FN:429,(anonymous_49)
FN:438,(anonymous_50)
FN:439,(anonymous_51)
FN:462,(anonymous_52)
FN:477,(anonymous_53)
FN:478,(anonymous_54)
FN:490,(anonymous_55)
FN:491,(anonymous_56)
FN:507,(anonymous_57)
FN:508,(anonymous_58)
FN:525,(anonymous_59)
FN:526,(anonymous_60)
FN:536,(anonymous_61)
FN:537,(anonymous_62)
FN:558,(anonymous_63)
FN:559,(anonymous_64)
FN:575,(anonymous_65)
FN:592,(anonymous_66)
FN:598,(anonymous_67)
FN:599,(anonymous_68)
FN:642,(anonymous_69)
FN:644,(anonymous_70)
FN:698,(anonymous_71)
FN:699,(anonymous_72)
FN:727,(anonymous_73)
FN:737,(anonymous_74)
FN:740,(anonymous_75)
FN:743,(anonymous_76)
FN:749,(anonymous_77)
FN:759,(anonymous_78)
FN:769,(anonymous_79)
FN:776,(anonymous_80)
FN:777,(anonymous_81)
FN:792,(anonymous_82)
FN:793,(anonymous_83)
FN:800,(anonymous_84)
FN:801,(anonymous_85)
FN:808,(anonymous_86)
FN:809,(anonymous_87)
FN:854,(anonymous_88)
FN:882,(anonymous_89)
FN:883,(anonymous_90)
FN:933,(anonymous_91)
FN:955,(anonymous_92)
FN:967,(anonymous_93)
FN:978,(anonymous_94)
FN:979,(anonymous_95)
FN:1034,(anonymous_96)
FNF:96
FNH:47
FNDA:25,(anonymous_1)
FNDA:21,adopt
FNDA:6,(anonymous_3)
FNDA:25,(anonymous_4)
FNDA:20,fulfilled
FNDA:1,rejected
FNDA:41,step
FNDA:6,(anonymous_8)
FNDA:14,(anonymous_9)
FNDA:1,(anonymous_10)
FNDA:2,(anonymous_11)
FNDA:3,(anonymous_12)
FNDA:3,(anonymous_13)
FNDA:1,(anonymous_14)
FNDA:1,(anonymous_15)
FNDA:0,(anonymous_16)
FNDA:0,(anonymous_17)
FNDA:0,(anonymous_18)
FNDA:0,(anonymous_19)
FNDA:0,(anonymous_20)
FNDA:0,(anonymous_21)
FNDA:0,(anonymous_22)
FNDA:1,(anonymous_23)
FNDA:1,(anonymous_24)
FNDA:1,(anonymous_25)
FNDA:1,(anonymous_26)
FNDA:3,(anonymous_27)
FNDA:0,(anonymous_28)
FNDA:0,(anonymous_29)
FNDA:1,(anonymous_30)
FNDA:0,(anonymous_31)
FNDA:0,(anonymous_32)
FNDA:0,(anonymous_33)
FNDA:0,(anonymous_34)
FNDA:0,(anonymous_35)
FNDA:0,(anonymous_36)
FNDA:0,(anonymous_37)
FNDA:0,(anonymous_38)
FNDA:0,(anonymous_39)
FNDA:0,(anonymous_40)
FNDA:0,(anonymous_41)
FNDA:0,(anonymous_42)
FNDA:0,(anonymous_43)
FNDA:1,(anonymous_44)
FNDA:0,(anonymous_45)
FNDA:0,(anonymous_46)
FNDA:0,(anonymous_47)
FNDA:0,(anonymous_48)
FNDA:0,(anonymous_49)
FNDA:0,(anonymous_50)
FNDA:0,(anonymous_51)
FNDA:0,(anonymous_52)
FNDA:0,(anonymous_53)
FNDA:0,(anonymous_54)
FNDA:0,(anonymous_55)
FNDA:0,(anonymous_56)
FNDA:3,(anonymous_57)
FNDA:3,(anonymous_58)
FNDA:1,(anonymous_59)
FNDA:1,(anonymous_60)
FNDA:2,(anonymous_61)
FNDA:2,(anonymous_62)
FNDA:0,(anonymous_63)
FNDA:0,(anonymous_64)
FNDA:0,(anonymous_65)
FNDA:0,(anonymous_66)
FNDA:0,(anonymous_67)
FNDA:0,(anonymous_68)
FNDA:1,(anonymous_69)
FNDA:1,(anonymous_70)
FNDA:1,(anonymous_71)
FNDA:1,(anonymous_72)
FNDA:1,(anonymous_73)
FNDA:3,(anonymous_74)
FNDA:12,(anonymous_75)
FNDA:12,(anonymous_76)
FNDA:9,(anonymous_77)
FNDA:8,(anonymous_78)
FNDA:0,(anonymous_79)
FNDA:1,(anonymous_80)
FNDA:1,(anonymous_81)
FNDA:0,(anonymous_82)
FNDA:0,(anonymous_83)
FNDA:0,(anonymous_84)
FNDA:0,(anonymous_85)
FNDA:2,(anonymous_86)
FNDA:2,(anonymous_87)
FNDA:1,(anonymous_88)
FNDA:5,(anonymous_89)
FNDA:5,(anonymous_90)
FNDA:4,(anonymous_91)
FNDA:4,(anonymous_92)
FNDA:0,(anonymous_93)
FNDA:0,(anonymous_94)
FNDA:0,(anonymous_95)
FNDA:0,(anonymous_96)
DA:6,1
DA:7,21
DA:8,25
DA:9,20
DA:10,1
DA:11,41
DA:12,25
DA:15,1
DA:16,1
DA:17,1
DA:18,1
DA:19,1
DA:20,1
DA:21,1
DA:22,1
DA:23,1
DA:24,1
DA:25,1
DA:26,1
DA:27,1
DA:28,1
DA:29,1
DA:30,1
DA:31,1
DA:32,1
DA:33,1
DA:34,1
DA:35,1
DA:36,1
DA:37,1
DA:38,1
DA:39,1
DA:40,1
DA:41,1
DA:42,1
DA:52,6
DA:53,6
DA:54,6
DA:55,6
DA:56,6
DA:57,2
DA:59,6
DA:60,6
DA:66,14
DA:67,14
DA:73,1
DA:74,1
DA:75,0
DA:82,2
DA:88,3
DA:89,3
DA:90,3
DA:91,3
DA:98,1
DA:100,1
DA:101,1
DA:103,1
DA:104,1
DA:105,1
DA:106,1
DA:107,1
DA:108,1
DA:109,1
DA:110,1
DA:111,1
DA:112,1
DA:113,1
DA:114,1
DA:115,1
DA:116,1
DA:117,1
DA:118,1
DA:119,1
DA:120,1
DA:121,1
DA:122,1
DA:123,1
DA:124,1
DA:125,1
DA:126,1
DA:127,1
DA:128,1
DA:129,1
DA:130,1
DA:131,1
DA:132,1
DA:133,1
DA:134,1
DA:135,1
DA:136,1
DA:137,1
DA:138,1
DA:140,1
DA:141,1
DA:142,1
DA:143,1
DA:144,1
DA:152,0
DA:153,0
DA:154,0
DA:155,0
DA:157,0
DA:160,0
DA:161,0
DA:162,0
DA:163,0
DA:164,0
DA:167,0
DA:168,0
DA:169,0
DA:170,0
DA:171,0
DA:172,0
DA:173,0
DA:174,0
DA:175,0
DA:176,0
DA:177,0
DA:178,0
DA:179,0
DA:180,0
DA:181,0
DA:189,0
DA:195,1
DA:197,1
DA:199,1
DA:201,1
DA:203,1
DA:205,1
DA:206,1
DA:208,1
DA:209,1
DA:210,0
DA:212,1
DA:213,1
DA:214,1
DA:215,1
DA:222,1
DA:223,3
DA:224,3
DA:225,3
DA:227,0
DA:228,0
DA:229,0
DA:232,0
DA:234,0
DA:235,0
DA:236,0
DA:239,3
DA:240,0
DA:243,1
DA:244,1
DA:245,1
DA:246,1
DA:247,1
DA:248,1
DA:249,1
DA:251,3
DA:259,0
DA:260,0
DA:261,0
DA:262,0
DA:263,0
DA:264,0
DA:265,0
DA:274,1
DA:276,1
DA:277,1
DA:281,1
DA:283,1
DA:284,0
DA:285,0
DA:286,0
DA:290,1
DA:291,1
DA:292,0
DA:293,0
DA:295,0
DA:298,1
DA:299,0
DA:300,0
DA:301,0
DA:303,0
DA:305,0
DA:306,0
DA:308,0
DA:309,0
DA:312,1
DA:313,0
DA:314,0
DA:315,0
DA:316,0
DA:319,1
DA:320,0
DA:323,1
DA:324,0
DA:325,0
DA:326,0
DA:327,0
DA:328,0
DA:329,0
DA:330,0
DA:334,1
DA:335,0
DA:338,1
DA:339,0
DA:340,0
DA:343,1
DA:345,1
DA:346,0
DA:349,1
DA:351,1
DA:353,1
DA:355,1
DA:357,1
DA:358,0
DA:360,0
DA:361,0
DA:363,0
DA:365,0
DA:366,0
DA:369,0
DA:370,0
DA:371,0
DA:372,0
DA:373,0
DA:374,0
DA:375,0
DA:378,0
DA:387,1
DA:388,1
DA:390,1
DA:392,1
DA:393,1
DA:395,1
DA:396,0
DA:397,0
DA:398,0
DA:399,0
DA:400,0
DA:401,0
DA:405,1
DA:406,0
DA:409,1
DA:410,0
DA:413,1
DA:414,0
DA:417,1
DA:418,0
DA:421,1
DA:422,0
DA:425,1
DA:426,0
DA:429,1
DA:430,0
DA:432,1
DA:439,0
DA:440,0
DA:441,0
DA:442,0
DA:444,0
DA:445,0
DA:449,0
DA:450,0
DA:451,0
DA:452,0
DA:454,0
DA:455,0
DA:456,0
DA:463,0
DA:464,0
DA:466,0
DA:467,0
DA:468,0
DA:471,0
DA:478,0
DA:479,0
DA:480,0
DA:481,0
DA:483,0
DA:491,0
DA:492,0
DA:493,0
DA:494,0
DA:495,0
DA:498,0
DA:501,0
DA:508,3
DA:509,3
DA:510,0
DA:511,0
DA:512,0
DA:513,0
DA:515,0
DA:516,0
DA:518,3
DA:526,1
DA:527,1
DA:528,1
DA:529,1
DA:537,2
DA:538,2
DA:539,1
DA:540,1
DA:541,0
DA:542,0
DA:545,2
DA:559,0
DA:560,0
DA:561,0
DA:562,0
DA:563,0
DA:564,0
DA:566,0
DA:569,0
DA:576,0
DA:577,0
DA:578,0
DA:579,0
DA:580,0
DA:585,0
DA:593,0
DA:599,0
DA:601,0
DA:602,0
DA:603,0
DA:604,0
DA:606,0
DA:608,0
DA:609,0
DA:611,0
DA:612,0
DA:615,0
DA:616,0
DA:618,0
DA:619,0
DA:620,0
DA:622,0
DA:623,0
DA:626,0
DA:632,0
DA:635,0
DA:643,1
DA:644,1
DA:646,1
DA:647,1
DA:648,1
DA:649,0
DA:652,1
DA:653,0
DA:655,1
DA:656,1
DA:659,1
DA:660,0
DA:661,0
DA:664,0
DA:665,0
DA:668,0
DA:669,0
DA:670,0
DA:673,0
DA:674,0
DA:675,0
DA:683,0
DA:684,0
DA:685,0
DA:687,0
DA:690,1
DA:699,1
DA:700,1
DA:701,1
DA:702,1
DA:703,1
DA:705,0
DA:707,1
DA:708,1
DA:710,1
DA:711,0
DA:712,0
DA:716,1
DA:720,0
DA:728,1
DA:729,1
DA:730,0
DA:731,0
DA:738,3
DA:741,12
DA:744,12
DA:750,9
DA:751,0
DA:752,0
DA:754,9
DA:760,8
DA:761,5
DA:762,5
DA:764,3
DA:770,0
DA:771,0
DA:777,1
DA:778,1
DA:779,1
DA:781,1
DA:782,1
DA:783,0
DA:784,0
DA:793,0
DA:794,0
DA:801,0
DA:802,0
DA:809,2
DA:810,2
DA:812,2
DA:813,2
DA:814,1
DA:816,0
DA:818,0
DA:820,0
DA:822,0
DA:824,0
DA:825,0
DA:827,0
DA:828,0
DA:831,0
DA:832,0
DA:833,0
DA:834,0
DA:838,1
DA:840,1
DA:841,0
DA:843,1
DA:844,1
DA:847,0
DA:856,1
DA:857,1
DA:859,1
DA:860,0
DA:863,1
DA:865,1
DA:866,1
DA:873,1
DA:883,5
DA:884,5
DA:886,1
DA:888,4
DA:889,4
DA:891,4
DA:892,2
DA:894,4
DA:895,2
DA:900,4
DA:904,1
DA:907,3
DA:910,1
DA:914,2
DA:915,2
DA:918,4
DA:919,4
DA:920,4
DA:921,4
DA:923,4
DA:924,4
DA:925,0
DA:934,4
DA:936,1
DA:938,3
DA:939,3
DA:941,3
DA:944,3
DA:945,3
DA:946,3
DA:947,3
DA:956,4
DA:958,1
DA:961,3
DA:963,3
DA:964,3
DA:965,3
DA:968,0
DA:970,0
DA:971,0
DA:979,0
DA:980,0
DA:982,0
DA:984,0
DA:987,0
DA:988,0
DA:990,0
DA:991,0
DA:996,0
DA:997,0
DA:998,0
DA:999,0
DA:1000,0
DA:1002,0
DA:1003,0
DA:1005,0
DA:1009,0
DA:1010,0
DA:1012,0
DA:1013,0
DA:1015,0
DA:1018,0
DA:1019,0
DA:1020,0
DA:1023,0
DA:1024,0
DA:1027,0
DA:1028,0
DA:1029,0
DA:1035,0
DA:1038,1
LF:511
LH:256
BRDA:6,1,0,1
BRDA:6,1,1,1
BRDA:6,1,2,1
BRDA:7,2,0,15
BRDA:7,2,1,6
BRDA:8,3,0,25
BRDA:8,3,1,25
BRDA:11,4,0,20
BRDA:11,4,1,21
BRDA:12,5,0,25
BRDA:12,5,1,25
BRDA:56,6,0,2
BRDA:56,6,1,4
BRDA:59,7,0,6
BRDA:59,7,1,0
BRDA:101,8,0,1
BRDA:101,8,1,0
BRDA:157,9,0,0
BRDA:157,9,1,0
BRDA:157,10,0,0
BRDA:157,10,1,0
BRDA:161,11,0,0
BRDA:161,11,1,0
BRDA:177,12,0,0
BRDA:177,12,1,0
BRDA:209,13,0,0
BRDA:209,13,1,1
BRDA:209,14,0,1
BRDA:209,14,1,0
BRDA:227,15,0,0
BRDA:227,15,1,0
BRDA:227,16,0,0
BRDA:227,16,1,0
BRDA:227,16,2,0
BRDA:232,17,0,0
BRDA:232,17,1,0
BRDA:239,18,0,0
BRDA:239,18,1,3
BRDA:246,19,0,1
BRDA:246,19,1,1
BRDA:247,20,0,1
BRDA:247,20,1,1
BRDA:248,21,0,1
BRDA:248,21,1,1
BRDA:262,22,0,0
BRDA:262,22,1,0
BRDA:264,23,0,0
BRDA:264,23,1,0
BRDA:285,24,0,0
BRDA:285,24,1,0
BRDA:285,25,0,0
BRDA:285,25,1,0
BRDA:292,26,0,0
BRDA:292,26,1,0
BRDA:301,27,0,0
BRDA:301,27,1,0
BRDA:301,28,0,0
BRDA:301,28,1,0
BRDA:305,29,0,0
BRDA:305,29,1,0
BRDA:326,30,0,0
BRDA:326,30,1,0
BRDA:360,31,0,0
BRDA:360,31,1,0
BRDA:363,32,0,0
BRDA:363,32,1,0
BRDA:363,33,0,0
BRDA:363,33,1,0
BRDA:365,34,0,0
BRDA:365,34,1,0
BRDA:371,35,0,0
BRDA:371,35,1,0
BRDA:390,36,0,1
BRDA:390,36,1,0
BRDA:390,37,0,1
BRDA:390,37,1,1
BRDA:399,38,0,0
BRDA:399,38,1,0
BRDA:399,39,0,0
BRDA:399,39,1,0
BRDA:444,40,0,0
BRDA:444,40,1,0
BRDA:463,41,0,0
BRDA:463,41,1,0
BRDA:463,42,0,0
BRDA:463,42,1,0
BRDA:479,43,0,0
BRDA:479,43,1,0
BRDA:479,44,0,0
BRDA:479,44,1,0
BRDA:492,45,0,0
BRDA:492,45,1,0
BRDA:492,46,0,0
BRDA:492,46,1,0
BRDA:494,47,0,0
BRDA:494,47,1,0
BRDA:494,48,0,0
BRDA:494,48,1,0
BRDA:509,49,0,0
BRDA:509,49,1,3
BRDA:509,50,0,3
BRDA:509,50,1,3
BRDA:512,51,0,0
BRDA:512,51,1,0
BRDA:512,52,0,0
BRDA:512,52,1,0
BRDA:527,53,0,1
BRDA:527,53,1,0
BRDA:538,54,0,1
BRDA:538,54,1,1
BRDA:538,55,0,2
BRDA:538,55,1,2
BRDA:540,56,0,0
BRDA:540,56,1,1
BRDA:560,57,0,0
BRDA:560,57,1,0
BRDA:560,58,0,0
BRDA:560,58,1,0
BRDA:560,58,2,0
BRDA:562,59,0,0
BRDA:562,59,1,0
BRDA:563,60,0,0
BRDA:563,60,1,0
BRDA:576,61,0,0
BRDA:576,61,1,0
BRDA:576,62,0,0
BRDA:576,62,1,0
BRDA:578,63,0,0
BRDA:578,63,1,0
BRDA:578,64,0,0
BRDA:578,64,1,0
BRDA:601,65,0,0
BRDA:601,65,1,0
BRDA:603,66,0,0
BRDA:603,66,1,0
BRDA:606,67,0,0
BRDA:606,67,1,0
BRDA:611,68,0,0
BRDA:611,68,1,0
BRDA:615,69,0,0
BRDA:615,69,1,0
BRDA:622,70,0,0
BRDA:622,70,1,0
BRDA:646,71,0,0
BRDA:646,71,1,1
BRDA:648,72,0,0
BRDA:648,72,1,1
BRDA:648,73,0,1
BRDA:648,73,1,1
BRDA:652,74,0,0
BRDA:652,74,1,1
BRDA:659,75,0,0
BRDA:659,75,1,0
BRDA:659,76,0,0
BRDA:659,76,1,0
BRDA:659,77,0,1
BRDA:659,77,1,0
BRDA:664,78,0,0
BRDA:664,78,1,0
BRDA:673,79,0,0
BRDA:673,79,1,0
BRDA:683,80,0,0
BRDA:683,80,1,0
BRDA:684,81,0,0
BRDA:684,81,1,0
BRDA:703,82,0,0
BRDA:703,82,1,1
BRDA:707,83,0,1
BRDA:707,83,1,0
BRDA:710,84,0,0
BRDA:710,84,1,1
BRDA:750,85,0,0
BRDA:750,85,1,9
BRDA:760,86,0,5
BRDA:760,86,1,3
BRDA:779,87,0,1
BRDA:779,87,1,0
BRDA:783,88,0,0
BRDA:783,88,1,0
BRDA:810,89,0,2
BRDA:810,89,1,0
BRDA:814,90,0,0
BRDA:814,90,1,1
BRDA:818,91,0,0
BRDA:818,91,1,0
BRDA:824,92,0,0
BRDA:824,92,1,0
BRDA:825,93,0,0
BRDA:825,93,1,0
BRDA:840,94,0,0
BRDA:840,94,1,1
BRDA:884,95,0,1
BRDA:884,95,1,4
BRDA:891,96,0,2
BRDA:891,96,1,2
BRDA:894,97,0,2
BRDA:894,97,1,2
BRDA:900,98,0,1
BRDA:900,98,1,3
BRDA:900,99,0,4
BRDA:900,99,1,2
BRDA:900,99,2,1
BRDA:907,100,0,1
BRDA:907,100,1,2
BRDA:907,101,0,3
BRDA:907,101,1,2
BRDA:924,102,0,0
BRDA:924,102,1,1
BRDA:934,103,0,1
BRDA:934,103,1,3
BRDA:939,104,0,3
BRDA:939,104,1,0
BRDA:939,105,0,3
BRDA:939,105,1,3
BRDA:946,106,0,3
BRDA:946,106,1,0
BRDA:946,107,0,3
BRDA:946,107,1,3
BRDA:956,108,0,1
BRDA:956,108,1,3
BRDA:970,109,0,0
BRDA:970,109,1,0
BRDA:980,110,0,0
BRDA:980,110,1,0
BRDA:998,111,0,0
BRDA:998,111,1,0
BRDA:1003,112,0,0
BRDA:1003,112,1,0
BRDA:1003,113,0,0
BRDA:1003,113,1,0
BRDA:1020,114,0,0
BRDA:1020,114,1,0
BRDA:1020,115,0,0
BRDA:1020,115,1,0
BRDA:1028,116,0,0
BRDA:1028,116,1,0
BRF:236
BRH:78
end_of_record
TN:
SF:/Users/runner/work/1/s/out/src/models/utils.js
FN:28,generateGuid
FN:52,generateUserId
FN:71,isEditingSqlFile
FN:83,getActiveTextEditor
FN:92,getActiveTextEditorUri
FN:101,logToOutputChannel
FN:115,logDebug
FN:126,showInfoMsg
FN:131,showWarnMsg
FN:136,showErrorMsg
FN:140,isEmpty
FN:144,isNotEmpty
FN:148,authTypeToString
FN:152,azureAuthTypeToString
FN:156,escapeClosingBrackets
FN:163,formatString
FN:182,isSameAccountKey
FN:190,isSameDatabase
FN:203,isSameAuthenticationType
FN:222,isSameProfile
FN:253,isSameConnection
FN:268,isFileExisting
FN:280,(anonymous_23)
FN:284,(anonymous_24)
FN:296,(anonymous_25)
FN:299,(anonymous_26)
FN:313,parseTimeString
FN:338,isBoolean
FN:347,parseNumAsTimeString
FN:363,getConfiguration
FN:366,getConfigTracingLevel
FN:376,getConfigLogFilesRemovalLimit
FN:386,getConfigLogRetentionSeconds
FN:396,removeOldLogFiles
FN:400,getCommonLaunchArgsAndCleanupOldLogFiles
FN:418,getSignInQuickPickItems
FN:440,limitStringSize
FN:459,generateQueryUri
FN:469,deepClone
FNF:39
FNH:25
FNDA:14,generateGuid
FNDA:0,generateUserId
FNDA:0,isEditingSqlFile
FNDA:0,getActiveTextEditor
FNDA:4,getActiveTextEditorUri
FNDA:0,logToOutputChannel
FNDA:5,logDebug
FNDA:0,showInfoMsg
FNDA:0,showWarnMsg
FNDA:6,showErrorMsg
FNDA:22,isEmpty
FNDA:42,isNotEmpty
FNDA:81,authTypeToString
FNDA:0,azureAuthTypeToString
FNDA:0,escapeClosingBrackets
FNDA:52,formatString
FNDA:0,isSameAccountKey
FNDA:1,isSameDatabase
FNDA:1,isSameAuthenticationType
FNDA:0,isSameProfile
FNDA:5,isSameConnection
FNDA:0,isFileExisting
FNDA:7,(anonymous_23)
FNDA:3,(anonymous_24)
FNDA:13,(anonymous_25)
FNDA:4,(anonymous_26)
FNDA:11,parseTimeString
FNDA:0,isBoolean
FNDA:15,parseNumAsTimeString
FNDA:3,getConfiguration
FNDA:1,getConfigTracingLevel
FNDA:1,getConfigLogFilesRemovalLimit
FNDA:1,getConfigLogRetentionSeconds
FNDA:1,removeOldLogFiles
FNDA:1,getCommonLaunchArgsAndCleanupOldLogFiles
FNDA:1,getSignInQuickPickItems
FNDA:0,limitStringSize
FNDA:0,generateQueryUri
FNDA:14,deepClone
DA:6,1
DA:7,1
DA:8,1
DA:9,1
DA:10,1
DA:11,1
DA:12,1
DA:13,1
DA:14,1
DA:15,1
DA:16,1
DA:17,1
DA:18,1
DA:20,1
DA:21,1
DA:22,1
DA:23,1
DA:24,1
DA:25,1
DA:28,1
DA:29,14
DA:31,14
DA:32,14
DA:34,14
DA:35,56
DA:36,56
DA:46,14
DA:47,14
DA:50,1
DA:52,1
DA:53,0
DA:54,0
DA:55,0
DA:56,0
DA:57,0
DA:60,0
DA:65,0
DA:69,1
DA:71,1
DA:72,0
DA:73,0
DA:74,0
DA:75,0
DA:76,0
DA:79,0
DA:81,1
DA:83,1
DA:84,0
DA:85,0
DA:86,0
DA:88,0
DA:90,1
DA:92,1
DA:93,4
DA:95,0
DA:97,4
DA:99,1
DA:101,1
DA:102,0
DA:103,0
DA:104,0
DA:105,0
DA:106,0
DA:110,0
DA:113,1
DA:115,1
DA:116,5
DA:117,5
DA:118,5
DA:119,0
DA:120,0
DA:121,0
DA:124,1
DA:126,1
DA:127,0
DA:129,1
DA:131,1
DA:132,0
DA:134,1
DA:136,1
DA:137,6
DA:139,1
DA:140,1
DA:141,22
DA:143,1
DA:144,1
DA:145,42
DA:147,1
DA:148,1
DA:149,81
DA:151,1
DA:152,1
DA:153,0
DA:155,1
DA:156,1
DA:157,0
DA:159,1
DA:163,1
DA:166,52
DA:167,52
DA:168,0
DA:171,52
DA:172,105
DA:173,105
DA:176,52
DA:178,1
DA:182,1
DA:183,0
DA:185,1
DA:190,1
DA:191,1
DA:192,0
DA:194,1
DA:195,0
DA:197,1
DA:203,1
DA:204,1
DA:205,0
DA:207,1
DA:208,0
DA:210,1
DA:222,1
DA:223,0
DA:224,0
DA:226,0
DA:228,0
DA:230,0
DA:232,0
DA:234,0
DA:236,0
DA:238,0
DA:243,1
DA:253,1
DA:254,5
DA:264,1
DA:268,1
DA:269,0
DA:270,0
DA:271,0
DA:274,0
DA:277,1
DA:281,7
DA:285,3
DA:286,0
DA:288,3
DA:289,0
DA:290,0
DA:293,3
DA:297,13
DA:300,4
DA:301,4
DA:305,1
DA:313,1
DA:314,11
DA:315,2
DA:317,9
DA:318,9
DA:320,3
DA:322,6
DA:323,1
DA:325,8
DA:326,8
DA:327,8
DA:328,8
DA:329,8
DA:330,2
DA:332,6
DA:333,6
DA:334,6
DA:335,6
DA:337,1
DA:338,1
DA:339,0
DA:341,1
DA:347,1
DA:348,15
DA:349,15
DA:350,15
DA:351,15
DA:352,15
DA:353,15
DA:354,15
DA:355,15
DA:356,15
DA:357,15
DA:358,15
DA:359,15
DA:360,15
DA:362,1
DA:363,1
DA:364,3
DA:366,1
DA:367,1
DA:368,1
DA:369,1
DA:372,0
DA:375,1
DA:376,1
DA:377,1
DA:378,1
DA:379,1
DA:382,0
DA:385,1
DA:386,1
DA:387,1
DA:388,1
DA:389,1
DA:392,0
DA:395,1
DA:396,1
DA:397,1
DA:399,1
DA:400,1
DA:401,1
DA:402,1
DA:403,1
DA:404,1
DA:405,1
DA:406,1
DA:408,1
DA:409,1
DA:410,1
DA:411,1
DA:412,1
DA:414,1
DA:418,1
DA:419,1
DA:424,1
DA:429,1
DA:434,1
DA:436,1
DA:440,1
DA:441,0
DA:442,0
DA:443,0
DA:447,0
DA:448,0
DA:451,0
DA:453,1
DA:454,1
DA:459,1
DA:460,0
DA:465,1
DA:469,1
DA:470,14
DA:471,0
DA:473,14
DA:475,0
DA:477,14
DA:478,14
DA:479,462
DA:480,0
DA:483,462
DA:486,14
DA:488,1
DA:489,1
LF:256
LH:189
BRDA:56,1,0,0
BRDA:56,1,1,0
BRDA:74,2,0,0
BRDA:74,2,1,0
BRDA:75,3,0,0
BRDA:75,3,1,0
BRDA:85,4,0,0
BRDA:85,4,1,0
BRDA:85,5,0,0
BRDA:85,5,1,0
BRDA:93,6,0,0
BRDA:93,6,1,4
BRDA:93,7,0,4
BRDA:93,7,1,0
BRDA:104,8,0,0
BRDA:104,8,1,0
BRDA:118,9,0,0
BRDA:118,9,1,5
BRDA:120,10,0,0
BRDA:120,10,1,0
BRDA:141,11,0,22
BRDA:141,11,1,19
BRDA:145,12,0,42
BRDA:145,12,1,39
BRDA:167,13,0,0
BRDA:167,13,1,52
BRDA:173,14,0,93
BRDA:173,14,1,12
BRDA:191,15,0,0
BRDA:191,15,1,1
BRDA:194,16,0,0
BRDA:194,16,1,1
BRDA:204,17,0,0
BRDA:204,17,1,1
BRDA:207,18,0,0
BRDA:207,18,1,1
BRDA:223,19,0,0
BRDA:223,19,1,0
BRDA:226,20,0,0
BRDA:226,20,1,0
BRDA:230,21,0,0
BRDA:230,21,1,0
BRDA:234,22,0,0
BRDA:234,22,1,0
BRDA:234,23,0,0
BRDA:234,23,1,0
BRDA:238,24,0,0
BRDA:238,24,1,0
BRDA:238,24,2,0
BRDA:238,24,3,0
BRDA:238,24,4,0
BRDA:238,24,5,0
BRDA:254,25,0,3
BRDA:254,25,1,2
BRDA:254,26,0,5
BRDA:254,26,1,3
BRDA:255,27,0,2
BRDA:255,27,1,1
BRDA:255,27,2,1
BRDA:255,27,3,1
BRDA:255,27,4,1
BRDA:258,28,0,1
BRDA:258,28,1,0
BRDA:285,29,0,0
BRDA:285,29,1,3
BRDA:288,30,0,0
BRDA:288,30,1,3
BRDA:300,31,0,4
BRDA:300,31,1,0
BRDA:314,32,0,2
BRDA:314,32,1,9
BRDA:318,33,0,3
BRDA:318,33,1,6
BRDA:322,34,0,1
BRDA:322,34,1,5
BRDA:326,35,0,6
BRDA:326,35,1,2
BRDA:329,36,0,2
BRDA:329,36,1,6
BRDA:339,37,0,0
BRDA:339,37,1,0
BRDA:355,38,0,15
BRDA:355,38,1,0
BRDA:356,39,0,14
BRDA:356,39,1,1
BRDA:357,40,0,14
BRDA:357,40,1,1
BRDA:358,41,0,14
BRDA:358,41,1,1
BRDA:358,42,0,0
BRDA:358,42,1,1
BRDA:360,43,0,2
BRDA:360,43,1,13
BRDA:368,44,0,1
BRDA:368,44,1,0
BRDA:378,45,0,1
BRDA:378,45,1,0
BRDA:388,46,0,1
BRDA:388,46,1,0
BRDA:441,47,0,0
BRDA:441,47,1,0
BRDA:442,48,0,0
BRDA:442,48,1,0
BRDA:447,49,0,0
BRDA:447,49,1,0
BRDA:470,50,0,0
BRDA:470,50,1,14
BRDA:470,51,0,14
BRDA:470,51,1,14
BRDA:473,52,0,0
BRDA:473,52,1,14
BRDA:477,53,0,0
BRDA:477,53,1,14
BRDA:479,54,0,0
BRDA:479,54,1,462
BRDA:479,55,0,462
BRDA:479,55,1,222
BRF:117
BRH:58
end_of_record
TN:
SF:/Users/runner/work/1/s/out/src/models/interfaces.js
FN:11,(anonymous_1)
FN:27,(anonymous_2)
FN:48,(anonymous_3)
FN:69,(anonymous_4)
FN:79,(anonymous_5)
FNF:5
FNH:5
FNDA:1,(anonymous_1)
FNDA:1,(anonymous_2)
FNDA:1,(anonymous_3)
FNDA:1,(anonymous_4)
FNDA:1,(anonymous_5)
DA:6,1
DA:7,1
DA:8,1
DA:10,1
DA:11,1
DA:12,1
DA:13,1
DA:14,1
DA:15,1
DA:16,1
DA:17,1
DA:18,1
DA:19,1
DA:20,1
DA:21,1
DA:22,1
DA:23,1
DA:24,1
DA:26,1
DA:27,1
DA:28,1
DA:29,1
DA:30,1
DA:32,1
DA:47,1
DA:48,1
DA:49,1
DA:50,1
DA:51,1
DA:55,1
DA:58,1
DA:61,1
DA:64,1
DA:67,1
DA:68,1
DA:69,1
DA:70,1
DA:71,1
DA:72,1
DA:73,1
DA:74,1
DA:75,1
DA:78,1
DA:79,1
DA:80,1
DA:81,1
DA:82,1
DA:83,1
LF:48
LH:48
BRDA:25,1,0,1
BRDA:25,1,1,1
BRDA:31,2,0,1
BRDA:31,2,1,1
BRDA:52,3,0,1
BRDA:52,3,1,1
BRDA:76,4,0,1
BRDA:76,4,1,1
BRDA:84,5,0,1
BRDA:84,5,1,1
BRF:10
BRH:10
end_of_record
TN:
SF:/Users/runner/work/1/s/out/src/models/sqlOutputContentProvider.js
FN:6,(anonymous_1)
FN:7,adopt
FN:7,(anonymous_3)
FN:8,(anonymous_4)
FN:9,fulfilled
FN:10,rejected
FN:11,step
FN:30,(anonymous_8)
FN:40,(anonymous_9)
FN:51,(anonymous_10)
FN:54,(anonymous_11)
FN:63,(anonymous_12)
FN:67,(anonymous_13)
FN:70,(anonymous_14)
FN:73,(anonymous_15)
FN:76,(anonymous_16)
FN:79,(anonymous_17)
FN:83,(anonymous_18)
FN:88,(anonymous_19)
FN:89,(anonymous_20)
FN:91,(anonymous_21)
FN:102,(anonymous_22)
FN:103,(anonymous_23)
FN:112,(anonymous_24)
FN:113,(anonymous_25)
FN:134,(anonymous_26)
FN:135,(anonymous_27)
FN:146,(anonymous_28)
FN:154,(anonymous_29)
FN:206,(anonymous_30)
FN:237,(anonymous_31)
FN:256,(anonymous_32)
FN:272,(anonymous_33)
FN:273,(anonymous_34)
FN:290,(anonymous_35)
FN:313,(anonymous_36)
FN:355,(anonymous_37)
FN:367,(anonymous_38)
FN:382,(anonymous_39)
FN:405,(anonymous_40)
FN:408,(anonymous_41)
FN:411,(anonymous_42)
FNF:42
FNH:26
FNDA:4,(anonymous_1)
FNDA:5,adopt
FNDA:1,(anonymous_3)
FNDA:4,(anonymous_4)
FNDA:4,fulfilled
FNDA:0,rejected
FNDA:8,step
FNDA:1,(anonymous_8)
FNDA:33,(anonymous_9)
FNDA:0,(anonymous_10)
FNDA:0,(anonymous_11)
FNDA:0,(anonymous_12)
FNDA:0,(anonymous_13)
FNDA:0,(anonymous_14)
FNDA:0,(anonymous_15)
FNDA:1,(anonymous_16)
FNDA:1,(anonymous_17)
FNDA:0,(anonymous_18)
FNDA:1,(anonymous_19)
FNDA:1,(anonymous_20)
FNDA:1,(anonymous_21)
FNDA:0,(anonymous_22)
FNDA:0,(anonymous_23)
FNDA:1,(anonymous_24)
FNDA:1,(anonymous_25)
FNDA:1,(anonymous_26)
FNDA:1,(anonymous_27)
FNDA:0,(anonymous_28)
FNDA:1,(anonymous_29)
FNDA:1,(anonymous_30)
FNDA:0,(anonymous_31)
FNDA:2,(anonymous_32)
FNDA:0,(anonymous_33)
FNDA:0,(anonymous_34)
FNDA:0,(anonymous_35)
FNDA:0,(anonymous_36)
FNDA:5,(anonymous_37)
FNDA:1,(anonymous_38)
FNDA:9,(anonymous_39)
FNDA:16,(anonymous_40)
FNDA:1,(anonymous_41)
FNDA:1,(anonymous_42)
DA:6,1
DA:7,5
DA:8,4
DA:9,4
DA:10,1
DA:11,8
DA:12,4
DA:15,1
DA:16,1
DA:17,1
DA:18,1
DA:19,1
DA:20,1
DA:21,1
DA:22,1
DA:23,1
DA:24,1
DA:26,1
DA:27,1
DA:31,1
DA:32,1
DA:35,1
DA:41,33
DA:42,33
DA:43,33
DA:45,33
DA:46,33
DA:47,33
DA:48,16
DA:52,0
DA:55,0
DA:56,0
DA:57,0
DA:58,0
DA:59,0
DA:61,0
DA:64,0
DA:65,0
DA:68,0
DA:71,0
DA:74,0
DA:77,1
DA:80,1
DA:84,0
DA:89,1
DA:91,1
DA:92,1
DA:94,1
DA:95,0
DA:97,1
DA:103,0
DA:105,0
DA:106,0
DA:107,0
DA:113,1
DA:114,1
DA:115,1
DA:116,0
DA:117,0
DA:118,0
DA:119,0
DA:122,0
DA:123,0
DA:127,1
DA:129,1
DA:130,1
DA:135,1
DA:136,1
DA:137,0
DA:138,0
DA:139,0
DA:140,0
DA:141,0
DA:142,0
DA:143,0
DA:144,0
DA:145,0
DA:146,0
DA:147,0
DA:149,1
DA:150,1
DA:151,1
DA:156,1
DA:157,1
DA:158,0
DA:160,0
DA:161,0
DA:162,0
DA:165,0
DA:166,0
DA:171,1
DA:172,1
DA:173,0
DA:175,1
DA:176,0
DA:178,1
DA:181,0
DA:190,0
DA:192,1
DA:193,0
DA:195,1
DA:196,0
DA:198,0
DA:200,0
DA:202,1
DA:204,1
DA:207,1
DA:208,1
DA:209,1
DA:210,1
DA:212,0
DA:216,0
DA:218,1
DA:219,1
DA:220,1
DA:223,0
DA:225,0
DA:227,0
DA:239,0
DA:240,0
DA:241,0
DA:246,0
DA:247,0
DA:248,0
DA:257,2
DA:259,0
DA:260,0
DA:263,0
DA:264,0
DA:273,0
DA:274,0
DA:275,0
DA:278,0
DA:281,0
DA:285,0
DA:287,0
DA:291,0
DA:292,0
DA:293,0
DA:294,0
DA:295,0
DA:296,0
DA:298,0
DA:302,0
DA:306,0
DA:314,0
DA:315,0
DA:316,0
DA:317,0
DA:323,0
DA:324,0
DA:325,0
DA:326,0
DA:331,0
DA:333,0
DA:336,0
DA:337,0
DA:338,0
DA:339,0
DA:341,0
DA:342,0
DA:346,0
DA:349,0
DA:356,5
DA:357,2
DA:360,3
DA:368,1
DA:369,1
DA:370,0
DA:371,0
DA:374,1
DA:384,9
DA:385,9
DA:386,9
DA:387,9
DA:389,3
DA:390,3
DA:392,3
DA:393,3
DA:396,3
DA:397,1
DA:400,2
DA:403,9
DA:406,16
DA:409,1
DA:412,1
DA:415,1
LF:187
LH:87
BRDA:6,1,0,1
BRDA:6,1,1,1
BRDA:6,1,2,1
BRDA:7,2,0,4
BRDA:7,2,1,1
BRDA:8,3,0,4
BRDA:8,3,1,4
BRDA:11,4,0,3
BRDA:11,4,1,5
BRDA:12,5,0,4
BRDA:12,5,1,4
BRDA:47,6,0,16
BRDA:47,6,1,17
BRDA:84,7,0,0
BRDA:84,7,1,0
BRDA:91,8,0,1
BRDA:91,8,1,0
BRDA:92,9,0,1
BRDA:92,9,1,0
BRDA:94,10,0,0
BRDA:94,10,1,1
BRDA:105,11,0,0
BRDA:105,11,1,0
BRDA:106,12,0,0
BRDA:106,12,1,0
BRDA:114,13,0,1
BRDA:114,13,1,0
BRDA:115,14,0,0
BRDA:115,14,1,1
BRDA:117,15,0,0
BRDA:117,15,1,0
BRDA:129,16,0,1
BRDA:129,16,1,0
BRDA:157,17,0,0
BRDA:157,17,1,1
BRDA:160,18,0,0
BRDA:160,18,1,0
BRDA:171,19,0,1
BRDA:171,19,1,0
BRDA:196,20,0,0
BRDA:196,20,1,0
BRDA:209,21,0,1
BRDA:209,21,1,0
BRDA:210,22,0,0
BRDA:210,22,1,1
BRDA:218,23,0,1
BRDA:218,23,1,0
BRDA:218,24,0,1
BRDA:218,24,1,0
BRDA:240,25,0,0
BRDA:240,25,1,0
BRDA:259,26,0,0
BRDA:259,26,1,0
BRDA:263,27,0,0
BRDA:263,27,1,0
BRDA:278,28,0,0
BRDA:278,28,1,0
BRDA:278,29,0,0
BRDA:278,29,1,0
BRDA:278,29,2,0
BRDA:294,30,0,0
BRDA:294,30,1,0
BRDA:296,31,0,0
BRDA:296,31,1,0
BRDA:315,32,0,0
BRDA:315,32,1,0
BRDA:323,33,0,0
BRDA:323,33,1,0
BRDA:331,34,0,0
BRDA:331,34,1,0
BRDA:341,35,0,0
BRDA:341,35,1,0
BRDA:356,36,0,2
BRDA:356,36,1,3
BRDA:369,37,0,0
BRDA:369,37,1,1
BRDA:387,38,0,3
BRDA:387,38,1,3
BRDA:387,38,2,3
BRDA:396,39,0,1
BRDA:396,39,1,2
BRF:81
BRH:33
end_of_record
TN:
SF:/Users/runner/work/1/s/out/src/controllers/queryRunner.js
FN:6,(anonymous_1)
FN:7,adopt
FN:7,(anonymous_3)
FN:8,(anonymous_4)
FN:9,fulfilled
FN:10,rejected
FN:11,step
FN:34,(anonymous_8)
FN:62,(anonymous_9)
FN:65,(anonymous_10)
FN:68,(anonymous_11)
FN:71,(anonymous_12)
FN:74,(anonymous_13)
FN:77,(anonymous_14)
FN:80,(anonymous_15)
FN:83,(anonymous_16)
FN:86,(anonymous_17)
FN:89,(anonymous_18)
FN:92,(anonymous_19)
FN:96,(anonymous_20)
FN:97,(anonymous_21)
FN:105,(anonymous_22)
FN:106,(anonymous_23)
FN:107,(anonymous_24)
FN:120,(anonymous_25)
FN:121,(anonymous_26)
FN:122,(anonymous_27)
FN:148,(anonymous_28)
FN:149,(anonymous_29)
FN:176,(anonymous_30)
FN:181,(anonymous_31)
FN:204,(anonymous_32)
FN:217,(anonymous_33)
FN:232,(anonymous_34)
FN:233,(anonymous_35)
FN:259,(anonymous_36)
FN:266,(anonymous_37)
FN:282,(anonymous_38)
FN:283,(anonymous_39)
FN:307,(anonymous_40)
FN:308,(anonymous_41)
FN:321,(anonymous_42)
FN:339,(anonymous_43)
FN:340,(anonymous_44)
FN:371,(anonymous_45)
FN:438,(anonymous_46)
FN:439,(anonymous_47)
FN:451,(anonymous_48)
FN:461,(anonymous_49)
FN:467,(anonymous_50)
FN:475,(anonymous_51)
FN:493,(anonymous_52)
FN:514,(anonymous_53)
FN:515,(anonymous_54)
FN:535,(anonymous_55)
FN:541,(anonymous_56)
FN:545,(anonymous_57)
FN:548,(anonymous_58)
FNF:58
FNH:41
FNDA:46,(anonymous_1)
FNDA:58,adopt
FNDA:0,(anonymous_3)
FNDA:46,(anonymous_4)
FNDA:55,fulfilled
FNDA:1,rejected
FNDA:101,step
FNDA:27,(anonymous_8)
FNDA:90,(anonymous_9)
FNDA:10,(anonymous_10)
FNDA:0,(anonymous_11)
FNDA:0,(anonymous_12)
FNDA:18,(anonymous_13)
FNDA:0,(anonymous_14)
FNDA:2,(anonymous_15)
FNDA:3,(anonymous_16)
FNDA:3,(anonymous_17)
FNDA:0,(anonymous_18)
FNDA:0,(anonymous_19)
FNDA:0,(anonymous_20)
FNDA:0,(anonymous_21)
FNDA:0,(anonymous_22)
FNDA:0,(anonymous_23)
FNDA:0,(anonymous_24)
FNDA:3,(anonymous_25)
FNDA:3,(anonymous_26)
FNDA:3,(anonymous_27)
FNDA:3,(anonymous_28)
FNDA:3,(anonymous_29)
FNDA:8,(anonymous_30)
FNDA:7,(anonymous_31)
FNDA:1,(anonymous_32)
FNDA:2,(anonymous_33)
FNDA:0,(anonymous_34)
FNDA:0,(anonymous_35)
FNDA:3,(anonymous_36)
FNDA:1,(anonymous_37)
FNDA:14,(anonymous_38)
FNDA:14,(anonymous_39)
FNDA:0,(anonymous_40)
FNDA:0,(anonymous_41)
FNDA:3,(anonymous_42)
FNDA:8,(anonymous_43)
FNDA:8,(anonymous_44)
FNDA:12,(anonymous_45)
FNDA:1,(anonymous_46)
FNDA:1,(anonymous_47)
FNDA:8,(anonymous_48)
FNDA:60,(anonymous_49)
FNDA:0,(anonymous_50)
FNDA:2,(anonymous_51)
FNDA:8,(anonymous_52)
FNDA:2,(anonymous_53)
FNDA:2,(anonymous_54)
FNDA:0,(anonymous_55)
FNDA:3,(anonymous_56)
FNDA:3,(anonymous_57)
FNDA:1,(anonymous_58)
DA:6,1
DA:7,58
DA:8,46
DA:9,55
DA:10,1
DA:11,101
DA:12,46
DA:15,1
DA:16,1
DA:17,1
DA:18,1
DA:19,1
DA:20,1
DA:21,1
DA:22,1
DA:23,1
DA:24,1
DA:25,1
DA:26,1
DA:27,1
DA:35,27
DA:36,27
DA:37,27
DA:38,27
DA:39,27
DA:40,27
DA:42,27
DA:43,27
DA:44,27
DA:45,27
DA:46,27
DA:47,27
DA:48,4
DA:50,27
DA:51,4
DA:53,27
DA:54,4
DA:57,27
DA:58,27
DA:59,27
DA:63,90
DA:66,10
DA:69,0
DA:72,0
DA:75,18
DA:78,0
DA:81,2
DA:84,3
DA:87,3
DA:90,0
DA:93,0
DA:97,0
DA:99,0
DA:100,0
DA:101,0
DA:106,0
DA:107,0
DA:109,0
DA:115,0
DA:121,3
DA:122,3
DA:124,3
DA:128,3
DA:129,2
DA:130,2
DA:131,2
DA:132,2
DA:135,0
DA:138,2
DA:140,2
DA:141,0
DA:143,2
DA:149,3
DA:150,3
DA:152,3
DA:153,3
DA:154,3
DA:155,3
DA:156,3
DA:158,1
DA:159,1
DA:160,1
DA:161,1
DA:163,3
DA:164,1
DA:165,1
DA:166,1
DA:168,1
DA:170,3
DA:177,8
DA:178,8
DA:182,7
DA:184,7
DA:185,7
DA:186,7
DA:187,7
DA:188,7
DA:189,7
DA:190,7
DA:194,7
DA:195,7
DA:196,0
DA:197,0
DA:199,7
DA:200,7
DA:201,7
DA:202,7
DA:205,1
DA:207,1
DA:208,1
DA:209,1
DA:212,1
DA:214,1
DA:215,1
DA:218,2
DA:220,2
DA:221,2
DA:222,2
DA:223,2
DA:225,2
DA:227,2
DA:233,0
DA:234,0
DA:235,0
DA:236,0
DA:237,0
DA:238,0
DA:239,0
DA:240,0
DA:241,0
DA:243,0
DA:245,0
DA:246,0
DA:247,0
DA:248,0
DA:252,0
DA:253,0
DA:254,0
DA:255,0
DA:256,0
DA:260,3
DA:261,3
DA:263,3
DA:264,3
DA:267,1
DA:268,1
DA:270,1
DA:272,1
DA:273,1
DA:276,0
DA:283,14
DA:284,14
DA:285,14
DA:286,14
DA:287,14
DA:288,14
DA:289,14
DA:290,14
DA:291,14
DA:292,14
DA:293,14
DA:298,0
DA:299,0
DA:308,0
DA:309,0
DA:310,0
DA:311,0
DA:312,0
DA:316,0
DA:317,0
DA:322,3
DA:323,3
DA:324,3
DA:325,3
DA:326,3
DA:327,7
DA:330,3
DA:340,8
DA:341,8
DA:343,8
DA:344,3
DA:345,3
DA:346,3
DA:347,4
DA:348,3
DA:350,4
DA:351,4
DA:354,3
DA:360,3
DA:361,3
DA:362,3
DA:365,8
DA:367,8
DA:368,8
DA:370,8
DA:371,12
DA:372,12
DA:373,12
DA:374,60
DA:375,60
DA:376,52
DA:377,52
DA:380,8
DA:382,60
DA:387,8
DA:388,8
DA:389,4
DA:391,8
DA:393,8
DA:394,8
DA:395,8
DA:396,8
DA:397,8
DA:398,8
DA:399,8
DA:401,8
DA:402,52
DA:404,8
DA:405,60
DA:407,60
DA:408,20
DA:410,60
DA:412,60
DA:413,0
DA:414,120
DA:415,60
DA:417,60
DA:418,20
DA:421,8
DA:424,8
DA:425,8
DA:427,8
DA:428,8
DA:429,8
DA:430,8
DA:432,8
DA:433,8
DA:434,8
DA:439,1
DA:440,1
DA:441,1
DA:442,1
DA:446,1
DA:447,1
DA:448,1
DA:452,8
DA:454,4
DA:457,4
DA:458,4
DA:459,4
DA:463,60
DA:464,60
DA:465,60
DA:472,0
DA:473,0
DA:477,2
DA:478,2
DA:479,2
DA:480,1
DA:487,1
DA:494,8
DA:495,8
DA:496,8
DA:497,8
DA:498,8
DA:499,8
DA:500,60
DA:501,8
DA:503,60
DA:504,12
DA:508,8
DA:515,2
DA:516,2
DA:517,2
DA:518,2
DA:519,2
DA:520,2
DA:521,2
DA:522,1
DA:524,2
DA:529,2
DA:530,2
DA:531,2
DA:536,0
DA:537,0
DA:539,0
DA:542,3
DA:546,3
DA:549,1
DA:552,1
DA:553,1
LF:291
LH:239
BRDA:6,1,0,1
BRDA:6,1,1,1
BRDA:6,1,2,1
BRDA:7,2,0,58
BRDA:7,2,1,0
BRDA:8,3,0,46
BRDA:8,3,1,46
BRDA:11,4,0,43
BRDA:11,4,1,58
BRDA:12,5,0,46
BRDA:12,5,1,46
BRDA:47,6,0,4
BRDA:47,6,1,23
BRDA:50,7,0,4
BRDA:50,7,1,23
BRDA:53,8,0,4
BRDA:53,8,1,23
BRDA:130,9,0,2
BRDA:130,9,1,0
BRDA:140,10,0,0
BRDA:140,10,1,2
BRDA:152,11,0,2
BRDA:152,11,1,1
BRDA:188,12,0,7
BRDA:188,12,1,0
BRDA:195,13,0,0
BRDA:195,13,1,7
BRDA:207,14,0,1
BRDA:207,14,1,0
BRDA:221,15,0,2
BRDA:221,15,1,0
BRDA:223,16,0,2
BRDA:223,16,1,0
BRDA:239,17,0,0
BRDA:239,17,1,0
BRDA:241,18,0,0
BRDA:241,18,1,0
BRDA:272,19,0,1
BRDA:272,19,1,0
BRDA:292,20,0,14
BRDA:292,20,1,0
BRDA:324,21,0,3
BRDA:324,21,1,0
BRDA:343,22,0,3
BRDA:343,22,1,5
BRDA:347,23,0,3
BRDA:347,23,1,1
BRDA:347,24,0,4
BRDA:347,24,1,1
BRDA:350,25,0,4
BRDA:350,25,1,0
BRDA:350,26,0,4
BRDA:350,26,1,1
BRDA:375,27,0,52
BRDA:375,27,1,8
BRDA:402,28,0,0
BRDA:402,28,1,52
BRDA:402,29,0,4
BRDA:402,29,1,48
BRDA:412,30,0,0
BRDA:412,30,1,60
BRDA:424,31,0,8
BRDA:424,31,1,0
BRDA:428,32,0,8
BRDA:428,32,1,0
BRDA:433,33,0,8
BRDA:433,33,1,0
BRDA:452,34,0,4
BRDA:452,34,1,4
BRDA:479,35,0,1
BRDA:479,35,1,1
BRDA:500,36,0,8
BRDA:500,36,1,52
BRDA:500,37,0,60
BRDA:500,37,1,52
BRDA:503,38,0,12
BRDA:503,38,1,48
BRDA:503,39,0,60
BRDA:503,39,1,52
BRDA:517,40,0,2
BRDA:517,40,1,0
BRDA:521,41,0,1
BRDA:521,41,1,1
BRDA:536,42,0,0
BRDA:536,42,1,0
BRF:85
BRH:61
end_of_record
TN:
SF:/Users/runner/work/1/s/out/src/languageservice/serviceclient.js
FN:6,(anonymous_1)
FN:7,adopt
FN:7,(anonymous_3)
FN:8,(anonymous_4)
FN:9,fulfilled
FN:10,rejected
FN:11,step
FN:46,(anonymous_8)
FN:56,(anonymous_9)
FN:73,(anonymous_10)
FN:86,(anonymous_11)
FN:95,(anonymous_12)
FN:109,(anonymous_13)
FN:113,(anonymous_14)
FN:116,(anonymous_15)
FN:120,(anonymous_16)
FN:124,(anonymous_17)
FN:142,(anonymous_18)
FN:149,(anonymous_19)
FN:168,(anonymous_20)
FN:194,(anonymous_21)
FN:207,(anonymous_22)
FN:215,(anonymous_23)
FN:237,(anonymous_24)
FN:238,(anonymous_25)
FN:301,(anonymous_26)
FN:319,(anonymous_27)
FN:323,(anonymous_28)
FN:334,(anonymous_29)
FN:339,(anonymous_30)
FN:373,(anonymous_31)
FN:385,(anonymous_32)
FN:395,(anonymous_33)
FN:406,(anonymous_34)
FN:411,(anonymous_35)
FNF:35
FNH:26
FNDA:2,(anonymous_1)
FNDA:2,adopt
FNDA:0,(anonymous_3)
FNDA:2,(anonymous_4)
FNDA:2,fulfilled
FNDA:0,rejected
FNDA:4,step
FNDA:1,(anonymous_8)
FNDA:0,(anonymous_9)
FNDA:0,(anonymous_10)
FNDA:0,(anonymous_11)
FNDA:72,(anonymous_12)
FNDA:1,(anonymous_13)
FNDA:193,(anonymous_14)
FNDA:1,(anonymous_15)
FNDA:4,(anonymous_16)
FNDA:166,(anonymous_17)
FNDA:1,(anonymous_18)
FNDA:2,(anonymous_19)
FNDA:1,(anonymous_20)
FNDA:1,(anonymous_21)
FNDA:0,(anonymous_22)
FNDA:1,(anonymous_23)
FNDA:1,(anonymous_24)
FNDA:1,(anonymous_25)
FNDA:1,(anonymous_26)
FNDA:1,(anonymous_27)
FNDA:1,(anonymous_28)
FNDA:2,(anonymous_29)
FNDA:1,(anonymous_30)
FNDA:0,(anonymous_31)
FNDA:0,(anonymous_32)
FNDA:0,(anonymous_33)
FNDA:192,(anonymous_34)
FNDA:1,(anonymous_35)
DA:6,1
DA:7,2
DA:8,2
DA:9,2
DA:10,1
DA:11,4
DA:12,2
DA:15,1
DA:16,1
DA:17,1
DA:18,1
DA:19,1
DA:20,1
DA:21,1
DA:22,1
DA:23,1
DA:24,1
DA:25,1
DA:26,1
DA:27,1
DA:28,1
DA:29,1
DA:30,1
DA:31,1
DA:32,1
DA:33,1
DA:34,1
DA:35,1
DA:36,1
DA:47,1
DA:48,1
DA:49,0
DA:57,0
DA:58,0
DA:59,0
DA:74,0
DA:77,0
DA:87,0
DA:90,0
DA:96,72
DA:97,72
DA:98,72
DA:99,72
DA:100,72
DA:101,72
DA:103,72
DA:104,72
DA:110,1
DA:114,193
DA:117,1
DA:121,4
DA:125,166
DA:126,1
DA:127,1
DA:128,6
DA:129,1
DA:130,1
DA:131,1
DA:132,1
DA:133,1
DA:134,1
DA:135,1
DA:136,1
DA:138,166
DA:143,1
DA:144,1
DA:145,1
DA:146,1
DA:150,2
DA:151,2
DA:152,2
DA:153,2
DA:154,2
DA:155,1
DA:156,1
DA:159,1
DA:160,1
DA:163,0
DA:165,1
DA:167,1
DA:168,1
DA:169,1
DA:171,0
DA:172,0
DA:174,0
DA:175,0
DA:176,0
DA:177,0
DA:178,0
DA:181,1
DA:182,1
DA:183,1
DA:184,1
DA:187,0
DA:188,0
DA:189,0
DA:195,1
DA:197,0
DA:208,0
DA:216,1
DA:238,1
DA:239,1
DA:240,0
DA:241,0
DA:244,1
DA:245,1
DA:247,1
DA:248,1
DA:249,1
DA:250,1
DA:251,0
DA:252,0
DA:253,0
DA:254,0
DA:255,0
DA:256,0
DA:257,0
DA:258,0
DA:261,0
DA:262,0
DA:267,0
DA:271,1
DA:272,1
DA:273,1
DA:274,1
DA:276,1
DA:277,0
DA:278,0
DA:279,0
DA:280,0
DA:281,0
DA:282,0
DA:283,0
DA:284,0
DA:287,1
DA:288,1
DA:290,1
DA:292,1
DA:295,1
DA:296,1
DA:303,1
DA:312,1
DA:313,1
DA:314,1
DA:315,1
DA:317,1
DA:320,1
DA:321,1
DA:325,1
DA:328,1
DA:329,1
DA:335,2
DA:336,1
DA:340,1
DA:341,1
DA:342,1
DA:343,0
DA:344,0
DA:347,1
DA:348,1
DA:350,1
DA:351,1
DA:352,0
DA:355,1
DA:356,1
DA:357,0
DA:358,0
DA:359,0
DA:363,1
DA:364,1
DA:374,0
DA:375,0
DA:386,0
DA:387,0
DA:396,0
DA:397,0
DA:407,192
DA:408,192
DA:412,1
DA:413,1
DA:414,1
DA:415,1
DA:416,0
DA:417,0
DA:418,0
DA:421,1
DA:427,1
DA:429,1
LF:188
LH:131
BRDA:6,1,0,1
BRDA:6,1,1,1
BRDA:6,1,2,1
BRDA:7,2,0,2
BRDA:7,2,1,0
BRDA:8,3,0,2
BRDA:8,3,1,2
BRDA:11,4,0,2
BRDA:11,4,1,2
BRDA:12,5,0,2
BRDA:12,5,1,2
BRDA:48,6,0,0
BRDA:48,6,1,1
BRDA:58,7,0,0
BRDA:58,7,1,0
BRDA:58,8,0,0
BRDA:58,8,1,0
BRDA:125,9,0,1
BRDA:125,9,1,165
BRDA:154,10,0,1
BRDA:154,10,1,1
BRDA:159,11,0,1
BRDA:159,11,1,0
BRDA:169,12,0,0
BRDA:169,12,1,1
BRDA:171,13,0,0
BRDA:171,13,1,0
BRDA:195,14,0,0
BRDA:195,14,1,1
BRDA:195,15,0,1
BRDA:195,15,1,1
BRDA:239,16,0,0
BRDA:239,16,1,1
BRDA:250,17,0,0
BRDA:250,17,1,1
BRDA:253,18,0,0
BRDA:253,18,1,0
BRDA:261,19,0,0
BRDA:261,19,1,0
BRDA:271,20,0,1
BRDA:271,20,1,1
BRDA:273,21,0,0
BRDA:273,21,1,1
BRDA:276,22,0,0
BRDA:276,22,1,1
BRDA:280,23,0,0
BRDA:280,23,1,0
BRDA:288,24,0,1
BRDA:288,24,1,0
BRDA:342,25,0,0
BRDA:342,25,1,1
BRDA:348,26,0,1
BRDA:348,26,1,0
BRDA:351,27,0,0
BRDA:351,27,1,1
BRDA:356,28,0,0
BRDA:356,28,1,1
BRDA:374,29,0,0
BRDA:374,29,1,0
BRDA:386,30,0,0
BRDA:386,30,1,0
BRDA:396,31,0,0
BRDA:396,31,1,0
BRDA:407,32,0,192
BRDA:407,32,1,0
BRDA:415,33,0,0
BRDA:415,33,1,1
BRDA:415,34,0,1
BRDA:415,34,1,1
BRF:69
BRH:35
end_of_record
TN:
SF:/Users/runner/work/1/s/out/src/controllers/vscodeWrapper.js
FN:6,(anonymous_1)
FN:7,adopt
FN:7,(anonymous_3)
FN:8,(anonymous_4)
FN:9,fulfilled
FN:10,rejected
FN:11,step
FN:25,(anonymous_8)
FN:33,(anonymous_9)
FN:41,(anonymous_10)
FN:47,(anonymous_11)
FN:53,(anonymous_12)
FN:59,(anonymous_13)
FN:69,(anonymous_14)
FN:87,(anonymous_15)
FN:95,(anonymous_16)
FN:109,(anonymous_17)
FN:122,(anonymous_18)
FN:128,(anonymous_19)
FN:134,(anonymous_20)
FN:152,(anonymous_21)
FN:153,(anonymous_22)
FN:169,(anonymous_23)
FN:170,(anonymous_24)
FN:178,(anonymous_25)
FN:194,(anonymous_26)
FN:202,(anonymous_27)
FN:210,(anonymous_28)
FN:216,(anonymous_29)
FN:222,(anonymous_30)
FN:228,(anonymous_31)
FN:231,(anonymous_32)
FN:234,(anonymous_33)
FN:244,(anonymous_34)
FN:253,(anonymous_35)
FN:266,(anonymous_36)
FN:267,(anonymous_37)
FN:275,(anonymous_38)
FN:281,(anonymous_39)
FN:292,(anonymous_40)
FN:303,(anonymous_41)
FN:312,(anonymous_42)
FN:318,(anonymous_43)
FN:324,(anonymous_44)
FN:330,(anonymous_45)
FN:331,(anonymous_46)
FN:338,(anonymous_47)
FN:344,(anonymous_48)
FN:350,(anonymous_49)
FN:357,(anonymous_50)
FN:363,(anonymous_51)
FNF:51
FNH:21
FNDA:1,(anonymous_1)
FNDA:1,adopt
FNDA:0,(anonymous_3)
FNDA:1,(anonymous_4)
FNDA:0,fulfilled
FNDA:1,rejected
FNDA:1,step
FNDA:559,(anonymous_8)
FNDA:1,(anonymous_9)
FNDA:62,(anonymous_10)
FNDA:0,(anonymous_11)
FNDA:1,(anonymous_12)
FNDA:5,(anonymous_13)
FNDA:62,(anonymous_14)
FNDA:0,(anonymous_15)
FNDA:4,(anonymous_16)
FNDA:0,(anonymous_17)
FNDA:63,(anonymous_18)
FNDA:1,(anonymous_19)
FNDA:1,(anonymous_20)
FNDA:1,(anonymous_21)
FNDA:1,(anonymous_22)
FNDA:0,(anonymous_23)
FNDA:0,(anonymous_24)
FNDA:36,(anonymous_25)
FNDA:0,(anonymous_26)
FNDA:0,(anonymous_27)
FNDA:0,(anonymous_28)
FNDA:0,(anonymous_29)
FNDA:0,(anonymous_30)
FNDA:1,(anonymous_31)
FNDA:0,(anonymous_32)
FNDA:0,(anonymous_33)
FNDA:0,(anonymous_34)
FNDA:0,(anonymous_35)
FNDA:0,(anonymous_36)
FNDA:0,(anonymous_37)
FNDA:0,(anonymous_38)
FNDA:0,(anonymous_39)
FNDA:0,(anonymous_40)
FNDA:0,(anonymous_41)
FNDA:0,(anonymous_42)
FNDA:1,(anonymous_43)
FNDA:0,(anonymous_44)
FNDA:0,(anonymous_45)
FNDA:0,(anonymous_46)
FNDA:1,(anonymous_47)
FNDA:0,(anonymous_48)
FNDA:0,(anonymous_49)
FNDA:0,(anonymous_50)
FNDA:0,(anonymous_51)
DA:6,1
DA:7,1
DA:8,1
DA:9,1
DA:10,1
DA:11,1
DA:12,1
DA:15,1
DA:16,1
DA:17,1
DA:18,1
DA:19,1
DA:20,1
DA:26,559
DA:27,1
DA:34,1
DA:42,62
DA:48,0
DA:54,1
DA:60,5
DA:62,0
DA:64,5
DA:70,62
DA:88,0
DA:96,4
DA:97,0
DA:98,0
DA:101,0
DA:104,4
DA:110,0
DA:111,0
DA:112,0
DA:113,0
DA:114,0
DA:117,0
DA:123,63
DA:129,1
DA:135,1
DA:153,1
DA:154,1
DA:155,0
DA:170,0
DA:171,0
DA:172,0
DA:179,36
DA:180,36
DA:181,0
DA:182,0
DA:186,36
DA:195,0
DA:203,0
DA:211,0
DA:217,0
DA:223,0
DA:229,1
DA:232,0
DA:235,0
DA:245,0
DA:254,0
DA:267,0
DA:268,0
DA:269,0
DA:276,0
DA:282,0
DA:293,0
DA:304,0
DA:313,0
DA:319,1
DA:325,0
DA:331,0
DA:332,0
DA:339,1
DA:345,0
DA:351,0
DA:358,0
DA:364,0
DA:368,1
LF:77
LH:35
BRDA:6,1,0,1
BRDA:6,1,1,1
BRDA:6,1,2,1
BRDA:7,2,0,1
BRDA:7,2,1,0
BRDA:8,3,0,1
BRDA:8,3,1,1
BRDA:11,4,0,0
BRDA:11,4,1,1
BRDA:12,5,0,1
BRDA:12,5,1,1
BRDA:26,6,0,1
BRDA:26,6,1,558
BRDA:60,7,0,0
BRDA:60,7,1,5
BRDA:60,8,0,5
BRDA:60,8,1,0
BRDA:96,9,0,0
BRDA:96,9,1,4
BRDA:112,10,0,0
BRDA:112,10,1,0
BRDA:113,11,0,0
BRDA:113,11,1,0
BRDA:180,12,0,0
BRDA:180,12,1,36
BRDA:358,13,0,0
BRDA:358,13,1,0
BRDA:364,14,0,0
BRDA:364,14,1,0
BRF:29
BRH:15
end_of_record
TN:
SF:/Users/runner/work/1/s/out/src/models/contracts.js
FN:12,(anonymous_1)
FN:19,(anonymous_2)
FN:32,(anonymous_3)
FN:39,(anonymous_4)
FN:47,(anonymous_5)
FN:61,(anonymous_6)
FN:73,(anonymous_7)
FN:80,(anonymous_8)
FN:87,(anonymous_9)
FNF:9
FNH:9
FNDA:1,(anonymous_1)
FNDA:1,(anonymous_2)
FNDA:1,(anonymous_3)
FNDA:1,(anonymous_4)
FNDA:5,(anonymous_5)
FNDA:2,(anonymous_6)
FNDA:1,(anonymous_7)
FNDA:1,(anonymous_8)
FNDA:1,(anonymous_9)
DA:6,1
DA:7,1
DA:8,1
DA:11,1
DA:12,1
DA:13,1
DA:18,1
DA:19,1
DA:20,1
DA:27,1
DA:31,1
DA:32,1
DA:33,1
DA:38,1
DA:39,1
DA:40,1
DA:45,1
DA:48,5
DA:49,5
DA:50,5
DA:51,5
DA:52,5
DA:53,5
DA:56,1
DA:59,1
DA:62,2
DA:63,2
DA:66,1
DA:69,1
DA:72,1
DA:73,1
DA:74,1
DA:79,1
DA:80,1
DA:81,1
DA:86,1
DA:87,1
DA:88,1
LF:38
LH:38
BRDA:14,1,0,1
BRDA:14,1,1,1
BRDA:21,2,0,1
BRDA:21,2,1,1
BRDA:34,3,0,1
BRDA:34,3,1,1
BRDA:41,4,0,1
BRDA:41,4,1,1
BRDA:75,5,0,1
BRDA:75,5,1,1
BRDA:82,6,0,1
BRDA:82,6,1,1
BRDA:89,7,0,1
BRDA:89,7,1,1
BRF:14
BRH:14
end_of_record
TN:
SF:/Users/runner/work/1/s/out/src/models/logger.js
FN:14,(anonymous_1)
FN:21,(anonymous_2)
FN:24,(anonymous_3)
FN:37,(anonymous_4)
FN:40,(anonymous_5)
FN:45,(anonymous_6)
FN:49,(anonymous_7)
FNF:7
FNH:4
FNDA:8,(anonymous_1)
FNDA:0,(anonymous_2)
FNDA:9,(anonymous_3)
FNDA:0,(anonymous_4)
FNDA:0,(anonymous_5)
FNDA:2,(anonymous_6)
FNDA:7,(anonymous_7)
DA:2,1
DA:3,1
DA:8,1
DA:9,1
DA:15,8
DA:16,8
DA:17,8
DA:18,8
DA:19,8
DA:22,0
DA:25,9
DA:26,6
DA:27,0
DA:28,0
DA:30,6
DA:31,0
DA:33,6
DA:35,9
DA:38,0
DA:41,0
DA:42,0
DA:46,2
DA:47,2
DA:50,7
DA:51,7
DA:52,7
DA:55,1
LF:27
LH:20
BRDA:25,1,0,6
BRDA:25,1,1,3
BRDA:26,2,0,0
BRDA:26,2,1,6
BRDA:30,3,0,0
BRDA:30,3,1,6
BRDA:41,4,0,0
BRDA:41,4,1,0
BRDA:46,5,0,2
BRDA:46,5,1,0
BRDA:50,6,0,7
BRDA:50,6,1,3
BRF:12
BRH:7
end_of_record
TN:
SF:/Users/runner/work/1/s/out/src/languageservice/server.js
FN:6,(anonymous_1)
FN:7,adopt
FN:7,(anonymous_3)
FN:8,(anonymous_4)
FN:9,fulfilled
FN:10,rejected
FN:11,step
FN:22,(anonymous_8)
FN:30,(anonymous_9)
FN:31,(anonymous_10)
FN:59,(anonymous_11)
FN:60,(anonymous_12)
FN:75,(anonymous_13)
FN:76,(anonymous_14)
FN:84,(anonymous_15)
FN:85,(anonymous_16)
FNF:16
FNH:15
FNDA:17,(anonymous_1)
FNDA:29,adopt
FNDA:0,(anonymous_3)
FNDA:17,(anonymous_4)
FNDA:22,fulfilled
FNDA:7,rejected
FNDA:46,step
FNDA:10,(anonymous_8)
FNDA:9,(anonymous_9)
FNDA:9,(anonymous_10)
FNDA:3,(anonymous_11)
FNDA:3,(anonymous_12)
FNDA:4,(anonymous_13)
FNDA:4,(anonymous_14)
FNDA:1,(anonymous_15)
FNDA:1,(anonymous_16)
DA:6,1
DA:7,29
DA:8,17
DA:9,22
DA:10,7
DA:11,46
DA:12,17
DA:15,1
DA:16,1
DA:17,1
DA:23,10
DA:24,10
DA:25,10
DA:31,9
DA:32,9
DA:34,9
DA:35,2
DA:38,7
DA:39,7
DA:40,7
DA:41,11
DA:42,11
DA:43,11
DA:44,4
DA:53,3
DA:60,3
DA:63,3
DA:64,3
DA:65,1
DA:68,2
DA:76,4
DA:77,4
DA:78,4
DA:85,1
DA:86,1
DA:87,1
DA:88,1
DA:89,1
DA:92,0
DA:93,0
DA:98,1
LF:41
LH:39
BRDA:6,1,0,1
BRDA:6,1,1,1
BRDA:6,1,2,1
BRDA:7,2,0,29
BRDA:7,2,1,0
BRDA:8,3,0,17
BRDA:8,3,1,17
BRDA:11,4,0,17
BRDA:11,4,1,29
BRDA:12,5,0,17
BRDA:12,5,1,17
BRDA:34,6,0,2
BRDA:34,6,1,7
BRDA:38,7,0,7
BRDA:38,7,1,0
BRDA:43,8,0,4
BRDA:43,8,1,0
BRDA:64,9,0,1
BRDA:64,9,1,2
BRF:19
BRH:16
end_of_record
TN:
SF:/Users/runner/work/1/s/out/src/languageservice/serviceDownloadProvider.js
FN:6,(anonymous_1)
FN:7,adopt
FN:7,(anonymous_3)
FN:8,(anonymous_4)
FN:9,fulfilled
FN:10,rejected
FN:11,step
FN:26,(anonymous_8)
FN:38,(anonymous_9)
FN:54,(anonymous_10)
FN:55,(anonymous_11)
FN:73,(anonymous_12)
FN:85,(anonymous_13)
FN:95,(anonymous_14)
FN:96,(anonymous_15)
FN:127,(anonymous_16)
FN:137,(anonymous_17)
FNF:17
FNH:15
FNDA:8,(anonymous_1)
FNDA:11,adopt
FNDA:0,(anonymous_3)
FNDA:8,(anonymous_4)
FNDA:11,fulfilled
FNDA:0,rejected
FNDA:19,step
FNDA:14,(anonymous_8)
FNDA:2,(anonymous_9)
FNDA:7,(anonymous_10)
FNDA:7,(anonymous_11)
FNDA:8,(anonymous_12)
FNDA:1,(anonymous_13)
FNDA:1,(anonymous_14)
FNDA:1,(anonymous_15)
FNDA:1,(anonymous_16)
FNDA:1,(anonymous_17)
DA:6,1
DA:7,11
DA:8,8
DA:9,11
DA:10,1
DA:11,19
DA:12,8
DA:15,1
DA:16,1
DA:17,1
DA:18,1
DA:19,1
DA:20,1
DA:21,1
DA:27,14
DA:28,14
DA:29,14
DA:30,14
DA:31,14
DA:33,14
DA:39,2
DA:40,2
DA:41,2
DA:42,0
DA:43,0
DA:46,0
DA:49,2
DA:55,7
DA:56,7
DA:57,7
DA:58,7
DA:59,7
DA:60,7
DA:61,7
DA:67,7
DA:74,8
DA:75,8
DA:76,8
DA:77,4
DA:81,4
DA:83,8
DA:86,1
DA:87,1
DA:88,1
DA:89,1
DA:90,1
DA:96,1
DA:97,1
DA:98,1
DA:99,1
DA:100,1
DA:101,1
DA:102,1
DA:103,1
DA:104,1
DA:105,1
DA:106,1
DA:112,1
DA:113,1
DA:114,1
DA:115,1
DA:116,1
DA:117,1
DA:118,1
DA:121,0
DA:122,0
DA:124,1
DA:128,1
DA:129,1
DA:130,1
DA:131,0
DA:133,1
DA:138,1
DA:139,1
DA:140,1
DA:141,1
DA:142,1
DA:143,1
DA:145,0
DA:150,1
LF:80
LH:73
BRDA:6,1,0,1
BRDA:6,1,1,1
BRDA:6,1,2,1
BRDA:7,2,0,11
BRDA:7,2,1,0
BRDA:8,3,0,8
BRDA:8,3,1,8
BRDA:11,4,0,8
BRDA:11,4,1,11
BRDA:12,5,0,8
BRDA:12,5,1,8
BRDA:41,6,0,0
BRDA:41,6,1,2
BRDA:42,7,0,0
BRDA:42,7,1,0
BRDA:76,8,0,4
BRDA:76,8,1,4
BRDA:130,9,0,0
BRDA:130,9,1,1
BRF:19
BRH:14
end_of_record
TN:
SF:/Users/runner/work/1/s/out/src/models/platform.js
FN:15,(anonymous_1)
FN:29,getRuntimeDisplayName
FN:64,(anonymous_3)
FN:69,(anonymous_4)
FN:76,(anonymous_5)
FN:79,(anonymous_6)
FN:91,(anonymous_7)
FN:128,(anonymous_8)
FN:139,(anonymous_9)
FN:142,(anonymous_10)
FN:145,(anonymous_11)
FN:148,(anonymous_12)
FN:151,(anonymous_13)
FN:154,(anonymous_14)
FN:168,(anonymous_15)
FN:184,(anonymous_16)
FN:210,(anonymous_17)
FN:220,(anonymous_18)
FN:229,(anonymous_19)
FN:248,(anonymous_20)
FN:295,(anonymous_21)
FNF:21
FNH:16
FNDA:1,(anonymous_1)
FNDA:8,getRuntimeDisplayName
FNDA:12,(anonymous_3)
FNDA:0,(anonymous_4)
FNDA:0,(anonymous_5)
FNDA:0,(anonymous_6)
FNDA:12,(anonymous_7)
FNDA:18,(anonymous_8)
FNDA:1,(anonymous_9)
FNDA:2,(anonymous_10)
FNDA:0,(anonymous_11)
FNDA:3,(anonymous_12)
FNDA:1,(anonymous_13)
FNDA:1,(anonymous_14)
FNDA:2,(anonymous_15)
FNDA:3,(anonymous_16)
FNDA:0,(anonymous_17)
FNDA:3,(anonymous_18)
FNDA:3,(anonymous_19)
FNDA:18,(anonymous_20)
FNDA:6,(anonymous_21)
DA:6,1
DA:7,1
DA:8,1
DA:9,1
DA:10,1
DA:11,1
DA:12,1
DA:13,1
DA:14,1
DA:15,1
DA:16,1
DA:17,1
DA:18,1
DA:19,1
DA:20,1
DA:21,1
DA:22,1
DA:23,1
DA:24,1
DA:25,1
DA:26,1
DA:27,1
DA:29,1
DA:30,8
DA:33,1
DA:35,7
DA:37,0
DA:39,0
DA:41,0
DA:43,0
DA:45,0
DA:47,0
DA:49,0
DA:51,0
DA:53,0
DA:56,1
DA:65,12
DA:66,12
DA:67,12
DA:72,0
DA:73,0
DA:74,0
DA:77,0
DA:80,0
DA:81,0
DA:82,0
DA:83,0
DA:86,0
DA:92,12
DA:93,12
DA:94,12
DA:95,12
DA:96,12
DA:97,104
DA:98,104
DA:99,104
DA:100,92
DA:101,92
DA:103,92
DA:104,64
DA:106,28
DA:107,4
DA:109,92
DA:110,12
DA:112,80
DA:113,12
DA:115,68
DA:116,7
DA:118,92
DA:119,7
DA:123,12
DA:126,1
DA:129,18
DA:130,18
DA:131,18
DA:132,18
DA:133,18
DA:136,4
DA:140,1
DA:143,2
DA:146,0
DA:149,3
DA:152,1
DA:155,1
DA:156,1
DA:157,1
DA:158,1
DA:159,0
DA:166,1
DA:169,2
DA:170,2
DA:171,2
DA:172,2
DA:174,2
DA:176,2
DA:177,0
DA:178,0
DA:180,0
DA:182,2
DA:185,3
DA:186,3
DA:187,3
DA:188,3
DA:190,0
DA:191,0
DA:192,0
DA:194,3
DA:195,3
DA:196,3
DA:198,0
DA:199,0
DA:200,0
DA:202,0
DA:204,3
DA:205,3
DA:206,3
DA:211,0
DA:212,0
DA:213,0
DA:216,0
DA:221,3
DA:223,3
DA:224,3
DA:226,0
DA:230,3
DA:231,3
DA:232,3
DA:233,0
DA:234,0
DA:236,3
DA:237,0
DA:238,0
DA:240,3
DA:251,18
DA:253,4
DA:254,1
DA:255,2
DA:258,1
DA:260,6
DA:262,4
DA:263,1
DA:266,1
DA:268,7
DA:270,6
DA:275,6
DA:276,0
DA:277,0
DA:278,0
DA:279,0
DA:283,6
DA:284,6
DA:288,1
DA:292,1
DA:296,6
DA:301,0
DA:303,1
DA:305,1
DA:307,0
DA:308,0
DA:310,0
DA:313,0
DA:315,0
DA:317,0
DA:319,0
DA:321,0
DA:323,0
DA:325,0
DA:327,0
DA:331,1
DA:333,1
DA:335,0
DA:337,0
DA:339,0
DA:342,1
DA:344,0
DA:345,0
DA:347,0
DA:349,2
DA:351,0
DA:354,1
LF:180
LH:118
BRDA:28,1,0,1
BRDA:28,1,1,1
BRDA:30,2,0,1
BRDA:30,2,1,1
BRDA:30,2,2,7
BRDA:30,2,3,0
BRDA:30,2,4,0
BRDA:30,2,5,0
BRDA:30,2,6,0
BRDA:30,2,7,0
BRDA:30,2,8,0
BRDA:30,2,9,0
BRDA:30,2,10,0
BRDA:30,2,11,0
BRDA:82,3,0,0
BRDA:82,3,1,0
BRDA:99,4,0,92
BRDA:99,4,1,12
BRDA:103,5,0,64
BRDA:103,5,1,28
BRDA:103,6,0,92
BRDA:103,6,1,92
BRDA:103,6,2,64
BRDA:106,7,0,4
BRDA:106,7,1,24
BRDA:106,8,0,28
BRDA:106,8,1,28
BRDA:106,8,2,4
BRDA:109,9,0,12
BRDA:109,9,1,80
BRDA:112,10,0,12
BRDA:112,10,1,68
BRDA:115,11,0,7
BRDA:115,11,1,61
BRDA:118,12,0,7
BRDA:118,12,1,85
BRDA:118,13,0,92
BRDA:118,13,1,62
BRDA:118,13,2,42
BRDA:149,14,0,3
BRDA:149,14,1,2
BRDA:155,15,0,1
BRDA:155,15,1,0
BRDA:158,16,0,0
BRDA:158,16,1,1
BRDA:158,17,0,1
BRDA:158,17,1,1
BRDA:158,17,2,1
BRDA:170,18,0,2
BRDA:170,18,1,0
BRDA:171,19,0,2
BRDA:171,19,1,0
BRDA:176,20,0,0
BRDA:176,20,1,2
BRDA:177,21,0,0
BRDA:177,21,1,0
BRDA:188,22,0,0
BRDA:188,22,1,3
BRDA:188,22,2,0
BRDA:188,22,3,0
BRDA:212,23,0,0
BRDA:212,23,1,0
BRDA:212,24,0,0
BRDA:212,24,1,0
BRDA:223,25,0,3
BRDA:223,25,1,0
BRDA:232,26,0,0
BRDA:232,26,1,3
BRDA:236,27,0,0
BRDA:236,27,1,3
BRDA:236,28,0,3
BRDA:236,28,1,0
BRDA:251,29,0,4
BRDA:251,29,1,6
BRDA:251,29,2,7
BRDA:251,29,3,1
BRDA:253,30,0,1
BRDA:253,30,1,2
BRDA:253,30,2,1
BRDA:260,31,0,4
BRDA:260,31,1,1
BRDA:260,31,2,1
BRDA:268,32,0,6
BRDA:268,32,1,1
BRDA:275,33,0,0
BRDA:275,33,1,6
BRDA:275,34,0,6
BRDA:275,34,1,0
BRDA:275,34,2,0
BRDA:278,35,0,0
BRDA:278,35,1,0
BRDA:283,36,0,6
BRDA:283,36,1,0
BRDA:296,37,0,0
BRDA:296,37,1,0
BRDA:296,37,2,1
BRDA:296,37,3,0
BRDA:296,37,4,0
BRDA:296,37,5,0
BRDA:296,37,6,1
BRDA:296,37,7,1
BRDA:296,37,8,1
BRDA:296,37,9,0
BRDA:296,37,10,0
BRDA:296,37,11,0
BRDA:296,37,12,1
BRDA:296,37,13,1
BRDA:296,37,14,0
BRDA:296,37,15,2
BRDA:303,38,0,1
BRDA:303,38,1,0
BRDA:307,39,0,0
BRDA:307,39,1,0
BRDA:313,40,0,0
BRDA:313,40,1,0
BRDA:317,41,0,0
BRDA:317,41,1,0
BRDA:323,42,0,0
BRDA:323,42,1,0
BRDA:323,43,0,0
BRDA:323,43,1,0
BRDA:344,44,0,0
BRDA:344,44,1,0
BRF:123
BRH:66
end_of_record
TN:
SF:/Users/runner/work/1/s/out/src/languageservice/interfaces.js
FN:5,(anonymous_1)
FN:13,(anonymous_2)
FNF:2
FNH:0
FNDA:0,(anonymous_1)
FNDA:0,(anonymous_2)
DA:2,1
DA:3,1
DA:6,0
DA:7,0
DA:10,1
DA:14,0
DA:15,0
DA:16,0
DA:17,0
DA:20,1
LF:10
LH:4
BRF:0
BRH:0
end_of_record
TN:
SF:/Users/runner/work/1/s/out/src/languageservice/decompressProvider.js
FN:6,(anonymous_1)
FN:7,adopt
FN:7,(anonymous_3)
FN:8,(anonymous_4)
FN:9,fulfilled
FN:10,rejected
FN:11,step
FN:19,(anonymous_8)
FN:23,(anonymous_9)
FN:26,(anonymous_10)
FN:30,(anonymous_11)
FN:37,(anonymous_12)
FN:50,(anonymous_13)
FNF:13
FNH:2
FNDA:0,(anonymous_1)
FNDA:0,adopt
FNDA:0,(anonymous_3)
FNDA:0,(anonymous_4)
FNDA:0,fulfilled
FNDA:0,rejected
FNDA:0,step
FNDA:0,(anonymous_8)
FNDA:0,(anonymous_9)
FNDA:0,(anonymous_10)
FNDA:0,(anonymous_11)
FNDA:1,(anonymous_12)
FNDA:1,(anonymous_13)
DA:6,1
DA:7,1
DA:8,0
DA:9,1
DA:10,1
DA:11,1
DA:12,0
DA:15,1
DA:16,1
DA:17,1
DA:20,0
DA:21,0
DA:22,0
DA:23,0
DA:24,0
DA:26,0
DA:27,0
DA:28,0
DA:30,0
DA:31,0
DA:32,0
DA:34,0
DA:38,1
DA:39,1
DA:42,0
DA:44,0
DA:45,0
DA:48,0
DA:51,1
DA:52,0
DA:55,1
DA:59,1
LF:32
LH:13
BRDA:6,1,0,1
BRDA:6,1,1,1
BRDA:6,1,2,1
BRDA:7,2,0,0
BRDA:7,2,1,0
BRDA:8,3,0,0
BRDA:8,3,1,0
BRDA:11,4,0,0
BRDA:11,4,1,0
BRDA:12,5,0,0
BRDA:12,5,1,0
BRDA:44,6,0,0
BRDA:44,6,1,0
BRDA:44,7,0,0
BRDA:44,7,1,0
BRDA:51,8,0,0
BRDA:51,8,1,1
BRF:17
BRH:4
end_of_record
TN:
SF:/Users/runner/work/1/s/out/src/languageservice/httpClient.js
FN:20,(anonymous_1)
FN:52,(anonymous_2)
FN:76,(anonymous_3)
FN:94,(anonymous_4)
FNF:4
FNH:1
FNDA:0,(anonymous_1)
FNDA:0,(anonymous_2)
FNDA:1,(anonymous_3)
FNDA:0,(anonymous_4)
DA:6,1
DA:7,1
DA:8,1
DA:9,1
DA:10,1
DA:11,1
DA:12,1
DA:21,0
DA:22,0
DA:23,0
DA:24,0
DA:25,0
DA:26,0
DA:28,0
DA:29,0
DA:31,0
DA:33,0
DA:35,0
DA:36,0
DA:39,0
DA:40,0
DA:42,0
DA:45,0
DA:46,0
DA:49,0
DA:53,0
DA:54,0
DA:59,0
DA:60,0
DA:66,0
DA:68,0
DA:69,0
DA:71,0
DA:77,1
DA:79,1
DA:80,1
DA:81,1
DA:82,1
DA:83,1
DA:86,1
DA:87,1
DA:88,1
DA:89,1
DA:92,1
DA:95,0
DA:96,0
DA:102,0
DA:103,0
DA:104,0
DA:106,0
DA:107,0
DA:108,0
DA:110,0
DA:111,0
DA:114,0
DA:118,1
LF:56
LH:19
BRDA:23,1,0,0
BRDA:23,1,1,0
BRDA:25,2,0,0
BRDA:25,2,1,0
BRDA:25,3,0,0
BRDA:25,3,1,0
BRDA:29,4,0,0
BRDA:29,4,1,0
BRDA:29,5,0,0
BRDA:29,5,1,0
BRDA:33,6,0,0
BRDA:33,6,1,0
BRDA:46,7,0,0
BRDA:46,7,1,0
BRDA:59,8,0,0
BRDA:59,8,1,0
BRDA:64,9,0,0
BRDA:64,9,1,0
BRDA:68,10,0,0
BRDA:68,10,1,0
BRDA:69,11,0,0
BRDA:69,11,1,0
BRDA:79,12,0,1
BRDA:79,12,1,0
BRDA:81,13,0,1
BRDA:81,13,1,0
BRDA:87,14,0,1
BRDA:87,14,1,0
BRDA:111,15,0,0
BRDA:111,15,1,0
BRF:30
BRH:3
end_of_record
TN:
SF:/Users/runner/work/1/s/out/src/languageservice/proxy.js
FN:11,getSystemProxyURL
FN:20,isBoolean
FN:27,getProxyAgent
FNF:3
FNH:0
FNDA:0,getSystemProxyURL
FNDA:0,isBoolean
FNDA:0,getProxyAgent
DA:6,1
DA:7,1
DA:8,1
DA:9,1
DA:10,1
DA:11,1
DA:12,0
DA:13,0
DA:15,0
DA:16,0
DA:18,0
DA:20,1
DA:21,0
DA:23,1
DA:27,1
DA:28,0
DA:29,0
DA:30,0
DA:32,0
DA:33,0
DA:34,0
DA:36,0
DA:42,0
DA:44,1
LF:24
LH:10
BRDA:12,1,0,0
BRDA:12,1,1,0
BRDA:13,2,0,0
BRDA:13,2,1,0
BRDA:13,2,2,0
BRDA:15,3,0,0
BRDA:15,3,1,0
BRDA:16,4,0,0
BRDA:16,4,1,0
BRDA:16,4,2,0
BRDA:16,4,3,0
BRDA:16,4,4,0
BRDA:21,5,0,0
BRDA:21,5,1,0
BRDA:28,6,0,0
BRDA:28,6,1,0
BRDA:29,7,0,0
BRDA:29,7,1,0
BRDA:33,8,0,0
BRDA:33,8,1,0
BRDA:40,9,0,0
BRDA:40,9,1,0
BRDA:42,10,0,0
BRDA:42,10,1,0
BRF:24
BRH:0
end_of_record
TN:
SF:/Users/runner/work/1/s/out/src/configurations/extConfig.js
FN:14,(anonymous_1)
FN:28,(anonymous_2)
FN:31,(anonymous_3)
FN:34,(anonymous_4)
FN:37,(anonymous_5)
FN:40,(anonymous_6)
FN:43,(anonymous_7)
FN:46,(anonymous_8)
FN:53,(anonymous_9)
FN:60,(anonymous_10)
FNF:10
FNH:8
FNDA:11,(anonymous_1)
FNDA:2,(anonymous_2)
FNDA:1,(anonymous_3)
FNDA:2,(anonymous_4)
FNDA:1,(anonymous_5)
FNDA:0,(anonymous_6)
FNDA:0,(anonymous_7)
FNDA:8,(anonymous_8)
FNDA:10,(anonymous_9)
FNDA:2,(anonymous_10)
DA:6,1
DA:7,1
DA:8,1
DA:9,1
DA:15,11
DA:16,11
DA:17,11
DA:18,11
DA:19,3
DA:21,11
DA:22,3
DA:24,11
DA:25,3
DA:29,2
DA:32,1
DA:35,2
DA:38,1
DA:41,0
DA:44,0
DA:47,8
DA:48,8
DA:49,6
DA:51,8
DA:54,10
DA:55,10
DA:56,7
DA:58,10
DA:61,2
DA:62,2
DA:63,1
DA:65,2
DA:68,1
LF:32
LH:30
BRDA:18,1,0,3
BRDA:18,1,1,8
BRDA:21,2,0,3
BRDA:21,2,1,8
BRDA:24,3,0,3
BRDA:24,3,1,8
BRDA:48,4,0,6
BRDA:48,4,1,2
BRDA:55,5,0,7
BRDA:55,5,1,3
BRDA:62,6,0,1
BRDA:62,6,1,1
BRF:12
BRH:12
end_of_record
TN:
SF:/Users/runner/work/1/s/out/src/configurations/config.js
FN:14,(anonymous_1)
FN:19,(anonymous_2)
FN:25,(anonymous_3)
FN:28,(anonymous_4)
FN:31,(anonymous_5)
FN:34,(anonymous_6)
FN:37,(anonymous_7)
FN:47,(anonymous_8)
FN:50,(anonymous_9)
FN:59,(anonymous_10)
FN:68,(anonymous_11)
FN:76,(anonymous_12)
FNF:12
FNH:7
FNDA:25,(anonymous_1)
FNDA:8,(anonymous_2)
FNDA:0,(anonymous_3)
FNDA:2,(anonymous_4)
FNDA:1,(anonymous_5)
FNDA:1,(anonymous_6)
FNDA:0,(anonymous_7)
FNDA:0,(anonymous_8)
FNDA:8,(anonymous_9)
FNDA:0,(anonymous_10)
FNDA:0,(anonymous_11)
FNDA:2,(anonymous_12)
DA:6,1
DA:7,1
DA:8,1
DA:9,1
DA:15,25
DA:16,25
DA:17,25
DA:20,8
DA:21,2
DA:23,8
DA:26,0
DA:29,2
DA:32,1
DA:35,1
DA:38,0
DA:40,0
DA:41,0
DA:43,0
DA:45,0
DA:48,0
DA:51,8
DA:52,8
DA:53,8
DA:54,8
DA:55,8
DA:57,8
DA:60,0
DA:61,0
DA:62,0
DA:63,0
DA:64,0
DA:66,0
DA:69,0
DA:70,0
DA:71,0
DA:72,0
DA:74,0
DA:77,2
DA:78,2
DA:81,1
LF:40
LH:22
BRDA:20,1,0,2
BRDA:20,1,1,6
BRDA:38,2,0,0
BRDA:38,2,1,0
BRDA:54,3,0,8
BRDA:54,3,1,0
BRDA:63,4,0,0
BRDA:63,4,1,0
BRDA:71,5,0,0
BRDA:71,5,1,0
BRF:10
BRH:3
end_of_record
TN:
SF:/Users/runner/work/1/s/out/src/languageservice/serverStatus.js
FN:14,(anonymous_1)
FN:19,(anonymous_2)
FN:22,(anonymous_3)
FN:31,(anonymous_4)
FN:38,(anonymous_5)
FN:43,(anonymous_6)
FN:47,(anonymous_7)
FN:56,(anonymous_8)
FN:61,(anonymous_9)
FN:76,(anonymous_10)
FN:81,(anonymous_11)
FN:86,(anonymous_12)
FN:90,(anonymous_13)
FN:94,(anonymous_14)
FN:102,(anonymous_15)
FNF:15
FNH:10
FNDA:1,(anonymous_1)
FNDA:0,(anonymous_2)
FNDA:0,(anonymous_3)
FNDA:11,(anonymous_4)
FNDA:1,(anonymous_5)
FNDA:1,(anonymous_6)
FNDA:1,(anonymous_7)
FNDA:1,(anonymous_8)
FNDA:1,(anonymous_9)
FNDA:4,(anonymous_10)
FNDA:0,(anonymous_11)
FNDA:0,(anonymous_12)
FNDA:0,(anonymous_13)
FNDA:4,(anonymous_14)
FNDA:4,(anonymous_15)
DA:6,1
DA:7,1
DA:8,1
DA:9,1
DA:15,1
DA:16,1
DA:17,1
DA:20,0
DA:23,0
DA:26,1
DA:32,11
DA:33,11
DA:34,11
DA:35,11
DA:36,11
DA:39,1
DA:40,1
DA:41,1
DA:44,1
DA:45,1
DA:48,1
DA:49,1
DA:50,1
DA:52,1
DA:53,0
DA:57,1
DA:58,1
DA:59,1
DA:62,1
DA:63,1
DA:64,1
DA:65,2
DA:66,2
DA:67,0
DA:69,2
DA:70,2
DA:71,2
DA:72,2
DA:77,4
DA:78,4
DA:79,4
DA:82,0
DA:83,0
DA:88,0
DA:92,0
DA:95,4
DA:96,4
DA:103,4
DA:106,1
LF:49
LH:41
BRDA:66,1,0,0
BRDA:66,1,1,2
BRDA:70,2,0,2
BRDA:70,2,1,0
BRDA:82,3,0,0
BRDA:82,3,1,0
BRDA:95,4,0,4
BRDA:95,4,1,0
BRF:8
BRH:3
end_of_record
TN:
SF:/Users/runner/work/1/s/out/src/views/statusView.js
FN:17,(anonymous_1)
FN:26,(anonymous_2)
FN:43,(anonymous_3)
FN:54,(anonymous_4)
FN:81,(anonymous_5)
FN:92,(anonymous_6)
FN:101,(anonymous_7)
FN:111,(anonymous_8)
FN:119,(anonymous_9)
FN:127,(anonymous_10)
FN:142,(anonymous_11)
FN:149,(anonymous_12)
FN:153,(anonymous_13)
FN:161,(anonymous_14)
FN:169,(anonymous_15)
FN:175,(anonymous_16)
FN:181,(anonymous_17)
FN:189,(anonymous_18)
FN:196,(anonymous_19)
FN:227,(anonymous_20)
FN:237,(anonymous_21)
FN:247,(anonymous_22)
FN:263,(anonymous_23)
FN:267,(anonymous_24)
FN:280,(anonymous_25)
FNF:25
FNH:8
FNDA:62,(anonymous_1)
FNDA:8,(anonymous_2)
FNDA:3,(anonymous_3)
FNDA:0,(anonymous_4)
FNDA:4,(anonymous_5)
FNDA:0,(anonymous_6)
FNDA:0,(anonymous_7)
FNDA:0,(anonymous_8)
FNDA:0,(anonymous_9)
FNDA:0,(anonymous_10)
FNDA:0,(anonymous_11)
FNDA:0,(anonymous_12)
FNDA:0,(anonymous_13)
FNDA:0,(anonymous_14)
FNDA:3,(anonymous_15)
FNDA:1,(anonymous_16)
FNDA:0,(anonymous_17)
FNDA:0,(anonymous_18)
FNDA:5,(anonymous_19)
FNDA:0,(anonymous_20)
FNDA:0,(anonymous_21)
FNDA:0,(anonymous_22)
FNDA:0,(anonymous_23)
FNDA:4,(anonymous_24)
FNDA:0,(anonymous_25)
DA:6,1
DA:7,1
DA:8,1
DA:9,1
DA:10,1
DA:11,1
DA:12,1
DA:18,62
DA:19,62
DA:20,60
DA:22,62
DA:23,62
DA:24,62
DA:27,8
DA:28,3
DA:29,3
DA:30,3
DA:31,3
DA:32,3
DA:33,3
DA:34,3
DA:35,3
DA:36,3
DA:39,8
DA:40,8
DA:44,3
DA:46,3
DA:47,3
DA:48,3
DA:49,3
DA:50,3
DA:51,3
DA:52,3
DA:55,0
DA:56,0
DA:57,0
DA:58,0
DA:60,0
DA:61,0
DA:63,0
DA:64,0
DA:66,0
DA:67,0
DA:69,0
DA:70,0
DA:72,0
DA:73,0
DA:75,0
DA:76,0
DA:78,0
DA:82,4
DA:84,3
DA:86,4
DA:87,4
DA:88,0
DA:90,4
DA:93,0
DA:94,0
DA:95,0
DA:96,0
DA:97,0
DA:98,0
DA:99,0
DA:102,0
DA:103,0
DA:104,0
DA:105,0
DA:106,0
DA:107,0
DA:108,0
DA:109,0
DA:112,0
DA:113,0
DA:114,0
DA:115,0
DA:116,0
DA:117,0
DA:120,0
DA:121,0
DA:122,0
DA:123,0
DA:124,0
DA:125,0
DA:128,0
DA:129,0
DA:130,0
DA:131,0
DA:132,0
DA:137,0
DA:140,0
DA:143,0
DA:144,0
DA:145,0
DA:146,0
DA:147,0
DA:150,0
DA:151,0
DA:154,0
DA:155,0
DA:156,0
DA:157,0
DA:158,0
DA:159,0
DA:162,0
DA:163,0
DA:164,0
DA:165,0
DA:166,0
DA:170,3
DA:171,3
DA:172,3
DA:173,3
DA:176,1
DA:177,1
DA:178,1
DA:179,1
DA:182,0
DA:183,0
DA:185,0
DA:187,0
DA:190,0
DA:191,0
DA:192,0
DA:194,0
DA:197,5
DA:199,2
DA:200,0
DA:201,0
DA:204,2
DA:206,1
DA:207,1
DA:209,1
DA:210,1
DA:212,1
DA:213,1
DA:215,0
DA:216,0
DA:228,0
DA:229,0
DA:230,0
DA:231,0
DA:234,0
DA:238,0
DA:239,0
DA:240,0
DA:241,0
DA:242,0
DA:243,0
DA:244,0
DA:249,0
DA:251,0
DA:252,0
DA:253,0
DA:254,0
DA:255,0
DA:256,0
DA:257,0
DA:258,0
DA:259,0
DA:265,0
DA:268,4
DA:270,4
DA:271,0
DA:272,0
DA:273,0
DA:277,4
DA:281,0
DA:282,0
DA:283,0
DA:284,0
DA:285,0
DA:286,0
DA:287,0
DA:288,0
DA:290,0
DA:291,0
DA:292,0
DA:296,1
LF:178
LH:59
BRDA:19,1,0,60
BRDA:19,1,1,2
BRDA:28,2,0,3
BRDA:28,2,1,0
BRDA:56,3,0,0
BRDA:56,3,1,0
BRDA:57,4,0,0
BRDA:57,4,1,0
BRDA:60,5,0,0
BRDA:60,5,1,0
BRDA:63,6,0,0
BRDA:63,6,1,0
BRDA:66,7,0,0
BRDA:66,7,1,0
BRDA:69,8,0,0
BRDA:69,8,1,0
BRDA:72,9,0,0
BRDA:72,9,1,0
BRDA:75,10,0,0
BRDA:75,10,1,0
BRDA:82,11,0,3
BRDA:82,11,1,1
BRDA:87,12,0,0
BRDA:87,12,1,4
BRDA:131,13,0,0
BRDA:131,13,1,0
BRDA:131,14,0,0
BRDA:131,14,1,0
BRDA:131,14,2,0
BRDA:177,15,0,0
BRDA:177,15,1,1
BRDA:183,16,0,0
BRDA:183,16,1,0
BRDA:183,17,0,0
BRDA:183,17,1,0
BRDA:191,18,0,0
BRDA:191,18,1,0
BRDA:197,19,0,2
BRDA:197,19,1,1
BRDA:197,19,2,1
BRDA:197,19,3,1
BRDA:197,19,4,0
BRDA:200,20,0,0
BRDA:200,20,1,0
BRDA:229,21,0,0
BRDA:229,21,1,0
BRDA:238,22,0,0
BRDA:238,22,1,0
BRDA:249,23,0,0
BRDA:249,23,1,0
BRDA:254,24,0,0
BRDA:254,24,1,0
BRDA:270,25,0,0
BRDA:270,25,1,4
BRDA:270,26,0,4
BRDA:270,26,1,0
BRDA:272,27,0,0
BRDA:272,27,1,0
BRDA:287,28,0,0
BRDA:287,28,1,0
BRF:60
BRH:13
end_of_record
TN:
SF:/Users/runner/work/1/s/out/src/models/connectionInfo.js
FN:20,fixupConnectionCredentials
FN:56,isAzureDatabase
FN:67,getPicklistLabel
FN:84,getPicklistDescription
FN:96,getPicklistDetails
FN:109,getConnectionDisplayString
FN:141,appendIfNotEmpty
FN:155,getUserNameOrDomainLogin
FN:174,getTooltip
FNF:9
FNH:0
FNDA:0,fixupConnectionCredentials
FNDA:0,isAzureDatabase
FNDA:0,getPicklistLabel
FNDA:0,getPicklistDescription
FNDA:0,getPicklistDetails
FNDA:0,getConnectionDisplayString
FNDA:0,appendIfNotEmpty
FNDA:0,getUserNameOrDomainLogin
FNDA:0,getTooltip
DA:6,1
DA:7,1
DA:8,1
DA:9,1
DA:10,1
DA:11,1
DA:20,1
DA:21,0
DA:22,0
DA:24,0
DA:25,0
DA:27,0
DA:28,0
DA:30,0
DA:31,0
DA:33,0
DA:34,0
DA:37,0
DA:38,0
DA:41,0
DA:42,0
DA:44,0
DA:46,0
DA:48,0
DA:49,0
DA:52,0
DA:54,1
DA:56,1
DA:57,0
DA:67,1
DA:68,0
DA:69,0
DA:70,0
DA:73,0
DA:76,1
DA:84,1
DA:85,0
DA:86,0
DA:88,1
DA:96,1
DA:98,0
DA:100,1
DA:109,1
DA:111,0
DA:112,0
DA:114,0
DA:115,0
DA:116,0
DA:119,0
DA:123,0
DA:124,0
DA:125,0
DA:128,0
DA:130,0
DA:131,0
DA:134,0
DA:135,0
DA:136,0
DA:138,0
DA:140,1
DA:141,1
DA:142,0
DA:143,0
DA:145,0
DA:155,1
DA:156,0
DA:157,0
DA:159,0
DA:160,0
DA:163,0
DA:166,1
DA:174,1
DA:175,0
DA:180,0
DA:181,0
DA:183,0
DA:185,1
LF:77
LH:22
BRDA:21,1,0,0
BRDA:21,1,1,0
BRDA:24,2,0,0
BRDA:24,2,1,0
BRDA:27,3,0,0
BRDA:27,3,1,0
BRDA:30,4,0,0
BRDA:30,4,1,0
BRDA:33,5,0,0
BRDA:33,5,1,0
BRDA:37,6,0,0
BRDA:37,6,1,0
BRDA:41,7,0,0
BRDA:41,7,1,0
BRDA:44,8,0,0
BRDA:44,8,1,0
BRDA:48,9,0,0
BRDA:48,9,1,0
BRDA:57,10,0,0
BRDA:57,10,1,0
BRDA:69,11,0,0
BRDA:69,11,1,0
BRDA:73,12,0,0
BRDA:73,12,1,0
BRDA:112,13,0,0
BRDA:112,13,1,0
BRDA:114,14,0,0
BRDA:114,14,1,0
BRDA:124,15,0,0
BRDA:124,15,1,0
BRDA:134,16,0,0
BRDA:134,16,1,0
BRDA:142,17,0,0
BRDA:142,17,1,0
BRDA:156,18,0,0
BRDA:156,18,1,0
BRDA:159,19,0,0
BRDA:159,19,1,0
BRDA:160,20,0,0
BRDA:160,20,1,0
BRDA:163,21,0,0
BRDA:163,21,1,0
BRDA:175,22,0,0
BRDA:175,22,1,0
BRDA:177,23,0,0
BRDA:177,23,1,0
BRDA:179,24,0,0
BRDA:179,24,1,0
BRDA:180,25,0,0
BRDA:180,25,1,0
BRDA:180,26,0,0
BRDA:180,26,1,0
BRF:52
BRH:0
end_of_record
TN:
SF:/Users/runner/work/1/s/out/src/models/contracts/languageService.js
FN:14,(anonymous_1)
FN:27,(anonymous_2)
FN:42,(anonymous_3)
FN:63,(anonymous_4)
FN:74,(anonymous_5)
FNF:5
FNH:5
FNDA:1,(anonymous_1)
FNDA:1,(anonymous_2)
FNDA:1,(anonymous_3)
FNDA:1,(anonymous_4)
FNDA:1,(anonymous_5)
DA:6,1
DA:7,1
DA:8,1
DA:13,1
DA:14,1
DA:15,1
DA:22,1
DA:26,1
DA:27,1
DA:28,1
DA:35,1
DA:41,1
DA:42,1
DA:43,1
DA:50,1
DA:58,1
DA:62,1
DA:63,1
DA:64,1
DA:72,1
DA:73,1
DA:74,1
DA:75,1
LF:23
LH:23
BRDA:16,1,0,1
BRDA:16,1,1,1
BRDA:29,2,0,1
BRDA:29,2,1,1
BRDA:44,3,0,1
BRDA:44,3,1,1
BRDA:65,4,0,1
BRDA:65,4,1,1
BRDA:76,5,0,1
BRDA:76,5,1,1
BRF:10
BRH:10
end_of_record
TN:
SF:/Users/runner/work/1/s/out/src/utils/utils.js
FN:6,(anonymous_1)
FN:7,adopt
FN:7,(anonymous_3)
FN:8,(anonymous_4)
FN:9,fulfilled
FN:10,rejected
FN:11,step
FN:18,exists
FN:19,(anonymous_9)
FNF:9
FNH:0
FNDA:0,(anonymous_1)
FNDA:0,adopt
FNDA:0,(anonymous_3)
FNDA:0,(anonymous_4)
FNDA:0,fulfilled
FNDA:0,rejected
FNDA:0,step
FNDA:0,exists
FNDA:0,(anonymous_9)
DA:6,1
DA:7,1
DA:8,0
DA:9,1
DA:10,1
DA:11,1
DA:12,0
DA:15,1
DA:16,1
DA:17,1
DA:18,1
DA:19,0
DA:20,0
DA:21,0
DA:22,0
DA:25,0
DA:29,1
DA:32,1
LF:18
LH:11
BRDA:6,1,0,1
BRDA:6,1,1,1
BRDA:6,1,2,1
BRDA:7,2,0,0
BRDA:7,2,1,0
BRDA:8,3,0,0
BRDA:8,3,1,0
BRDA:11,4,0,0
BRDA:11,4,1,0
BRDA:12,5,0,0
BRDA:12,5,1,0
BRF:11
BRH:3
end_of_record
TN:
SF:/Users/runner/work/1/s/out/src/controllers/queryNotificationHandler.js
FN:11,(anonymous_1)
FN:17,(anonymous_2)
FN:28,(anonymous_3)
FN:39,(anonymous_4)
FN:56,(anonymous_5)
FN:66,(anonymous_6)
FN:83,(anonymous_7)
FN:94,(anonymous_8)
FN:105,(anonymous_9)
FN:116,(anonymous_10)
FNF:10
FNH:10
FNDA:27,(anonymous_1)
FNDA:4,(anonymous_2)
FNDA:1,(anonymous_3)
FNDA:3,(anonymous_4)
FNDA:15,(anonymous_5)
FNDA:4,(anonymous_6)
FNDA:4,(anonymous_7)
FNDA:4,(anonymous_8)
FNDA:4,(anonymous_9)
FNDA:4,(anonymous_10)
DA:6,1
DA:7,1
DA:8,1
DA:9,1
DA:13,27
DA:15,27
DA:18,4
DA:19,3
DA:22,1
DA:23,1
DA:24,1
DA:29,1
DA:30,1
DA:31,1
DA:32,1
DA:33,1
DA:43,3
DA:44,7
DA:45,7
DA:49,3
DA:50,2
DA:57,15
DA:58,7
DA:61,8
DA:67,4
DA:68,4
DA:69,3
DA:70,3
DA:74,3
DA:75,2
DA:78,3
DA:84,4
DA:85,4
DA:86,3
DA:87,3
DA:89,3
DA:95,4
DA:96,4
DA:97,3
DA:98,3
DA:100,3
DA:106,4
DA:107,4
DA:108,3
DA:109,3
DA:111,3
DA:117,4
DA:118,4
DA:119,3
DA:120,3
DA:122,3
DA:126,1
LF:52
LH:52
BRDA:18,1,0,3
BRDA:18,1,1,1
BRDA:49,2,0,2
BRDA:49,2,1,1
BRDA:57,3,0,7
BRDA:57,3,1,8
BRDA:74,4,0,2
BRDA:74,4,1,1
BRF:8
BRH:8
end_of_record
TN:
SF:/Users/runner/work/1/s/out/src/models/contracts/queryExecute.js
FN:17,(anonymous_1)
FN:29,(anonymous_2)
FN:34,(anonymous_3)
FN:39,(anonymous_4)
FN:47,(anonymous_5)
FN:55,(anonymous_6)
FN:59,(anonymous_7)
FN:73,(anonymous_8)
FN:90,(anonymous_9)
FNF:9
FNH:9
FNDA:1,(anonymous_1)
FNDA:1,(anonymous_2)
FNDA:1,(anonymous_3)
FNDA:1,(anonymous_4)
FNDA:1,(anonymous_5)
FNDA:1,(anonymous_6)
FNDA:1,(anonymous_7)
FNDA:1,(anonymous_8)
FNDA:1,(anonymous_9)
DA:6,1
DA:7,1
DA:8,1
DA:11,1
DA:14,1
DA:16,1
DA:17,1
DA:18,1
DA:22,1
DA:26,1
DA:28,1
DA:29,1
DA:30,1
DA:33,1
DA:34,1
DA:35,1
DA:38,1
DA:39,1
DA:40,1
DA:44,1
DA:46,1
DA:47,1
DA:48,1
DA:52,1
DA:54,1
DA:55,1
DA:56,1
DA:58,1
DA:59,1
DA:60,1
DA:64,1
DA:67,1
DA:70,1
DA:72,1
DA:73,1
DA:74,1
DA:78,1
DA:81,1
DA:84,1
DA:87,1
DA:89,1
DA:90,1
DA:91,1
DA:95,1
LF:44
LH:44
BRDA:19,1,0,1
BRDA:19,1,1,1
BRDA:31,2,0,1
BRDA:31,2,1,1
BRDA:36,3,0,1
BRDA:36,3,1,1
BRDA:41,4,0,1
BRDA:41,4,1,1
BRDA:49,5,0,1
BRDA:49,5,1,1
BRDA:57,6,0,1
BRDA:57,6,1,1
BRDA:61,7,0,1
BRDA:61,7,1,1
BRDA:75,8,0,1
BRDA:75,8,1,1
BRDA:92,9,0,1
BRDA:92,9,1,1
BRF:18
BRH:18
end_of_record
TN:
SF:/Users/runner/work/1/s/out/src/models/contracts/queryDispose.js
FN:10,(anonymous_1)
FNF:1
FNH:1
FNDA:1,(anonymous_1)
DA:6,1
DA:7,1
DA:8,1
DA:9,1
DA:10,1
DA:11,1
DA:18,1
DA:24,1
LF:8
LH:8
BRDA:12,1,0,1
BRDA:12,1,1,1
BRF:2
BRH:2
end_of_record
TN:
SF:/Users/runner/work/1/s/out/src/models/contracts/queryCancel.js
FN:11,(anonymous_1)
FNF:1
FNH:1
FNDA:1,(anonymous_1)
DA:6,1
DA:7,1
DA:8,1
DA:10,1
DA:11,1
DA:12,1
DA:16,1
DA:19,1
LF:8
LH:8
BRDA:13,1,0,1
BRDA:13,1,1,1
BRF:2
BRH:2
end_of_record
TN:
SF:/Users/runner/work/1/s/out/src/models/resultsSerializer.js
FN:20,(anonymous_1)
FN:34,(anonymous_2)
FN:63,(anonymous_3)
FN:88,(anonymous_4)
FN:98,(anonymous_5)
FN:113,(anonymous_6)
FN:141,(anonymous_7)
FN:147,(anonymous_8)
FN:180,(anonymous_9)
FN:184,(anonymous_10)
FN:196,(anonymous_11)
FNF:11
FNH:11
FNDA:10,(anonymous_1)
FNDA:10,(anonymous_2)
FNDA:5,(anonymous_3)
FNDA:2,(anonymous_4)
FNDA:2,(anonymous_5)
FNDA:9,(anonymous_6)
FNDA:9,(anonymous_7)
FNDA:9,(anonymous_8)
FNDA:10,(anonymous_9)
FNDA:10,(anonymous_10)
FNDA:5,(anonymous_11)
DA:6,1
DA:7,1
DA:8,1
DA:9,1
DA:10,1
DA:11,1
DA:12,1
DA:13,1
DA:14,1
DA:15,1
DA:21,10
DA:22,10
DA:25,0
DA:27,10
DA:28,10
DA:31,0
DA:35,10
DA:36,10
DA:37,0
DA:40,10
DA:42,10
DA:43,10
DA:44,6
DA:46,4
DA:47,2
DA:49,2
DA:50,2
DA:52,10
DA:56,10
DA:57,10
DA:58,1
DA:60,9
DA:65,5
DA:66,5
DA:67,5
DA:69,5
DA:70,5
DA:71,5
DA:73,5
DA:74,5
DA:76,5
DA:77,5
DA:79,5
DA:80,5
DA:82,5
DA:83,5
DA:86,5
DA:90,2
DA:91,2
DA:92,2
DA:93,2
DA:96,2
DA:102,2
DA:103,2
DA:104,2
DA:106,2
DA:107,2
DA:108,2
DA:111,2
DA:114,9
DA:115,9
DA:116,9
DA:117,9
DA:118,5
DA:120,4
DA:121,2
DA:123,2
DA:124,2
DA:126,9
DA:127,9
DA:128,9
DA:129,9
DA:130,9
DA:131,1
DA:132,1
DA:133,1
DA:134,1
DA:136,9
DA:142,9
DA:148,9
DA:149,9
DA:150,9
DA:151,9
DA:152,5
DA:154,4
DA:155,2
DA:157,2
DA:158,2
DA:160,9
DA:162,9
DA:163,9
DA:164,4
DA:165,4
DA:168,5
DA:169,5
DA:170,5
DA:173,0
DA:174,0
DA:181,10
DA:182,10
DA:184,10
DA:185,10
DA:186,9
DA:189,0
DA:190,0
DA:197,5
DA:198,5
DA:201,1
DA:202,1
DA:203,1
DA:208,4
DA:209,4
DA:211,4
DA:216,0
DA:219,0
DA:224,1
LF:116
LH:107
BRDA:21,1,0,10
BRDA:21,1,1,0
BRDA:27,2,0,10
BRDA:27,2,1,0
BRDA:36,3,0,0
BRDA:36,3,1,10
BRDA:43,4,0,6
BRDA:43,4,1,4
BRDA:46,5,0,2
BRDA:46,5,1,2
BRDA:49,6,0,2
BRDA:49,6,1,0
BRDA:57,7,0,1
BRDA:57,7,1,9
BRDA:60,8,0,9
BRDA:60,8,1,0
BRDA:69,9,0,5
BRDA:69,9,1,0
BRDA:70,10,0,5
BRDA:70,10,1,0
BRDA:73,11,0,5
BRDA:73,11,1,0
BRDA:76,12,0,5
BRDA:76,12,1,0
BRDA:79,13,0,5
BRDA:79,13,1,0
BRDA:82,14,0,5
BRDA:82,14,1,0
BRDA:93,15,0,0
BRDA:93,15,1,2
BRDA:106,16,0,2
BRDA:106,16,1,0
BRDA:107,17,0,2
BRDA:107,17,1,0
BRDA:117,18,0,5
BRDA:117,18,1,4
BRDA:120,19,0,2
BRDA:120,19,1,2
BRDA:123,20,0,2
BRDA:123,20,1,0
BRDA:130,21,0,1
BRDA:130,21,1,8
BRDA:142,22,0,9
BRDA:142,22,1,2
BRDA:142,23,0,2
BRDA:142,23,1,1
BRDA:151,24,0,5
BRDA:151,24,1,4
BRDA:154,25,0,2
BRDA:154,25,1,2
BRDA:157,26,0,2
BRDA:157,26,1,0
BRDA:163,27,0,4
BRDA:163,27,1,5
BRDA:185,28,0,9
BRDA:185,28,1,1
BRDA:186,29,0,2
BRDA:186,29,1,7
BRDA:198,30,0,1
BRDA:198,30,1,4
BRDA:202,31,0,1
BRDA:202,31,1,0
BRF:62
BRH:45
end_of_record
TN:
SF:/Users/runner/work/1/s/out/src/controllers/webviewController.js
FN:6,(anonymous_1)
FN:7,adopt
FN:7,(anonymous_3)
FN:8,(anonymous_4)
FN:9,fulfilled
FN:10,rejected
FN:11,step
FN:24,readFile
FN:27,createMessageProtocol
FN:34,(anonymous_10)
FN:76,(anonymous_11)
FN:107,(anonymous_12)
FN:108,(anonymous_13)
FN:117,(anonymous_14)
FN:121,(anonymous_15)
FN:129,(anonymous_16)
FN:136,(anonymous_17)
FN:143,(anonymous_18)
FN:153,(anonymous_19)
FNF:19
FNH:12
FNDA:1,(anonymous_1)
FNDA:1,adopt
FNDA:0,(anonymous_3)
FNDA:1,(anonymous_4)
FNDA:1,fulfilled
FNDA:0,rejected
FNDA:2,step
FNDA:1,readFile
FNDA:1,createMessageProtocol
FNDA:1,(anonymous_10)
FNDA:1,(anonymous_11)
FNDA:1,(anonymous_12)
FNDA:1,(anonymous_13)
FNDA:0,(anonymous_14)
FNDA:0,(anonymous_15)
FNDA:1,(anonymous_16)
FNDA:0,(anonymous_17)
FNDA:0,(anonymous_18)
FNDA:0,(anonymous_19)
DA:6,1
DA:7,1
DA:8,1
DA:9,1
DA:10,1
DA:11,2
DA:12,1
DA:15,1
DA:16,1
DA:17,1
DA:18,1
DA:19,1
DA:20,1
DA:21,1
DA:22,1
DA:23,1
DA:24,1
DA:25,1
DA:27,1
DA:28,1
DA:29,0
DA:30,1
DA:35,1
DA:36,1
DA:37,1
DA:38,1
DA:39,1
DA:40,1
DA:41,1
DA:42,1
DA:43,1
DA:44,1
DA:45,1
DA:52,1
DA:53,0
DA:54,0
DA:56,1
DA:58,1
DA:59,1
DA:60,1
DA:61,1
DA:64,0
DA:65,0
DA:66,0
DA:67,0
DA:70,1
DA:71,1
DA:78,1
DA:79,1
DA:80,1
DA:81,1
DA:83,0
DA:84,0
DA:86,0
DA:87,0
DA:91,1
DA:92,0
DA:93,0
DA:94,0
DA:97,0
DA:102,1
DA:105,1
DA:108,1
DA:109,1
DA:110,1
DA:111,1
DA:112,1
DA:113,1
DA:114,1
DA:118,0
DA:119,0
DA:122,0
DA:123,0
DA:130,1
DA:137,0
DA:144,0
DA:154,0
DA:157,1
LF:78
LH:56
BRDA:6,1,0,1
BRDA:6,1,1,1
BRDA:6,1,2,1
BRDA:7,2,0,1
BRDA:7,2,1,0
BRDA:8,3,0,1
BRDA:8,3,1,1
BRDA:11,4,0,1
BRDA:11,4,1,1
BRDA:12,5,0,1
BRDA:12,5,1,1
BRDA:58,6,0,1
BRDA:58,6,1,0
BRDA:58,7,0,1
BRDA:58,7,1,1
BRDA:64,8,0,0
BRDA:64,8,1,0
BRDA:64,9,0,0
BRDA:64,9,1,0
BRDA:81,10,0,0
BRDA:81,10,1,0
BRDA:81,10,2,1
BRDA:91,11,0,0
BRDA:91,11,1,1
BRDA:93,12,0,0
BRDA:93,12,1,0
BRF:26
BRH:15
end_of_record
TN:
SF:/Users/runner/work/1/s/out/src/protocol.js
FN:6,(anonymous_1)
FN:7,adopt
FN:7,(anonymous_3)
FN:8,(anonymous_4)
FN:9,fulfilled
FN:10,rejected
FN:11,step
FN:18,(anonymous_8)
FN:24,(anonymous_9)
FN:30,(anonymous_10)
FN:59,(anonymous_11)
FN:60,(anonymous_12)
FN:74,(anonymous_13)
FN:92,(anonymous_14)
FN:96,isResponseMessage
FN:99,createProxy
FNF:16
FNH:3
FNDA:0,(anonymous_1)
FNDA:0,adopt
FNDA:0,(anonymous_3)
FNDA:0,(anonymous_4)
FNDA:0,fulfilled
FNDA:0,rejected
FNDA:0,step
FNDA:1,(anonymous_8)
FNDA:0,(anonymous_9)
FNDA:1,(anonymous_10)
FNDA:0,(anonymous_11)
FNDA:0,(anonymous_12)
FNDA:0,(anonymous_13)
FNDA:0,(anonymous_14)
FNDA:0,isResponseMessage
FNDA:1,createProxy
DA:6,1
DA:7,1
DA:8,0
DA:9,1
DA:10,1
DA:11,1
DA:12,0
DA:15,1
DA:16,1
DA:19,1
DA:20,1
DA:21,1
DA:25,0
DA:28,1
DA:31,1
DA:32,1
DA:33,1
DA:34,1
DA:35,1
DA:36,1
DA:37,1
DA:38,1
DA:39,1
DA:41,0
DA:43,0
DA:44,0
DA:45,0
DA:48,0
DA:49,0
DA:54,0
DA:55,0
DA:56,0
DA:60,0
DA:61,0
DA:62,0
DA:63,0
DA:64,0
DA:65,0
DA:70,0
DA:71,0
DA:75,0
DA:76,0
DA:77,0
DA:78,0
DA:79,0
DA:83,0
DA:84,0
DA:88,0
DA:93,0
DA:96,1
DA:97,0
DA:99,1
DA:100,1
DA:101,1
DA:103,0
DA:104,0
DA:105,0
DA:108,0
DA:111,0
DA:115,1
DA:117,1
LF:61
LH:26
BRDA:6,1,0,1
BRDA:6,1,1,1
BRDA:6,1,2,1
BRDA:7,2,0,0
BRDA:7,2,1,0
BRDA:8,3,0,0
BRDA:8,3,1,0
BRDA:11,4,0,0
BRDA:11,4,1,0
BRDA:12,5,0,0
BRDA:12,5,1,0
BRDA:38,6,0,1
BRDA:38,6,1,0
BRDA:41,7,0,0
BRDA:41,7,1,0
BRDA:44,8,0,0
BRDA:44,8,1,0
BRDA:76,9,0,0
BRDA:76,9,1,0
BRDA:78,10,0,0
BRDA:78,10,1,0
BRDA:103,11,0,0
BRDA:103,11,1,0
BRF:23
BRH:4
end_of_record
TN:
SF:/Users/runner/work/1/s/out/src/controllers/connectionManager.js
FN:6,(anonymous_1)
FN:7,adopt
FN:7,(anonymous_3)
FN:8,(anonymous_4)
FN:9,fulfilled
FN:10,rejected
FN:11,step
FN:40,(anonymous_8)
FN:47,(anonymous_9)
FN:89,(anonymous_10)
FN:95,(anonymous_11)
FN:101,(anonymous_12)
FN:107,(anonymous_13)
FN:113,(anonymous_14)
FN:119,(anonymous_15)
FN:125,(anonymous_16)
FN:131,(anonymous_17)
FN:137,(anonymous_18)
FN:143,(anonymous_19)
FN:149,(anonymous_20)
FN:155,(anonymous_21)
FN:158,(anonymous_22)
FN:161,(anonymous_23)
FN:164,(anonymous_24)
FN:167,(anonymous_25)
FN:176,(anonymous_26)
FN:184,(anonymous_27)
FN:187,(anonymous_28)
FN:197,(anonymous_29)
FN:198,(anonymous_30)
FN:217,(anonymous_31)
FN:226,(anonymous_32)
FN:227,(anonymous_33)
FN:234,(anonymous_34)
FN:240,(anonymous_35)
FN:249,(anonymous_36)
FN:267,(anonymous_37)
FN:270,(anonymous_38)
FN:322,(anonymous_39)
FN:332,(anonymous_40)
FN:333,(anonymous_41)
FN:374,(anonymous_42)
FN:375,(anonymous_43)
FN:394,(anonymous_44)
FN:421,(anonymous_45)
FN:425,(anonymous_46)
FN:426,(anonymous_47)
FN:455,(anonymous_48)
FN:456,(anonymous_49)
FN:464,(anonymous_50)
FN:465,(anonymous_51)
FN:477,(anonymous_52)
FN:478,(anonymous_53)
FN:508,(anonymous_54)
FN:511,(anonymous_55)
FN:512,(anonymous_56)
FN:539,(anonymous_57)
FN:540,(anonymous_58)
FN:557,(anonymous_59)
FN:569,(anonymous_60)
FN:570,(anonymous_61)
FN:594,(anonymous_62)
FN:595,(anonymous_63)
FN:600,(anonymous_64)
FN:601,(anonymous_65)
FN:623,(anonymous_66)
FN:624,(anonymous_67)
FN:629,(anonymous_68)
FN:652,(anonymous_69)
FN:700,(anonymous_70)
FN:701,(anonymous_71)
FN:708,(anonymous_72)
FN:709,(anonymous_73)
FN:725,(anonymous_74)
FN:729,(anonymous_75)
FN:730,(anonymous_76)
FN:736,(anonymous_77)
FN:739,(anonymous_78)
FN:740,(anonymous_79)
FN:750,(anonymous_80)
FN:756,(anonymous_81)
FN:757,(anonymous_82)
FN:770,(anonymous_83)
FN:771,(anonymous_84)
FN:815,(anonymous_85)
FN:816,(anonymous_86)
FN:826,(anonymous_87)
FNF:87
FNH:44
FNDA:102,(anonymous_1)
FNDA:92,adopt
FNDA:0,(anonymous_3)
FNDA:102,(anonymous_4)
FNDA:92,fulfilled
FNDA:0,rejected
FNDA:194,step
FNDA:2,(anonymous_8)
FNDA:61,(anonymous_9)
FNDA:154,(anonymous_10)
FNDA:61,(anonymous_11)
FNDA:392,(anonymous_12)
FNDA:72,(anonymous_13)
FNDA:12,(anonymous_14)
FNDA:107,(anonymous_15)
FNDA:3,(anonymous_16)
FNDA:0,(anonymous_17)
FNDA:1,(anonymous_18)
FNDA:2,(anonymous_19)
FNDA:0,(anonymous_20)
FNDA:6,(anonymous_21)
FNDA:0,(anonymous_22)
FNDA:0,(anonymous_23)
FNDA:0,(anonymous_24)
FNDA:0,(anonymous_25)
FNDA:0,(anonymous_26)
FNDA:26,(anonymous_27)
FNDA:2,(anonymous_28)
FNDA:0,(anonymous_29)
FNDA:0,(anonymous_30)
FNDA:0,(anonymous_31)
FNDA:0,(anonymous_32)
FNDA:0,(anonymous_33)
FNDA:23,(anonymous_34)
FNDA:62,(anonymous_35)
FNDA:62,(anonymous_36)
FNDA:78,(anonymous_37)
FNDA:17,(anonymous_38)
FNDA:14,(anonymous_39)
FNDA:3,(anonymous_40)
FNDA:3,(anonymous_41)
FNDA:17,(anonymous_42)
FNDA:17,(anonymous_43)
FNDA:0,(anonymous_44)
FNDA:0,(anonymous_45)
FNDA:2,(anonymous_46)
FNDA:2,(anonymous_47)
FNDA:0,(anonymous_48)
FNDA:0,(anonymous_49)
FNDA:0,(anonymous_50)
FNDA:0,(anonymous_51)
FNDA:0,(anonymous_52)
FNDA:0,(anonymous_53)
FNDA:1,(anonymous_54)
FNDA:6,(anonymous_55)
FNDA:6,(anonymous_56)
FNDA:2,(anonymous_57)
FNDA:2,(anonymous_58)
FNDA:0,(anonymous_59)
FNDA:2,(anonymous_60)
FNDA:2,(anonymous_61)
FNDA:0,(anonymous_62)
FNDA:0,(anonymous_63)
FNDA:2,(anonymous_64)
FNDA:2,(anonymous_65)
FNDA:17,(anonymous_66)
FNDA:17,(anonymous_67)
FNDA:17,(anonymous_68)
FNDA:17,(anonymous_69)
FNDA:0,(anonymous_70)
FNDA:0,(anonymous_71)
FNDA:0,(anonymous_72)
FNDA:0,(anonymous_73)
FNDA:0,(anonymous_74)
FNDA:0,(anonymous_75)
FNDA:0,(anonymous_76)
[...]
BRDA:385,56,0,0
BRDA:385,56,1,0
BRDA:392,57,0,0
BRDA:392,57,1,0
BRDA:395,58,0,0
BRDA:395,58,1,0
BRDA:397,59,0,0
BRDA:397,59,1,0
BRDA:400,60,0,0
BRDA:400,60,1,0
BRDA:408,61,0,0
BRDA:408,61,1,0
BRDA:415,62,0,0
BRDA:415,62,1,0
BRDA:418,63,0,0
BRDA:418,63,1,0
BRDA:422,64,0,0
BRDA:422,64,1,0
BRDA:424,65,0,0
BRDA:424,65,1,0
BRDA:427,66,0,0
BRDA:427,66,1,0
BRDA:444,67,0,0
BRDA:444,67,1,0
BRDA:458,68,0,0
BRDA:458,68,1,0
BRDA:468,69,0,0
BRDA:468,69,1,0
BRDA:470,70,0,0
BRDA:470,70,1,0
BRDA:478,71,0,0
BRDA:478,71,1,0
BRDA:481,72,0,0
BRDA:481,72,1,0
BRDA:496,73,0,0
BRDA:496,73,1,0
BRDA:510,74,0,0
BRDA:510,74,1,0
BRDA:517,75,0,0
BRDA:517,75,1,0
BRDA:522,76,0,0
BRDA:522,76,1,0
BRDA:533,77,0,0
BRDA:533,77,1,0
BRDA:536,78,0,0
BRDA:536,78,1,0
BRDA:539,79,0,0
BRDA:539,79,1,0
BRDA:539,80,0,0
BRDA:539,80,1,0
BRDA:550,81,0,0
BRDA:550,81,1,0
BRDA:555,82,0,0
BRDA:555,82,1,0
BRDA:555,83,0,0
BRDA:555,83,1,0
BRDA:557,84,0,0
BRDA:557,84,1,0
BRF:169
BRH:3
end_of_record
TN:
SF:/Users/runner/work/1/s/out/src/models/contracts/objectExplorer/createSessionRequest.js
FN:12,(anonymous_1)
FN:35,(anonymous_2)
FNF:2
FNH:2
FNDA:1,(anonymous_1)
FNDA:1,(anonymous_2)
DA:6,1
DA:7,1
DA:8,1
DA:11,1
DA:12,1
DA:13,1
DA:21,1
DA:30,1
DA:34,1
DA:35,1
DA:36,1
LF:11
LH:11
BRDA:14,1,0,1
BRDA:14,1,1,1
BRDA:37,2,0,1
BRDA:37,2,1,1
BRF:4
BRH:4
end_of_record
TN:
SF:/Users/runner/work/1/s/out/src/models/contracts/objectExplorer/expandNodeRequest.js
FN:27,(anonymous_1)
FN:37,(anonymous_2)
FNF:2
FNH:2
FNDA:1,(anonymous_1)
FNDA:1,(anonymous_2)
DA:6,1
DA:7,1
DA:8,1
DA:15,1
DA:21,1
DA:26,1
DA:27,1
DA:31,1
DA:36,1
DA:37,1
DA:38,1
LF:11
LH:11
BRDA:32,1,0,1
BRDA:32,1,1,1
BRDA:39,2,0,1
BRDA:39,2,1,1
BRF:4
BRH:4
end_of_record
TN:
SF:/Users/runner/work/1/s/out/src/models/contracts/objectExplorer/refreshSessionRequest.js
FN:18,(anonymous_1)
FNF:1
FNH:1
FNDA:1,(anonymous_1)
DA:6,1
DA:7,1
DA:8,1
DA:9,1
DA:15,1
DA:17,1
DA:18,1
DA:22,1
LF:8
LH:8
BRDA:23,1,0,1
BRDA:23,1,1,1
BRF:2
BRH:2
end_of_record
TN:
SF:/Users/runner/work/1/s/out/src/models/contracts/objectExplorer/closeSessionRequest.js
FN:37,(anonymous_1)
FN:44,(anonymous_2)
FNF:2
FNH:2
FNDA:1,(anonymous_1)
FNDA:1,(anonymous_2)
DA:6,1
DA:7,1
DA:8,1
DA:17,1
DA:23,1
DA:30,1
DA:36,1
DA:37,1
DA:38,1
DA:43,1
DA:44,1
DA:45,1
LF:12
LH:12
BRDA:39,1,0,1
BRDA:39,1,1,1
BRDA:46,2,0,1
BRDA:46,2,1,1
BRF:4
BRH:4
end_of_record
TN:
SF:/Users/runner/work/1/s/out/src/objectExplorer/addConnectionTreeNode.js
FN:14,(anonymous_1)
FNF:1
FNH:1
FNDA:1,(anonymous_1)
DA:2,1
DA:3,1
DA:8,1
DA:9,1
DA:10,1
DA:11,1
DA:12,1
DA:15,1
DA:16,1
DA:20,1
DA:26,1
LF:11
LH:11
BRF:0
BRH:0
end_of_record
TN:
SF:/Users/runner/work/1/s/out/src/objectExplorer/accountSignInTreeNode.js
FN:12,(anonymous_1)
FN:21,(anonymous_2)
FNF:2
FNH:2
FNDA:1,(anonymous_1)
FNDA:1,(anonymous_2)
DA:6,1
DA:7,1
DA:8,1
DA:9,1
DA:10,1
DA:13,1
DA:14,1
DA:15,1
DA:22,1
DA:25,1
LF:10
LH:10
BRF:0
BRH:0
end_of_record
TN:
SF:/Users/runner/work/1/s/out/src/objectExplorer/connectTreeNode.js
FN:12,(anonymous_1)
FN:21,(anonymous_2)
FNF:2
FNH:2
FNDA:1,(anonymous_1)
FNDA:1,(anonymous_2)
DA:6,1
DA:7,1
DA:8,1
DA:9,1
DA:10,1
DA:13,1
DA:14,1
DA:15,1
DA:22,1
DA:25,1
LF:10
LH:10
BRF:0
BRH:0
end_of_record
TN:
SF:/Users/runner/work/1/s/out/src/scripting/scriptingService.js
FN:6,(anonymous_1)
FN:7,adopt
FN:7,(anonymous_3)
FN:8,(anonymous_4)
FN:9,fulfilled
FN:10,rejected
FN:11,step
FN:19,(anonymous_8)
FN:48,(anonymous_9)
FN:62,(anonymous_10)
FN:107,(anonymous_11)
FN:108,(anonymous_12)
FNF:12
FNH:10
FNDA:5,(anonymous_1)
FNDA:5,adopt
FNDA:0,(anonymous_3)
FNDA:5,(anonymous_4)
FNDA:5,fulfilled
FNDA:0,rejected
FNDA:10,step
FNDA:8,(anonymous_8)
FNDA:8,(anonymous_9)
FNDA:6,(anonymous_10)
FNDA:5,(anonymous_11)
FNDA:5,(anonymous_12)
DA:6,1
DA:7,5
DA:8,5
DA:9,5
DA:10,1
DA:11,10
DA:12,5
DA:15,1
DA:16,1
DA:17,1
DA:20,8
DA:22,8
DA:32,8
DA:42,8
DA:49,8
DA:50,8
DA:57,8
DA:63,6
DA:64,6
DA:65,6
DA:66,6
DA:68,2
DA:69,2
DA:71,1
DA:72,1
DA:74,1
DA:76,3
DA:78,6
DA:88,6
DA:105,6
DA:108,5
DA:109,5
DA:110,5
DA:111,5
DA:115,1
LF:35
LH:35
BRDA:6,1,0,1
BRDA:6,1,1,1
BRDA:6,1,2,1
BRDA:7,2,0,5
BRDA:7,2,1,0
BRDA:8,3,0,5
BRDA:8,3,1,5
BRDA:11,4,0,5
BRDA:11,4,1,5
BRDA:12,5,0,5
BRDA:12,5,1,5
BRDA:66,6,0,2
BRDA:66,6,1,1
BRDA:66,6,2,1
BRDA:66,6,3,3
BRDA:82,7,0,6
BRDA:82,7,1,0
BRDA:82,8,0,6
BRDA:82,8,1,6
BRDA:84,9,0,6
BRDA:84,9,1,0
BRDA:84,10,0,6
BRDA:84,10,1,6
BRDA:85,11,0,6
BRDA:85,11,1,0
BRDA:85,12,0,6
BRDA:85,12,1,6
BRF:27
BRH:23
end_of_record
TN:
SF:/Users/runner/work/1/s/out/src/models/contracts/scripting/scriptingRequest.js
FN:10,(anonymous_1)
FN:21,(anonymous_2)
FNF:2
FNH:2
FNDA:1,(anonymous_1)
FNDA:1,(anonymous_2)
DA:6,1
DA:7,1
DA:8,1
DA:9,1
DA:10,1
DA:11,1
DA:12,1
DA:13,1
DA:14,1
DA:15,1
DA:16,1
DA:17,1
DA:20,1
DA:21,1
DA:25,1
LF:15
LH:15
BRDA:18,1,0,1
BRDA:18,1,1,1
BRDA:26,2,0,1
BRDA:26,2,1,1
BRF:4
BRH:4
end_of_record
TN:
SF:/Users/runner/work/1/s/out/src/queryHistory/queryHistoryProvider.js
FN:6,(anonymous_1)
FN:7,adopt
FN:7,(anonymous_3)
FN:8,(anonymous_4)
FN:9,fulfilled
FN:10,rejected
FN:11,step
FN:26,(anonymous_8)
FN:40,(anonymous_9)
FN:44,(anonymous_10)
FN:69,(anonymous_11)
FN:72,(anonymous_12)
FN:81,(anonymous_13)
FN:82,(anonymous_14)
FN:96,(anonymous_15)
FN:97,(anonymous_16)
FN:105,(anonymous_17)
FN:106,(anonymous_18)
FN:113,(anonymous_19)
FN:114,(anonymous_20)
FN:135,(anonymous_21)
FN:146,(anonymous_22)
FN:152,(anonymous_23)
FN:160,(anonymous_24)
FN:167,(anonymous_25)
FN:179,(anonymous_26)
FNF:26
FNH:1
FNDA:0,(anonymous_1)
FNDA:0,adopt
FNDA:0,(anonymous_3)
FNDA:0,(anonymous_4)
FNDA:0,fulfilled
FNDA:0,rejected
FNDA:0,step
FNDA:1,(anonymous_8)
FNDA:0,(anonymous_9)
FNDA:0,(anonymous_10)
FNDA:0,(anonymous_11)
FNDA:0,(anonymous_12)
FNDA:0,(anonymous_13)
FNDA:0,(anonymous_14)
FNDA:0,(anonymous_15)
FNDA:0,(anonymous_16)
FNDA:0,(anonymous_17)
FNDA:0,(anonymous_18)
FNDA:0,(anonymous_19)
FNDA:0,(anonymous_20)
FNDA:0,(anonymous_21)
FNDA:0,(anonymous_22)
FNDA:0,(anonymous_23)
FNDA:0,(anonymous_24)
FNDA:0,(anonymous_25)
FNDA:0,(anonymous_26)
DA:6,1
DA:7,1
DA:8,0
DA:9,1
DA:10,1
DA:11,1
DA:12,0
DA:15,1
DA:16,1
DA:17,1
DA:18,1
DA:19,1
DA:20,1
DA:21,1
DA:22,1
DA:23,1
DA:24,1
DA:27,1
DA:28,1
DA:29,1
DA:30,1
DA:31,1
DA:32,1
DA:33,1
DA:34,1
DA:35,1
DA:36,1
DA:37,1
DA:38,1
DA:41,0
DA:42,0
DA:45,0
DA:46,0
DA:47,0
DA:48,0
DA:49,0
DA:50,0
DA:51,0
DA:52,0
DA:53,0
DA:56,0
DA:58,0
DA:59,0
DA:64,0
DA:65,0
DA:67,0
DA:70,0
DA:73,0
DA:74,0
DA:76,0
DA:82,0
DA:83,0
DA:84,0
DA:85,0
DA:86,0
DA:89,0
DA:97,0
DA:98,0
DA:106,0
DA:107,0
DA:114,0
DA:115,0
DA:116,0
DA:117,0
DA:118,0
DA:119,0
DA:120,0
DA:121,0
DA:122,0
DA:123,0
DA:124,0
DA:125,0
DA:126,0
DA:127,0
DA:128,0
DA:136,0
DA:137,0
DA:138,0
DA:140,0
DA:141,0
DA:147,0
DA:153,0
DA:154,0
DA:155,0
DA:161,0
DA:162,0
DA:168,0
DA:169,0
DA:170,0
DA:171,0
DA:172,0
DA:174,0
DA:180,0
DA:181,0
DA:182,0
DA:185,1
LF:96
LH:28
BRDA:6,1,0,1
BRDA:6,1,1,1
BRDA:6,1,2,1
BRDA:7,2,0,0
BRDA:7,2,1,0
BRDA:8,3,0,0
BRDA:8,3,1,0
BRDA:11,4,0,0
BRDA:11,4,1,0
BRDA:12,5,0,0
BRDA:12,5,1,0
BRDA:51,6,0,0
BRDA:51,6,1,0
BRDA:52,7,0,0
BRDA:52,7,1,0
BRDA:64,8,0,0
BRDA:64,8,1,0
BRDA:73,9,0,0
BRDA:73,9,1,0
BRDA:85,10,0,0
BRDA:85,10,1,0
BRDA:124,11,0,0
BRDA:124,11,1,0
BRDA:171,12,0,0
BRDA:171,12,1,0
BRF:25
BRH:3
end_of_record
TN:
SF:/Users/runner/work/1/s/out/src/queryHistory/queryHistoryNode.js
FN:15,(anonymous_1)
FN:26,(anonymous_2)
FN:41,(anonymous_3)
FN:45,(anonymous_4)
FN:48,(anonymous_5)
FN:51,(anonymous_6)
FN:54,(anonymous_7)
FNF:7
FNH:1
FNDA:1,(anonymous_1)
FNDA:0,(anonymous_2)
FNDA:0,(anonymous_3)
FNDA:0,(anonymous_4)
FNDA:0,(anonymous_5)
FNDA:0,(anonymous_6)
FNDA:0,(anonymous_7)
DA:6,1
DA:7,1
DA:8,1
DA:9,1
DA:10,1
DA:16,1
DA:17,1
DA:20,1
DA:21,1
DA:27,0
DA:28,0
DA:29,0
DA:30,0
DA:31,0
DA:32,0
DA:33,0
DA:34,0
DA:35,0
DA:36,0
DA:37,0
DA:38,0
DA:42,0
DA:43,0
DA:46,0
DA:49,0
DA:52,0
DA:55,0
DA:58,1
DA:59,1
LF:29
LH:11
BRDA:36,1,0,0
BRDA:36,1,1,0
BRDA:42,2,0,0
BRDA:42,2,1,0
BRF:4
BRH:0
end_of_record
TN:
SF:/Users/runner/work/1/s/out/src/views/queryHistoryUI.js
FN:12,(anonymous_1)
FN:17,(anonymous_2)
FN:20,(anonymous_3)
FN:31,(anonymous_4)
FN:50,(anonymous_5)
FNF:5
FNH:2
FNDA:1,(anonymous_1)
FNDA:1,(anonymous_2)
FNDA:0,(anonymous_3)
FNDA:0,(anonymous_4)
FNDA:0,(anonymous_5)
DA:6,1
DA:7,1
DA:8,1
DA:9,1
DA:10,1
DA:11,1
DA:12,1
DA:13,1
DA:14,1
DA:18,1
DA:21,0
DA:22,0
DA:29,0
DA:32,0
DA:34,0
DA:40,0
DA:41,0
DA:42,0
DA:44,0
DA:51,0
DA:57,0
DA:58,0
DA:59,0
DA:60,0
DA:61,0
DA:63,0
DA:64,0
DA:66,0
DA:69,0
DA:73,1
LF:30
LH:11
BRDA:15,1,0,1
BRDA:15,1,1,1
BRDA:41,2,0,0
BRDA:41,2,1,0
BRDA:58,3,0,0
BRDA:58,3,1,0
BRDA:60,4,0,0
BRDA:60,4,1,0
BRDA:63,5,0,0
BRDA:63,5,1,0
BRF:10
BRH:2
end_of_record
TN:
SF:/Users/runner/work/1/s/out/src/services/dacFxService.js
FN:10,(anonymous_1)
FN:13,(anonymous_2)
FN:22,(anonymous_3)
FN:31,(anonymous_4)
FN:43,(anonymous_5)
FN:55,(anonymous_6)
FN:67,(anonymous_7)
FN:78,(anonymous_8)
FN:87,(anonymous_9)
FN:91,(anonymous_10)
FNF:10
FNH:1
FNDA:1,(anonymous_1)
FNDA:0,(anonymous_2)
FNDA:0,(anonymous_3)
FNDA:0,(anonymous_4)
FNDA:0,(anonymous_5)
FNDA:0,(anonymous_6)
FNDA:0,(anonymous_7)
FNDA:0,(anonymous_8)
FNDA:0,(anonymous_9)
FNDA:0,(anonymous_10)
DA:6,1
DA:7,1
DA:8,1
DA:11,1
DA:14,0
DA:20,0
DA:23,0
DA:29,0
DA:32,0
DA:41,0
DA:44,0
DA:53,0
DA:56,0
DA:65,0
DA:68,0
DA:76,0
DA:79,0
DA:85,0
DA:88,0
DA:89,0
DA:92,0
DA:96,0
DA:99,1
LF:23
LH:5
BRF:0
BRH:0
end_of_record
TN:
SF:/Users/runner/work/1/s/out/src/models/contracts/dacFx/dacFxContracts.js
FN:10,(anonymous_1)
FN:14,(anonymous_2)
FN:18,(anonymous_3)
FN:22,(anonymous_4)
FN:26,(anonymous_5)
FN:30,(anonymous_6)
FN:34,(anonymous_7)
FN:38,(anonymous_8)
FNF:8
FNH:8
FNDA:1,(anonymous_1)
FNDA:1,(anonymous_2)
FNDA:1,(anonymous_3)
FNDA:1,(anonymous_4)
FNDA:1,(anonymous_5)
FNDA:1,(anonymous_6)
FNDA:1,(anonymous_7)
FNDA:1,(anonymous_8)
DA:6,1
DA:7,1
DA:8,1
DA:9,1
DA:10,1
DA:11,1
DA:13,1
DA:14,1
DA:15,1
DA:17,1
DA:18,1
DA:19,1
DA:21,1
DA:22,1
DA:23,1
DA:25,1
DA:26,1
DA:27,1
DA:29,1
DA:30,1
DA:31,1
DA:33,1
DA:34,1
DA:35,1
DA:37,1
DA:38,1
DA:39,1
LF:27
LH:27
BRDA:12,1,0,1
BRDA:12,1,1,1
BRDA:16,2,0,1
BRDA:16,2,1,1
BRDA:20,3,0,1
BRDA:20,3,1,1
BRDA:24,4,0,1
BRDA:24,4,1,1
BRDA:28,5,0,1
BRDA:28,5,1,1
BRDA:32,6,0,1
BRDA:32,6,1,1
BRDA:36,7,0,1
BRDA:36,7,1,1
BRDA:40,8,0,1
BRDA:40,8,1,1
BRF:16
BRH:16
end_of_record
TN:
SF:/Users/runner/work/1/s/out/src/services/schemaCompareService.js
FN:10,(anonymous_1)
FN:13,(anonymous_2)
FNF:2
FNH:1
FNDA:1,(anonymous_1)
FNDA:0,(anonymous_2)
DA:6,1
DA:7,1
DA:8,1
DA:11,1
DA:14,0
DA:15,0
DA:18,1
LF:7
LH:5
BRF:0
BRH:0
end_of_record
TN:
SF:/Users/runner/work/1/s/out/src/models/contracts/schemaCompare/schemaCompareContracts.js
FN:10,(anonymous_1)
FNF:1
FNH:1
FNDA:1,(anonymous_1)
DA:6,1
DA:7,1
DA:8,1
DA:9,1
DA:10,1
DA:11,1
LF:6
LH:6
BRDA:12,1,0,1
BRDA:12,1,1,1
BRF:2
BRH:2
end_of_record
TN:
SF:/Users/runner/work/1/s/out/src/services/sqlTasksService.js
FN:6,(anonymous_1)
FN:7,adopt
FN:7,(anonymous_3)
FN:8,(anonymous_4)
FN:9,fulfilled
FN:10,rejected
FN:11,step
FN:23,(anonymous_8)
FN:33,(anonymous_9)
FN:37,(anonymous_10)
FN:41,(anonymous_11)
FN:49,(anonymous_12)
FN:56,(anonymous_13)
FN:67,(anonymous_14)
FN:81,(anonymous_15)
FN:96,(anonymous_16)
FN:98,(anonymous_17)
FN:149,isTaskCompleted
FN:164,showCompletionMessage
FN:180,toTaskStatusDisplayString
FNF:20
FNH:5
FNDA:0,(anonymous_1)
FNDA:0,adopt
FNDA:0,(anonymous_3)
FNDA:0,(anonymous_4)
FNDA:0,fulfilled
FNDA:0,rejected
FNDA:0,step
FNDA:1,(anonymous_8)
FNDA:1,(anonymous_9)
FNDA:1,(anonymous_10)
FNDA:1,(anonymous_11)
FNDA:1,(anonymous_12)
FNDA:0,(anonymous_13)
FNDA:0,(anonymous_14)
FNDA:0,(anonymous_15)
FNDA:0,(anonymous_16)
FNDA:0,(anonymous_17)
FNDA:0,isTaskCompleted
FNDA:0,showCompletionMessage
FNDA:0,toTaskStatusDisplayString
DA:6,1
DA:7,1
DA:8,0
DA:9,1
DA:10,1
DA:11,1
DA:12,0
DA:15,1
DA:16,1
DA:17,1
DA:18,1
DA:19,1
DA:20,1
DA:21,1
DA:22,1
DA:23,1
DA:24,1
DA:25,1
DA:26,1
DA:27,1
DA:28,1
DA:29,1
DA:30,1
DA:32,1
DA:33,1
DA:34,1
DA:36,1
DA:37,1
DA:38,1
DA:40,1
DA:41,1
DA:42,1
DA:50,1
DA:51,1
DA:52,1
DA:53,1
DA:54,1
DA:57,0
DA:60,0
DA:72,0
DA:74,0
DA:77,0
DA:81,0
DA:82,0
DA:83,0
DA:84,0
DA:86,0
DA:88,0
DA:97,0
DA:98,0
DA:99,0
DA:100,0
DA:101,0
DA:102,0
DA:104,0
DA:105,0
DA:106,0
DA:108,0
DA:111,0
DA:112,0
DA:113,0
DA:116,0
DA:119,0
DA:122,0
DA:125,0
DA:126,0
DA:127,0
DA:135,0
DA:138,0
DA:143,1
DA:149,1
DA:150,0
DA:164,1
DA:165,0
DA:166,0
DA:168,0
DA:169,0
DA:172,0
DA:180,1
DA:181,0
DA:183,0
DA:185,0
DA:187,0
DA:189,0
DA:191,0
DA:193,0
DA:195,0
DA:197,0
DA:198,0
LF:89
LH:39
BRDA:6,1,0,1
BRDA:6,1,1,1
BRDA:6,1,2,1
BRDA:7,2,0,0
BRDA:7,2,1,0
BRDA:8,3,0,0
BRDA:8,3,1,0
BRDA:11,4,0,0
BRDA:11,4,1,0
BRDA:12,5,0,0
BRDA:12,5,1,0
BRDA:31,6,0,1
BRDA:31,6,1,1
BRDA:35,7,0,1
BRDA:35,7,1,1
BRDA:39,8,0,1
BRDA:39,8,1,1
BRDA:43,9,0,1
BRDA:43,9,1,1
BRDA:100,10,0,0
BRDA:100,10,1,0
BRDA:105,11,0,0
BRDA:105,11,1,0
BRDA:105,12,0,0
BRDA:105,12,1,0
BRDA:108,13,0,0
BRDA:108,13,1,0
BRDA:112,14,0,0
BRDA:112,14,1,0
BRDA:119,15,0,0
BRDA:119,15,1,0
BRDA:119,16,0,0
BRDA:119,16,1,0
BRDA:119,17,0,0
BRDA:119,17,1,0
BRDA:122,18,0,0
BRDA:122,18,1,0
BRDA:126,19,0,0
BRDA:126,19,1,0
BRDA:126,20,0,0
BRDA:126,20,1,0
BRDA:135,21,0,0
BRDA:135,21,1,0
BRDA:135,22,0,0
BRDA:135,22,1,0
BRDA:150,23,0,0
BRDA:150,23,1,0
BRDA:150,23,2,0
BRDA:150,23,3,0
BRDA:165,24,0,0
BRDA:165,24,1,0
BRDA:168,25,0,0
BRDA:168,25,1,0
BRDA:168,26,0,0
BRDA:168,26,1,0
BRDA:181,27,0,0
BRDA:181,27,1,0
BRDA:181,27,2,0
BRDA:181,27,3,0
BRDA:181,27,4,0
BRDA:181,27,5,0
BRDA:181,27,6,0
BRDA:181,27,7,0
BRF:63
BRH:11
end_of_record
TN:
SF:/Users/runner/work/1/s/out/src/services/azureAccountService.js
FN:6,(anonymous_1)
FN:7,adopt
FN:7,(anonymous_3)
FN:8,(anonymous_4)
FN:9,fulfilled
FN:10,rejected
FN:11,step
FN:19,(anonymous_8)
FN:23,(anonymous_9)
FN:24,(anonymous_10)
FN:28,(anonymous_11)
FN:29,(anonymous_12)
FN:33,(anonymous_13)
FN:34,(anonymous_14)
FN:41,(anonymous_15)
FN:42,(anonymous_16)
FNF:16
FNH:1
FNDA:0,(anonymous_1)
FNDA:0,adopt
FNDA:0,(anonymous_3)
FNDA:0,(anonymous_4)
FNDA:0,fulfilled
FNDA:0,rejected
FNDA:0,step
FNDA:3,(anonymous_8)
FNDA:0,(anonymous_9)
FNDA:0,(anonymous_10)
FNDA:0,(anonymous_11)
FNDA:0,(anonymous_12)
FNDA:0,(anonymous_13)
FNDA:0,(anonymous_14)
FNDA:0,(anonymous_15)
FNDA:0,(anonymous_16)
DA:6,1
DA:7,1
DA:8,0
DA:9,1
DA:10,1
DA:11,1
DA:12,0
DA:15,1
DA:16,1
DA:17,1
DA:20,3
DA:21,3
DA:24,0
DA:25,0
DA:29,0
DA:30,0
DA:34,0
DA:35,0
DA:42,0
DA:43,0
DA:47,1
LF:21
LH:11
BRDA:6,1,0,1
BRDA:6,1,1,1
BRDA:6,1,2,1
BRDA:7,2,0,0
BRDA:7,2,1,0
BRDA:8,3,0,0
BRDA:8,3,1,0
BRDA:11,4,0,0
BRDA:11,4,1,0
BRDA:12,5,0,0
BRDA:12,5,1,0
BRF:11
BRH:3
end_of_record
TN:
SF:/Users/runner/work/1/s/out/src/services/azureResourceService.js
FN:6,(anonymous_1)
FN:7,adopt
FN:7,(anonymous_3)
FN:8,(anonymous_4)
FN:9,fulfilled
FN:10,rejected
FN:11,step
FN:18,(anonymous_8)
FN:26,(anonymous_9)
FN:27,(anonymous_10)
FN:35,(anonymous_11)
FN:36,(anonymous_12)
FN:44,(anonymous_13)
FN:45,(anonymous_14)
FNF:14
FNH:1
FNDA:0,(anonymous_1)
FNDA:0,adopt
FNDA:0,(anonymous_3)
FNDA:0,(anonymous_4)
FNDA:0,fulfilled
FNDA:0,rejected
FNDA:0,step
FNDA:1,(anonymous_8)
FNDA:0,(anonymous_9)
FNDA:0,(anonymous_10)
FNDA:0,(anonymous_11)
FNDA:0,(anonymous_12)
FNDA:0,(anonymous_13)
FNDA:0,(anonymous_14)
DA:6,1
DA:7,1
DA:8,0
DA:9,1
DA:10,1
DA:11,1
DA:12,0
DA:15,1
DA:16,1
DA:19,1
DA:20,1
DA:21,1
DA:27,0
DA:28,0
DA:29,0
DA:36,0
DA:37,0
DA:38,0
DA:45,0
DA:46,0
DA:47,0
DA:51,1
LF:22
LH:11
BRDA:6,1,0,1
BRDA:6,1,1,1
BRDA:6,1,2,1
BRDA:7,2,0,0
BRDA:7,2,1,0
BRDA:8,3,0,0
BRDA:8,3,1,0
BRDA:11,4,0,0
BRDA:11,4,1,0
BRDA:12,5,0,0
BRDA:12,5,1,0
BRF:11
BRH:3
end_of_record
TN:
SF:/Users/runner/work/1/s/out/src/azure/azureResourceController.js
FN:6,(anonymous_1)
FN:7,adopt
FN:7,(anonymous_3)
FN:8,(anonymous_4)
FN:9,fulfilled
FN:10,rejected
FN:11,step
FN:19,(anonymous_8)
FN:29,(anonymous_9)
FN:31,(anonymous_10)
FN:51,(anonymous_11)
FN:52,(anonymous_12)
FN:68,(anonymous_13)
FN:70,(anonymous_14)
FNF:14
FNH:11
FNDA:2,(anonymous_1)
FNDA:4,adopt
FNDA:2,(anonymous_3)
FNDA:2,(anonymous_4)
FNDA:4,fulfilled
FNDA:0,rejected
FNDA:6,step
FNDA:3,(anonymous_8)
FNDA:1,(anonymous_9)
FNDA:1,(anonymous_10)
FNDA:0,(anonymous_11)
FNDA:0,(anonymous_12)
FNDA:1,(anonymous_13)
FNDA:1,(anonymous_14)
DA:6,1
DA:7,4
DA:8,2
DA:9,4
DA:10,1
DA:11,6
DA:12,2
DA:15,1
DA:16,1
DA:17,1
DA:20,3
DA:21,3
DA:22,3
DA:30,1
DA:31,1
DA:32,1
DA:33,1
DA:34,1
DA:35,2
DA:36,1
DA:39,0
DA:52,0
DA:53,0
DA:54,0
DA:55,0
DA:56,0
DA:57,0
DA:60,0
DA:69,1
DA:70,1
DA:71,1
DA:72,1
DA:73,1
DA:74,2
DA:75,1
DA:78,0
DA:83,1
LF:37
LH:28
BRDA:6,1,0,1
BRDA:6,1,1,1
BRDA:6,1,2,1
BRDA:7,2,0,2
BRDA:7,2,1,2
BRDA:8,3,0,2
BRDA:8,3,1,2
BRDA:11,4,0,2
BRDA:11,4,1,4
BRDA:12,5,0,2
BRDA:12,5,1,2
BRDA:33,6,0,1
BRDA:33,6,1,0
BRDA:33,7,0,0
BRDA:33,7,1,1
BRDA:33,8,0,1
BRDA:33,8,1,1
BRDA:36,9,0,1
BRDA:36,9,1,1
BRDA:36,10,0,1
BRDA:36,10,1,1
BRDA:53,11,0,0
BRDA:53,11,1,0
BRDA:53,12,0,0
BRDA:53,12,1,0
BRDA:55,13,0,0
BRDA:55,13,1,0
BRDA:71,14,0,1
BRDA:71,14,1,0
BRDA:71,15,0,0
BRDA:71,15,1,1
BRDA:71,16,0,1
BRDA:71,16,1,1
BRDA:75,17,0,1
BRDA:75,17,1,1
BRDA:75,18,0,1
BRDA:75,18,1,1
BRF:37
BRH:27
end_of_record
TN:
SF:/Users/runner/work/1/s/out/src/metadata/metadataService.js
FN:6,(anonymous_1)
FN:7,adopt
FN:7,(anonymous_3)
FN:8,(anonymous_4)
FN:9,fulfilled
FN:10,rejected
FN:11,step
FN:19,(anonymous_8)
FN:23,(anonymous_9)
FN:24,(anonymous_10)
FNF:10
FNH:8
FNDA:1,(anonymous_1)
FNDA:1,adopt
FNDA:0,(anonymous_3)
FNDA:1,(anonymous_4)
FNDA:1,fulfilled
FNDA:0,rejected
FNDA:2,step
FNDA:1,(anonymous_8)
FNDA:1,(anonymous_9)
FNDA:1,(anonymous_10)
DA:6,1
DA:7,1
DA:8,1
DA:9,1
DA:10,1
DA:11,2
DA:12,1
DA:15,1
DA:16,1
DA:17,1
DA:20,1
DA:21,1
DA:24,1
DA:25,1
DA:28,1
DA:29,1
DA:33,1
LF:17
LH:17
BRDA:6,1,0,1
BRDA:6,1,1,1
BRDA:6,1,2,1
BRDA:7,2,0,1
BRDA:7,2,1,0
BRDA:8,3,0,1
BRDA:8,3,1,1
BRDA:11,4,0,1
BRDA:11,4,1,1
BRDA:12,5,0,1
BRDA:12,5,1,1
BRF:11
BRH:10
end_of_record
TN:
SF:/Users/runner/work/1/s/out/src/models/contracts/metadata/metadataRequest.js
FN:17,(anonymous_1)
FNF:1
FNH:1
FNDA:1,(anonymous_1)
DA:6,1
DA:7,1
DA:8,1
DA:11,1
DA:14,1
DA:16,1
DA:17,1
DA:18,1
LF:8
LH:8
BRDA:19,1,0,1
BRDA:19,1,1,1
BRF:2
BRH:2
end_of_record
TN:
SF:/Users/runner/work/1/s/out/src/languageservice/serviceInstallerUtil.js
FN:15,(anonymous_1)
FN:18,(anonymous_2)
FN:21,(anonymous_3)
FN:24,(anonymous_4)
FN:27,(anonymous_5)
FN:35,(anonymous_6)
FN:38,(anonymous_7)
FN:41,(anonymous_8)
FN:44,(anonymous_9)
FN:47,(anonymous_10)
FN:50,(anonymous_11)
FN:65,installService
FN:84,getServiceInstallDirectory
FN:107,getServiceInstallDirectoryRoot
FNF:14
FNH:13
FNDA:2,(anonymous_1)
FNDA:1,(anonymous_2)
FNDA:1,(anonymous_3)
FNDA:1,(anonymous_4)
FNDA:1,(anonymous_5)
FNDA:6,(anonymous_6)
FNDA:1,(anonymous_7)
FNDA:1,(anonymous_8)
FNDA:1,(anonymous_9)
FNDA:1,(anonymous_10)
FNDA:1,(anonymous_11)
FNDA:1,installService
FNDA:0,getServiceInstallDirectory
FNDA:1,getServiceInstallDirectoryRoot
DA:6,1
DA:7,1
DA:8,1
DA:9,1
DA:10,1
DA:11,1
DA:12,1
DA:13,1
DA:16,2
DA:19,1
DA:22,1
DA:25,1
DA:28,1
DA:29,1
DA:33,1
DA:36,6
DA:39,1
DA:48,1
DA:51,1
DA:54,1
DA:55,1
DA:56,1
DA:57,1
DA:58,1
DA:59,1
DA:60,1
DA:61,1
DA:65,1
DA:66,1
DA:67,1
DA:68,1
DA:69,1
DA:72,0
DA:77,0
DA:80,1
DA:84,1
DA:85,0
DA:86,0
DA:87,0
DA:88,0
DA:89,0
DA:92,0
DA:95,0
DA:99,0
DA:103,1
DA:107,1
DA:108,1
DA:109,1
DA:110,1
DA:111,1
DA:113,1
LF:51
LH:41
BRDA:28,1,0,1
BRDA:28,1,1,0
BRDA:66,2,0,1
BRDA:66,2,1,0
BRDA:68,3,0,1
BRDA:68,3,1,0
BRDA:86,4,0,0
BRDA:86,4,1,0
BRDA:88,5,0,0
BRDA:88,5,1,0
BRF:10
BRH:3
end_of_record
TN:
SF:/Users/runner/work/1/s/out/src/connectionconfig/iconnectionconfig.js
FNF:0
FNH:0
DA:6,0
LF:1
LH:0
BRF:0
BRH:0
end_of_record
TN:
SF:/Users/runner/work/1/s/out/src/credentialstore/icredentialstore.js
FNF:0
FNH:0
DA:6,0
LF:1
LH:0
BRF:0
BRH:0
end_of_record
TN:
SF:/Users/runner/work/1/s/out/src/models/contracts/objectExplorer/nodeInfo.js
FNF:0
FNH:0
DA:6,0
DA:7,0
DA:16,0
LF:3
LH:0
BRF:0
BRH:0
end_of_record
TN:
SF:/Users/runner/work/1/s/out/src/models/propertyUpdater.js
FN:12,(anonymous_1)
FN:18,(anonymous_2)
FN:21,(anonymous_3)
FN:24,(anonymous_4)
FN:30,(anonymous_5)
FN:33,(anonymous_6)
FNF:6
FNH:0
FNDA:0,(anonymous_1)
FNDA:0,(anonymous_2)
FNDA:0,(anonymous_3)
FNDA:0,(anonymous_4)
FNDA:0,(anonymous_5)
FNDA:0,(anonymous_6)
DA:6,0
DA:7,0
DA:13,0
DA:14,0
DA:15,0
DA:16,0
DA:19,0
DA:22,0
DA:25,0
DA:26,0
DA:28,0
DA:31,0
DA:34,0
DA:37,0
LF:14
LH:0
BRDA:25,1,0,0
BRDA:25,1,1,0
BRF:2
BRH:0
end_of_record
